2025-08-01 03:35:47,291 - WARNING - استخدام الوضع غير المسجل - قد تكون البيانات محدودة
2025-08-01 03:35:53,121 - INFO - ✅ تم الاتصال بقاعدة البيانات MongoDB بنجاح
2025-08-01 03:35:53,121 - INFO - 🚀 بدء جمع البيانات لـ 10 رمز
2025-08-01 03:35:53,122 - INFO - ⏰ الفترة الزمنية: 15
2025-08-01 03:35:53,122 - INFO - 📊 عدد الشموع: 1000
2025-08-01 03:35:53,124 - INFO - 🔄 معالجة الرمز: TADAWUL:TASI
2025-08-01 03:35:53,124 - INFO - 🔄 معالجة الرمز: NASDAQ:AAPL
2025-08-01 03:35:53,125 - INFO - 🔄 معالجة الرمز: NASDAQ:MSFT
2025-08-01 03:35:57,941 - INFO - ✅ NASDAQ:MSFT: 1000 سجل جديد، 0 سجل محدث
2025-08-01 03:35:57,965 - INFO - 📊 تم حفظ بيانات جديدة لـ NASDAQ:MSFT: 1000 صف
2025-08-01 03:35:57,966 - INFO - ✅ NASDAQ:MSFT: 1000 صف - MongoDB ✅ CSV ✅
2025-08-01 03:35:57,966 - INFO - 🔄 معالجة الرمز: NASDAQ:GOOGL
2025-08-01 03:36:00,079 - INFO - ✅ NASDAQ:AAPL: 1000 سجل جديد، 0 سجل محدث
2025-08-01 03:36:00,088 - INFO - 📊 تم حفظ بيانات جديدة لـ NASDAQ:AAPL: 1000 صف
2025-08-01 03:36:00,089 - INFO - ✅ NASDAQ:AAPL: 1000 صف - MongoDB ✅ CSV ✅
2025-08-01 03:36:00,089 - INFO - 🔄 معالجة الرمز: NASDAQ:TSLA
2025-08-01 03:36:01,044 - INFO - ✅ NASDAQ:GOOGL: 1000 سجل جديد، 0 سجل محدث
2025-08-01 03:36:01,062 - INFO - 📊 تم حفظ بيانات جديدة لـ NASDAQ:GOOGL: 1000 صف
2025-08-01 03:36:01,062 - INFO - ✅ NASDAQ:GOOGL: 1000 صف - MongoDB ✅ CSV ✅
2025-08-01 03:36:01,063 - INFO - 🔄 معالجة الرمز: NYSE:BA
2025-08-01 03:36:03,075 - INFO - ✅ NASDAQ:TSLA: 1000 سجل جديد، 0 سجل محدث
2025-08-01 03:36:03,086 - INFO - 📊 تم حفظ بيانات جديدة لـ NASDAQ:TSLA: 1000 صف
2025-08-01 03:36:03,086 - INFO - ✅ NASDAQ:TSLA: 1000 صف - MongoDB ✅ CSV ✅
2025-08-01 03:36:03,087 - INFO - 🔄 معالجة الرمز: NYSE:JPM
2025-08-01 03:36:03,944 - ERROR - Connection to remote host was lost.
2025-08-01 03:36:03,944 - ERROR - لا توجد بيانات، يرجى التحقق من البورصة والرمز
2025-08-01 03:36:03,945 - WARNING - ⚠️ لم يتم جلب بيانات للرمز NYSE:JPM
2025-08-01 03:36:03,954 - INFO - 🔄 معالجة الرمز: NASDAQ:NVDA
2025-08-01 03:36:04,928 - INFO - ✅ NYSE:BA: 1000 سجل جديد، 0 سجل محدث
2025-08-01 03:36:04,950 - INFO - 📊 تم حفظ بيانات جديدة لـ NYSE:BA: 1000 صف
2025-08-01 03:36:04,950 - INFO - ✅ NYSE:BA: 1000 صف - MongoDB ✅ CSV ✅
2025-08-01 03:36:04,950 - INFO - 🔄 معالجة الرمز: BINANCE:BTCUSDT
2025-08-01 03:36:06,969 - INFO - ✅ NASDAQ:NVDA: 1000 سجل جديد، 0 سجل محدث
2025-08-01 03:36:07,086 - INFO - 📊 تم حفظ بيانات جديدة لـ NASDAQ:NVDA: 1000 صف
2025-08-01 03:36:07,086 - INFO - ✅ NASDAQ:NVDA: 1000 صف - MongoDB ✅ CSV ✅
2025-08-01 03:36:07,087 - INFO - 🔄 معالجة الرمز: BINANCE:ETHUSDT
2025-08-01 03:36:09,289 - INFO - ✅ BINANCE:BTCUSDT: 1000 سجل جديد، 0 سجل محدث
2025-08-01 03:36:09,318 - INFO - 📊 تم حفظ بيانات جديدة لـ BINANCE:BTCUSDT: 1000 صف
2025-08-01 03:36:09,318 - INFO - ✅ BINANCE:BTCUSDT: 1000 صف - MongoDB ✅ CSV ✅
2025-08-01 03:36:10,993 - INFO - ✅ BINANCE:ETHUSDT: 1000 سجل جديد، 0 سجل محدث
2025-08-01 03:36:11,009 - INFO - 📊 تم حفظ بيانات جديدة لـ BINANCE:ETHUSDT: 1000 صف
2025-08-01 03:36:11,010 - INFO - ✅ BINANCE:ETHUSDT: 1000 صف - MongoDB ✅ CSV ✅
2025-08-01 03:36:12,985 - INFO - ✅ TADAWUL:TASI: 1000 سجل جديد، 0 سجل محدث
2025-08-01 03:36:13,005 - INFO - 📊 تم حفظ بيانات جديدة لـ TADAWUL:TASI: 1000 صف
2025-08-01 03:36:13,005 - INFO - ✅ TADAWUL:TASI: 1000 صف - MongoDB ✅ CSV ✅
2025-08-01 03:36:13,007 - INFO - 
📊 ملخص جمع البيانات:
2025-08-01 03:36:13,007 - INFO - ✅ نجح: 9/10 رمز
2025-08-01 03:36:13,007 - INFO - 💾 إجمالي الصفوف: 9000
2025-08-01 03:36:13,008 - INFO - 🗄️ تم الحفظ في MongoDB: TradingViewData
2025-08-01 03:36:13,008 - INFO - 
🎉 اكتمل جمع البيانات!
2025-08-01 03:36:13,008 - INFO - ✅ تم معالجة 9 رمز بنجاح
2025-08-01 03:36:13,009 - INFO -   📈 TADAWUL:TASI: 1000 صف
2025-08-01 03:36:13,009 - INFO -   📈 NASDAQ:AAPL: 1000 صف
2025-08-01 03:36:13,009 - INFO -   📈 NASDAQ:MSFT: 1000 صف
2025-08-01 03:36:13,009 - INFO -   📈 NASDAQ:GOOGL: 1000 صف
2025-08-01 03:36:13,010 - INFO -   📈 NASDAQ:TSLA: 1000 صف
2025-08-01 03:36:13,010 - INFO -   📈 NYSE:BA: 1000 صف
2025-08-01 03:36:13,010 - INFO -   📈 NASDAQ:NVDA: 1000 صف
2025-08-01 03:36:13,010 - INFO -   📈 BINANCE:BTCUSDT: 1000 صف
2025-08-01 03:36:13,011 - INFO -   📈 BINANCE:ETHUSDT: 1000 صف
2025-08-01 03:36:13,316 - INFO - تم إغلاق الاتصال مع MongoDB
2025-08-01 03:36:13,317 - INFO - تم إنهاء البرنامج
2025-08-01 13:06:46,559 - WARNING - استخدام الوضع غير المسجل - قد تكون البيانات محدودة
2025-08-01 13:06:53,893 - INFO - ✅ تم الاتصال بقاعدة البيانات MongoDB بنجاح
2025-08-01 13:06:53,894 - INFO - 🚀 بدء جمع البيانات لـ 0 رمز
2025-08-01 13:06:53,895 - INFO - ⏰ الفترة الزمنية: 15
2025-08-01 13:06:53,896 - INFO - 📊 عدد الشموع: 1000
2025-08-01 13:06:54,110 - INFO - 
📊 ملخص جمع البيانات:
2025-08-01 13:06:54,112 - INFO - ✅ نجح: 0/0 رمز
2025-08-01 13:06:54,113 - INFO - 💾 إجمالي الصفوف: 0
2025-08-01 13:06:54,114 - INFO - 🗄️ تم الحفظ في MongoDB: TradingViewData
2025-08-01 13:06:54,115 - INFO - 
🎉 اكتمل جمع البيانات!
2025-08-01 13:06:54,116 - INFO - ✅ تم معالجة 0 رمز بنجاح
2025-08-01 13:06:54,380 - INFO - تم إغلاق الاتصال مع MongoDB
2025-08-01 13:06:54,382 - INFO - تم إنهاء البرنامج
2025-08-01 13:07:58,763 - INFO - 🥇 بدء إضافة رموز الذهب: ['TVC:GOLD', 'OANDA:XAUUSD', 'FOREXCOM:XAUUSD', 'COMEX:GC1!']
2025-08-01 13:07:58,764 - WARNING - استخدام الوضع غير المسجل - قد تكون البيانات محدودة
2025-08-01 13:08:05,554 - INFO - ✅ تم الاتصال بقاعدة البيانات MongoDB بنجاح
2025-08-01 13:08:05,555 - INFO - ⏰ الفترة الزمنية: 15 دقيقة
2025-08-01 13:08:05,556 - INFO - 📊 عدد الشموع: 1000
2025-08-01 13:08:05,560 - INFO - 🔄 معالجة الرمز: TVC:GOLD
2025-08-01 13:08:05,567 - INFO - 🔄 معالجة الرمز: OANDA:XAUUSD
2025-08-01 13:08:05,570 - INFO - 🔄 معالجة الرمز: FOREXCOM:XAUUSD
2025-08-01 13:08:07,242 - ERROR - Connection to remote host was lost.
2025-08-01 13:08:07,246 - ERROR - لا توجد بيانات، يرجى التحقق من البورصة والرمز
2025-08-01 13:08:07,247 - WARNING - ⚠️ لم يتم جلب بيانات للرمز TVC:GOLD
2025-08-01 13:08:07,249 - INFO - 🔄 معالجة الرمز: COMEX:GC1!
2025-08-01 13:08:07,669 - ERROR - Connection to remote host was lost.
2025-08-01 13:08:07,672 - ERROR - لا توجد بيانات، يرجى التحقق من البورصة والرمز
2025-08-01 13:08:07,673 - WARNING - ⚠️ لم يتم جلب بيانات للرمز OANDA:XAUUSD
2025-08-01 13:08:14,438 - INFO - ✅ FOREXCOM:XAUUSD: 1000 سجل جديد، 0 سجل محدث
2025-08-01 13:08:14,537 - INFO - 📊 تم حفظ بيانات جديدة لـ FOREXCOM:XAUUSD: 1000 صف
2025-08-01 13:08:14,549 - INFO - ✅ FOREXCOM:XAUUSD: 1000 صف - MongoDB ✅ CSV ✅
2025-08-01 13:08:16,401 - INFO - ✅ COMEX:GC1!: 1000 سجل جديد، 0 سجل محدث
2025-08-01 13:08:16,447 - INFO - 📊 تم حفظ بيانات جديدة لـ COMEX:GC1!: 1000 صف
2025-08-01 13:08:16,462 - INFO - ✅ COMEX:GC1!: 1000 صف - MongoDB ✅ CSV ✅
2025-08-01 13:08:16,468 - INFO - 
📊 ملخص جمع البيانات:
2025-08-01 13:08:16,470 - INFO - ✅ نجح: 2/4 رمز
2025-08-01 13:08:16,472 - INFO - 💾 إجمالي الصفوف: 2000
2025-08-01 13:08:16,475 - INFO - 🗄️ تم الحفظ في MongoDB: TradingViewData
2025-08-01 13:08:16,480 - INFO - 
🎉 تم إتمام إضافة رموز الذهب!
2025-08-01 13:08:16,482 - INFO - ✅ تم معالجة 2 رمز بنجاح
2025-08-01 13:08:16,487 - INFO -   🥇 FOREXCOM:XAUUSD: 1000 سجل
2025-08-01 13:08:16,489 - INFO -   🥇 COMEX:GC1!: 1000 سجل
2025-08-01 13:08:17,519 - INFO - تم إغلاق الاتصال مع MongoDB
2025-08-01 13:08:17,521 - INFO - ✅ تم إتمام العملية بنجاح
2025-08-01 13:10:23,761 - INFO - 🔍 اختبار 12 صيغة مختلفة لرموز الذهب
2025-08-01 13:10:23,762 - WARNING - استخدام الوضع غير المسجل - قد تكون البيانات محدودة
2025-08-01 13:10:30,371 - INFO - ✅ تم الاتصال بقاعدة البيانات MongoDB بنجاح
2025-08-01 13:10:30,373 - INFO - 🔍 اختبار الرمز: TVC:GOLD
2025-08-01 13:10:32,204 - INFO - ✅ نجح الرمز: TVC:GOLD - 10 سجل
2025-08-01 13:10:32,206 - INFO - 🔍 اختبار الرمز: GOLD
2025-08-01 13:10:39,009 - ERROR - Connection timed out
2025-08-01 13:10:39,012 - ERROR - لا توجد بيانات، يرجى التحقق من البورصة والرمز
2025-08-01 13:10:39,015 - WARNING - ⚠️ لا توجد بيانات للرمز: GOLD
2025-08-01 13:10:39,016 - INFO - 🔍 اختبار الرمز: TVC:XAU
2025-08-01 13:10:40,586 - INFO - ✅ نجح الرمز: TVC:XAU - 10 سجل
2025-08-01 13:10:40,587 - INFO - 🔍 اختبار الرمز: OANDA:XAUUSD
2025-08-01 13:10:41,882 - INFO - ✅ نجح الرمز: OANDA:XAUUSD - 10 سجل
2025-08-01 13:10:41,883 - INFO - 🔍 اختبار الرمز: XAUUSD
2025-08-01 13:10:48,147 - ERROR - Connection timed out
2025-08-01 13:10:48,148 - ERROR - لا توجد بيانات، يرجى التحقق من البورصة والرمز
2025-08-01 13:10:48,149 - WARNING - ⚠️ لا توجد بيانات للرمز: XAUUSD
2025-08-01 13:10:48,150 - INFO - 🔍 اختبار الرمز: OANDA:GOLDEUR
2025-08-01 13:10:54,449 - ERROR - Connection timed out
2025-08-01 13:10:54,450 - ERROR - لا توجد بيانات، يرجى التحقق من البورصة والرمز
2025-08-01 13:10:54,451 - WARNING - ⚠️ لا توجد بيانات للرمز: OANDA:GOLDEUR
2025-08-01 13:10:54,452 - INFO - 🔍 اختبار الرمز: OANDA:GOLDGBP
2025-08-01 13:10:55,795 - ERROR - Connection to remote host was lost.
2025-08-01 13:10:55,797 - ERROR - لا توجد بيانات، يرجى التحقق من البورصة والرمز
2025-08-01 13:10:55,798 - WARNING - ⚠️ لا توجد بيانات للرمز: OANDA:GOLDGBP
2025-08-01 13:10:55,799 - INFO - 🔍 اختبار الرمز: OANDA:GOLDCHF
2025-08-01 13:10:57,129 - ERROR - Connection to remote host was lost.
2025-08-01 13:10:57,132 - ERROR - لا توجد بيانات، يرجى التحقق من البورصة والرمز
2025-08-01 13:10:57,134 - WARNING - ⚠️ لا توجد بيانات للرمز: OANDA:GOLDCHF
2025-08-01 13:10:57,135 - INFO - 🔍 اختبار الرمز: FX:XAUUSD
2025-08-01 13:10:58,544 - ERROR - Connection to remote host was lost.
2025-08-01 13:10:58,546 - ERROR - لا توجد بيانات، يرجى التحقق من البورصة والرمز
2025-08-01 13:10:58,547 - WARNING - ⚠️ لا توجد بيانات للرمز: FX:XAUUSD
2025-08-01 13:10:58,548 - INFO - 🔍 اختبار الرمز: PEPPERSTONE:XAUUSD
2025-08-01 13:10:59,685 - INFO - ✅ نجح الرمز: PEPPERSTONE:XAUUSD - 10 سجل
2025-08-01 13:10:59,687 - INFO - 🔍 اختبار الرمز: IC:XAUUSD
2025-08-01 13:11:05,746 - ERROR - Connection timed out
2025-08-01 13:11:05,747 - ERROR - لا توجد بيانات، يرجى التحقق من البورصة والرمز
2025-08-01 13:11:05,748 - WARNING - ⚠️ لا توجد بيانات للرمز: IC:XAUUSD
2025-08-01 13:11:05,749 - INFO - 🔍 اختبار الرمز: SAXO:XAUUSD
2025-08-01 13:11:07,009 - INFO - ✅ نجح الرمز: SAXO:XAUUSD - 10 سجل
2025-08-01 13:11:07,010 - INFO - 🎯 إضافة الرموز الناجحة: ['TVC:GOLD', 'TVC:XAU', 'OANDA:XAUUSD', 'PEPPERSTONE:XAUUSD', 'SAXO:XAUUSD']
2025-08-01 13:11:07,014 - INFO - 🔄 معالجة الرمز: TVC:GOLD
2025-08-01 13:11:07,016 - INFO - 🔄 معالجة الرمز: TVC:XAU
2025-08-01 13:11:07,025 - INFO - 🔄 معالجة الرمز: OANDA:XAUUSD
2025-08-01 13:11:12,736 - INFO - ✅ OANDA:XAUUSD: 1000 سجل جديد، 0 سجل محدث
2025-08-01 13:11:12,860 - INFO - 📊 تم حفظ بيانات جديدة لـ OANDA:XAUUSD: 1000 صف
2025-08-01 13:11:12,888 - INFO - ✅ OANDA:XAUUSD: 1000 صف - MongoDB ✅ CSV ✅
2025-08-01 13:11:12,915 - INFO - 🔄 معالجة الرمز: PEPPERSTONE:XAUUSD
2025-08-01 13:11:15,741 - INFO - ✅ TVC:GOLD: 1000 سجل جديد، 0 سجل محدث
2025-08-01 13:11:15,783 - INFO - 📊 تم حفظ بيانات جديدة لـ TVC:GOLD: 1000 صف
2025-08-01 13:11:15,790 - INFO - ✅ TVC:GOLD: 1000 صف - MongoDB ✅ CSV ✅
2025-08-01 13:11:15,792 - INFO - 🔄 معالجة الرمز: SAXO:XAUUSD
2025-08-01 13:11:17,693 - INFO - ✅ PEPPERSTONE:XAUUSD: 1000 سجل جديد، 0 سجل محدث
2025-08-01 13:11:17,970 - INFO - 📊 تم حفظ بيانات جديدة لـ PEPPERSTONE:XAUUSD: 1000 صف
2025-08-01 13:11:17,987 - INFO - ✅ PEPPERSTONE:XAUUSD: 1000 صف - MongoDB ✅ CSV ✅
2025-08-01 13:11:19,591 - INFO - ✅ SAXO:XAUUSD: 1000 سجل جديد، 0 سجل محدث
2025-08-01 13:11:19,673 - INFO - 📊 تم حفظ بيانات جديدة لـ SAXO:XAUUSD: 1000 صف
2025-08-01 13:11:19,678 - INFO - ✅ SAXO:XAUUSD: 1000 صف - MongoDB ✅ CSV ✅
2025-08-01 13:11:21,810 - INFO - ✅ TVC:XAU: 1000 سجل جديد، 0 سجل محدث
2025-08-01 13:11:21,943 - INFO - 📊 تم حفظ بيانات جديدة لـ TVC:XAU: 1000 صف
2025-08-01 13:11:21,944 - INFO - ✅ TVC:XAU: 1000 صف - MongoDB ✅ CSV ✅
2025-08-01 13:11:21,959 - INFO - 
📊 ملخص جمع البيانات:
2025-08-01 13:11:21,961 - INFO - ✅ نجح: 5/5 رمز
2025-08-01 13:11:21,968 - INFO - 💾 إجمالي الصفوف: 5000
2025-08-01 13:11:21,971 - INFO - 🗄️ تم الحفظ في MongoDB: TradingViewData
2025-08-01 13:11:21,973 - INFO - ✅ تم إضافة 5 رمز ذهب جديد
2025-08-01 13:11:21,975 - INFO -   🥇 TVC:GOLD: 1000 سجل
2025-08-01 13:11:21,978 - INFO -   🥇 TVC:XAU: 1000 سجل
2025-08-01 13:11:21,989 - INFO -   🥇 OANDA:XAUUSD: 1000 سجل
2025-08-01 13:11:22,000 - INFO -   🥇 PEPPERSTONE:XAUUSD: 1000 سجل
2025-08-01 13:11:22,003 - INFO -   🥇 SAXO:XAUUSD: 1000 سجل
2025-08-01 13:11:22,558 - INFO - تم إغلاق الاتصال مع MongoDB
2025-08-01 13:11:22,559 - INFO - ✅ تم إتمام البحث
