2025-08-01 04:10:23,295 - WARNING - استخدام الوضع غير المسجل - قد تكون البيانات محدودة
2025-08-01 04:10:29,074 - INFO - ✅ تم الاتصال بقاعدة البيانات MongoDB بنجاح
2025-08-01 04:10:29,074 - INFO - 🚀 بدء جمع البيانات لـ 6 رمز
2025-08-01 04:10:29,075 - INFO - ⏰ الفترة الزمنية: 15m
2025-08-01 04:10:29,075 - INFO - 📊 عدد الشموع: 1000
2025-08-01 04:10:29,076 - INFO - 🔄 معالجة الرمز: TADAWUL:TASI
2025-08-01 04:10:29,077 - INFO - 🔄 معالجة الرمز: NASDAQ:AAPL
2025-08-01 04:10:29,078 - INFO - 🔄 معالجة الرمز: NASDAQ:MSFT
2025-08-01 04:10:34,587 - INFO - ✅ TADAWUL:TASI: 0 سجل جديد، 1000 سجل محدث
2025-08-01 04:10:34,608 - INFO - 📊 تم حفظ بيانات جديدة لـ TADAWUL:TASI: 1000 صف
2025-08-01 04:10:34,608 - INFO - ✅ TADAWUL:TASI: 1000 صف - MongoDB ✅ CSV ✅
2025-08-01 04:10:34,608 - INFO - 🔄 معالجة الرمز: NASDAQ:TSLA
2025-08-01 04:10:35,477 - ERROR - Connection to remote host was lost.
2025-08-01 04:10:35,478 - ERROR - لا توجد بيانات، يرجى التحقق من البورصة والرمز
2025-08-01 04:10:35,478 - WARNING - ⚠️ لم يتم جلب بيانات للرمز NASDAQ:TSLA
2025-08-01 04:10:35,478 - INFO - 🔄 معالجة الرمز: BINANCE:BTCUSDT
2025-08-01 04:10:37,323 - INFO - ✅ NASDAQ:AAPL: 0 سجل جديد، 1000 سجل محدث
2025-08-01 04:10:37,339 - INFO - 📊 تم حفظ بيانات جديدة لـ NASDAQ:AAPL: 1000 صف
2025-08-01 04:10:37,339 - INFO - ✅ NASDAQ:AAPL: 1000 صف - MongoDB ✅ CSV ✅
2025-08-01 04:10:37,339 - INFO - 🔄 معالجة الرمز: BINANCE:ETHUSDT
2025-08-01 04:10:38,414 - INFO - ✅ BINANCE:BTCUSDT: 2 سجل جديد، 998 سجل محدث
2025-08-01 04:10:38,438 - INFO - 📊 تم حفظ بيانات جديدة لـ BINANCE:BTCUSDT: 1000 صف
2025-08-01 04:10:38,439 - INFO - ✅ BINANCE:BTCUSDT: 1000 صف - MongoDB ✅ CSV ✅
2025-08-01 04:10:40,195 - INFO - ✅ BINANCE:ETHUSDT: 2 سجل جديد، 998 سجل محدث
2025-08-01 04:10:40,234 - INFO - 📊 تم حفظ بيانات جديدة لـ BINANCE:ETHUSDT: 1000 صف
2025-08-01 04:10:40,235 - INFO - ✅ BINANCE:ETHUSDT: 1000 صف - MongoDB ✅ CSV ✅
2025-08-01 04:10:43,255 - INFO - ✅ NASDAQ:MSFT: 0 سجل جديد، 1000 سجل محدث
2025-08-01 04:10:43,285 - INFO - 📊 تم حفظ بيانات جديدة لـ NASDAQ:MSFT: 1000 صف
2025-08-01 04:10:43,286 - INFO - ✅ NASDAQ:MSFT: 1000 صف - MongoDB ✅ CSV ✅
2025-08-01 04:10:43,289 - INFO - 
📊 ملخص جمع البيانات:
2025-08-01 04:10:43,289 - INFO - ✅ نجح: 5/6 رمز
2025-08-01 04:10:43,289 - INFO - 💾 إجمالي الصفوف: 5000
2025-08-01 04:10:43,290 - INFO - 🗄️ تم الحفظ في MongoDB: TradingViewData
2025-08-01 04:10:43,290 - INFO - 
🎉 اكتمل جمع البيانات!
2025-08-01 04:10:43,290 - INFO - ✅ تم معالجة 5 رمز بنجاح
2025-08-01 04:10:43,291 - INFO -   📈 TADAWUL:TASI: 1000 صف
2025-08-01 04:10:43,291 - INFO -   📈 NASDAQ:AAPL: 1000 صف
2025-08-01 04:10:43,291 - INFO -   📈 NASDAQ:MSFT: 1000 صف
2025-08-01 04:10:43,292 - INFO -   📈 BINANCE:BTCUSDT: 1000 صف
2025-08-01 04:10:43,292 - INFO -   📈 BINANCE:ETHUSDT: 1000 صف
2025-08-01 04:10:45,505 - INFO - تم إغلاق الاتصال مع MongoDB
2025-08-01 04:10:45,505 - INFO - تم إنهاء البرنامج
2025-08-01 04:18:07,478 - WARNING - استخدام الوضع غير المسجل - قد تكون البيانات محدودة
2025-08-01 04:18:13,204 - INFO - ✅ تم الاتصال بقاعدة البيانات MongoDB بنجاح
2025-08-01 04:18:13,204 - INFO - 🚀 بدء جمع البيانات لـ 6 رمز
2025-08-01 04:18:13,204 - INFO - ⏰ الفترة الزمنية: 15m
2025-08-01 04:18:13,204 - INFO - 📊 عدد الشموع: 1000
2025-08-01 04:18:13,205 - INFO - 🔄 معالجة الرمز: TADAWUL:TASI
2025-08-01 04:18:13,206 - INFO - 🔄 معالجة الرمز: NASDAQ:AAPL
2025-08-01 04:18:13,206 - INFO - 🔄 معالجة الرمز: NASDAQ:MSFT
2025-08-01 04:18:17,032 - INFO - ✅ NASDAQ:AAPL: 0 سجل جديد، 1000 سجل محدث
2025-08-01 04:18:17,099 - INFO - 📊 تم تحديث بيانات NASDAQ:AAPL: 1000 صف
2025-08-01 04:18:17,099 - INFO - ✅ NASDAQ:AAPL: 1000 صف - MongoDB ✅ CSV ✅
2025-08-01 04:18:17,099 - INFO - 🔄 معالجة الرمز: NASDAQ:TSLA
2025-08-01 04:18:21,126 - INFO - ✅ TADAWUL:TASI: 0 سجل جديد، 1000 سجل محدث
2025-08-01 04:18:21,173 - INFO - 📊 تم تحديث بيانات TADAWUL:TASI: 1000 صف
2025-08-01 04:18:21,174 - INFO - ✅ TADAWUL:TASI: 1000 صف - MongoDB ✅ CSV ✅
2025-08-01 04:18:21,174 - INFO - 🔄 معالجة الرمز: BINANCE:BTCUSDT
2025-08-01 04:18:21,977 - INFO - ✅ NASDAQ:MSFT: 0 سجل جديد، 1000 سجل محدث
2025-08-01 04:18:22,020 - INFO - 📊 تم تحديث بيانات NASDAQ:MSFT: 1000 صف
2025-08-01 04:18:22,021 - INFO - ✅ NASDAQ:MSFT: 1000 صف - MongoDB ✅ CSV ✅
2025-08-01 04:18:22,021 - INFO - 🔄 معالجة الرمز: BINANCE:ETHUSDT
2025-08-01 04:18:22,114 - ERROR - Connection to remote host was lost.
2025-08-01 04:18:22,115 - ERROR - لا توجد بيانات، يرجى التحقق من البورصة والرمز
2025-08-01 04:18:22,115 - WARNING - ⚠️ لم يتم جلب بيانات للرمز BINANCE:BTCUSDT
2025-08-01 04:18:24,021 - INFO - ✅ NASDAQ:TSLA: 0 سجل جديد، 1000 سجل محدث
2025-08-01 04:18:24,051 - INFO - 📊 تم حفظ بيانات جديدة لـ NASDAQ:TSLA: 1000 صف
2025-08-01 04:18:24,052 - INFO - ✅ NASDAQ:TSLA: 1000 صف - MongoDB ✅ CSV ✅
2025-08-01 04:18:28,089 - INFO - ✅ BINANCE:ETHUSDT: 1 سجل جديد، 999 سجل محدث
2025-08-01 04:18:28,131 - INFO - 📊 تم تحديث بيانات BINANCE:ETHUSDT: 1000 صف
2025-08-01 04:18:28,131 - INFO - ✅ BINANCE:ETHUSDT: 1000 صف - MongoDB ✅ CSV ✅
2025-08-01 04:18:28,132 - INFO - 
📊 ملخص جمع البيانات:
2025-08-01 04:18:28,132 - INFO - ✅ نجح: 5/6 رمز
2025-08-01 04:18:28,133 - INFO - 💾 إجمالي الصفوف: 5000
2025-08-01 04:18:28,133 - INFO - 🗄️ تم الحفظ في MongoDB: TradingViewData
2025-08-01 04:18:28,133 - INFO - 
🎉 اكتمل جمع البيانات!
2025-08-01 04:18:28,133 - INFO - ✅ تم معالجة 5 رمز بنجاح
2025-08-01 04:18:28,133 - INFO -   📈 TADAWUL:TASI: 1000 صف
2025-08-01 04:18:28,133 - INFO -   📈 NASDAQ:AAPL: 1000 صف
2025-08-01 04:18:28,134 - INFO -   📈 NASDAQ:MSFT: 1000 صف
2025-08-01 04:18:28,134 - INFO -   📈 NASDAQ:TSLA: 1000 صف
2025-08-01 04:18:28,134 - INFO -   📈 BINANCE:ETHUSDT: 1000 صف
2025-08-01 04:18:28,440 - INFO - تم إغلاق الاتصال مع MongoDB
2025-08-01 04:18:28,441 - INFO - تم إنهاء البرنامج
2025-08-01 04:19:25,577 - WARNING - استخدام الوضع غير المسجل - قد تكون البيانات محدودة
2025-08-01 04:19:31,448 - INFO - ✅ تم الاتصال بقاعدة البيانات MongoDB بنجاح
2025-08-01 04:19:31,449 - INFO - 🚀 بدء جمع البيانات لـ 6 رمز
2025-08-01 04:19:31,449 - INFO - ⏰ الفترة الزمنية: 15m
2025-08-01 04:19:31,450 - INFO - 📊 عدد الشموع: 1000
2025-08-01 04:19:31,452 - INFO - 🔄 معالجة الرمز: TADAWUL:TASI
2025-08-01 04:19:31,454 - INFO - 🔄 معالجة الرمز: NASDAQ:AAPL
2025-08-01 04:19:31,456 - INFO - 🔄 معالجة الرمز: NASDAQ:MSFT
2025-08-01 04:19:36,094 - INFO - ✅ NASDAQ:AAPL: 0 سجل جديد، 1000 سجل محدث
2025-08-01 04:19:36,125 - INFO - 📊 تم تحديث بيانات NASDAQ:AAPL: 1000 صف
2025-08-01 04:19:36,125 - INFO - ✅ NASDAQ:AAPL: 1000 صف - MongoDB ✅ CSV ✅
2025-08-01 04:19:36,125 - INFO - 🔄 معالجة الرمز: NASDAQ:TSLA
2025-08-01 04:19:40,438 - INFO - ✅ NASDAQ:MSFT: 0 سجل جديد، 1000 سجل محدث
2025-08-01 04:19:40,474 - INFO - 📊 تم تحديث بيانات NASDAQ:MSFT: 1000 صف
2025-08-01 04:19:40,474 - INFO - ✅ NASDAQ:MSFT: 1000 صف - MongoDB ✅ CSV ✅
2025-08-01 04:19:40,474 - INFO - 🔄 معالجة الرمز: BINANCE:BTCUSDT
2025-08-01 04:19:40,588 - INFO - ✅ NASDAQ:TSLA: 0 سجل جديد، 1000 سجل محدث
2025-08-01 04:19:40,619 - INFO - 📊 تم تحديث بيانات NASDAQ:TSLA: 1000 صف
2025-08-01 04:19:40,619 - INFO - ✅ NASDAQ:TSLA: 1000 صف - MongoDB ✅ CSV ✅
2025-08-01 04:19:40,619 - INFO - 🔄 معالجة الرمز: BINANCE:ETHUSDT
2025-08-01 04:19:43,100 - INFO - ✅ BINANCE:BTCUSDT: 1 سجل جديد، 999 سجل محدث
2025-08-01 04:19:43,136 - INFO - 📊 تم تحديث بيانات BINANCE:BTCUSDT: 1000 صف
2025-08-01 04:19:43,136 - INFO - ✅ BINANCE:BTCUSDT: 1000 صف - MongoDB ✅ CSV ✅
2025-08-01 04:19:44,091 - INFO - ✅ BINANCE:ETHUSDT: 0 سجل جديد، 1000 سجل محدث
2025-08-01 04:19:44,121 - INFO - 📊 تم تحديث بيانات BINANCE:ETHUSDT: 1000 صف
2025-08-01 04:19:44,121 - INFO - ✅ BINANCE:ETHUSDT: 1000 صف - MongoDB ✅ CSV ✅
2025-08-01 04:19:47,976 - INFO - ✅ TADAWUL:TASI: 0 سجل جديد، 1000 سجل محدث
2025-08-01 04:19:48,010 - INFO - 📊 تم تحديث بيانات TADAWUL:TASI: 1000 صف
2025-08-01 04:19:48,010 - INFO - ✅ TADAWUL:TASI: 1000 صف - MongoDB ✅ CSV ✅
2025-08-01 04:19:48,012 - INFO - 
📊 ملخص جمع البيانات:
2025-08-01 04:19:48,013 - INFO - ✅ نجح: 6/6 رمز
2025-08-01 04:19:48,013 - INFO - 💾 إجمالي الصفوف: 6000
2025-08-01 04:19:48,013 - INFO - 🗄️ تم الحفظ في MongoDB: TradingViewData
2025-08-01 04:19:48,013 - INFO - 
🎉 اكتمل جمع البيانات!
2025-08-01 04:19:48,013 - INFO - ✅ تم معالجة 6 رمز بنجاح
2025-08-01 04:19:48,013 - INFO -   📈 TADAWUL:TASI: 1000 صف
2025-08-01 04:19:48,013 - INFO -   📈 NASDAQ:AAPL: 1000 صف
2025-08-01 04:19:48,013 - INFO -   📈 NASDAQ:MSFT: 1000 صف
2025-08-01 04:19:48,014 - INFO -   📈 NASDAQ:TSLA: 1000 صف
2025-08-01 04:19:48,014 - INFO -   📈 BINANCE:BTCUSDT: 1000 صف
2025-08-01 04:19:48,014 - INFO -   📈 BINANCE:ETHUSDT: 1000 صف
2025-08-01 04:19:48,344 - INFO - تم إغلاق الاتصال مع MongoDB
2025-08-01 04:19:48,344 - INFO - تم إنهاء البرنامج
2025-08-01 04:25:49,400 - WARNING - استخدام الوضع غير المسجل - قد تكون البيانات محدودة
2025-08-01 04:26:00,017 - INFO - ✅ تم الاتصال بقاعدة البيانات MongoDB بنجاح
2025-08-01 04:26:00,017 - INFO - 🚀 بدء جمع البيانات لـ 6 رمز
2025-08-01 04:26:00,017 - INFO - ⏰ الفترة الزمنية: 15m
2025-08-01 04:26:00,017 - INFO - 📊 عدد الشموع: 1000
2025-08-01 04:26:00,018 - INFO - 🔄 معالجة الرمز: TADAWUL:TASI
2025-08-01 04:26:00,019 - INFO - 🔄 معالجة الرمز: NASDAQ:AAPL
2025-08-01 04:26:00,021 - INFO - 🔄 معالجة الرمز: NASDAQ:MSFT
2025-08-01 04:26:01,589 - ERROR - Connection to remote host was lost.
2025-08-01 04:26:01,591 - ERROR - لا توجد بيانات، يرجى التحقق من البورصة والرمز
2025-08-01 04:26:01,609 - WARNING - ⚠️ لم يتم جلب بيانات للرمز NASDAQ:MSFT
2025-08-01 04:26:01,609 - INFO - 🔄 معالجة الرمز: NASDAQ:TSLA
2025-08-01 04:26:03,621 - INFO - ✅ NASDAQ:AAPL: 0 سجل جديد، 1000 سجل محدث
2025-08-01 04:26:03,669 - INFO - 📊 تم تحديث بيانات NASDAQ:AAPL: 1000 صف
2025-08-01 04:26:03,669 - INFO - ✅ NASDAQ:AAPL: 1000 صف - MongoDB ✅ CSV ✅
2025-08-01 04:26:03,671 - INFO - 🔄 معالجة الرمز: BINANCE:BTCUSDT
2025-08-01 04:26:05,639 - INFO - ✅ NASDAQ:TSLA: 0 سجل جديد، 1000 سجل محدث
2025-08-01 04:26:05,833 - INFO - 📊 تم تحديث بيانات NASDAQ:TSLA: 1000 صف
2025-08-01 04:26:05,834 - INFO - ✅ NASDAQ:TSLA: 1000 صف - MongoDB ✅ CSV ✅
2025-08-01 04:26:05,836 - INFO - 🔄 معالجة الرمز: BINANCE:ETHUSDT
2025-08-01 04:26:08,253 - INFO - ✅ BINANCE:BTCUSDT: 0 سجل جديد، 1000 سجل محدث
2025-08-01 04:26:08,314 - INFO - 📊 تم تحديث بيانات BINANCE:BTCUSDT: 1000 صف
2025-08-01 04:26:08,314 - INFO - ✅ BINANCE:BTCUSDT: 1000 صف - MongoDB ✅ CSV ✅
2025-08-01 04:26:08,334 - INFO - ✅ TADAWUL:TASI: 0 سجل جديد، 1000 سجل محدث
2025-08-01 04:26:08,373 - INFO - 📊 تم تحديث بيانات TADAWUL:TASI: 1000 صف
2025-08-01 04:26:08,374 - INFO - ✅ TADAWUL:TASI: 1000 صف - MongoDB ✅ CSV ✅
2025-08-01 04:26:13,594 - INFO - ✅ BINANCE:ETHUSDT: 0 سجل جديد، 1000 سجل محدث
2025-08-01 04:26:13,643 - INFO - 📊 تم تحديث بيانات BINANCE:ETHUSDT: 1000 صف
2025-08-01 04:26:13,643 - INFO - ✅ BINANCE:ETHUSDT: 1000 صف - MongoDB ✅ CSV ✅
2025-08-01 04:26:13,644 - INFO - 
📊 ملخص جمع البيانات:
2025-08-01 04:26:13,644 - INFO - ✅ نجح: 5/6 رمز
2025-08-01 04:26:13,645 - INFO - 💾 إجمالي الصفوف: 5000
2025-08-01 04:26:13,645 - INFO - 🗄️ تم الحفظ في MongoDB: TradingViewData
2025-08-01 04:26:13,645 - INFO - 
🎉 اكتمل جمع البيانات!
2025-08-01 04:26:13,645 - INFO - ✅ تم معالجة 5 رمز بنجاح
2025-08-01 04:26:13,645 - INFO -   📈 TADAWUL:TASI: 1000 صف
2025-08-01 04:26:13,646 - INFO -   📈 NASDAQ:AAPL: 1000 صف
2025-08-01 04:26:13,646 - INFO -   📈 NASDAQ:TSLA: 1000 صف
2025-08-01 04:26:13,646 - INFO -   📈 BINANCE:BTCUSDT: 1000 صف
2025-08-01 04:26:13,646 - INFO -   📈 BINANCE:ETHUSDT: 1000 صف
2025-08-01 04:26:14,049 - INFO - تم إغلاق الاتصال مع MongoDB
2025-08-01 04:26:14,049 - INFO - تم إنهاء البرنامج
2025-08-01 04:26:31,275 - WARNING - استخدام الوضع غير المسجل - قد تكون البيانات محدودة
2025-08-01 04:26:41,112 - INFO - ✅ تم الاتصال بقاعدة البيانات MongoDB بنجاح
2025-08-01 04:26:41,112 - INFO - 🚀 بدء جمع البيانات لـ 6 رمز
2025-08-01 04:26:41,113 - INFO - ⏰ الفترة الزمنية: 15m
2025-08-01 04:26:41,113 - INFO - 📊 عدد الشموع: 1000
2025-08-01 04:26:41,114 - INFO - 🔄 معالجة الرمز: TADAWUL:TASI
2025-08-01 04:26:41,115 - INFO - 🔄 معالجة الرمز: NASDAQ:AAPL
2025-08-01 04:26:41,116 - INFO - 🔄 معالجة الرمز: NASDAQ:MSFT
2025-08-01 04:26:46,281 - INFO - ✅ TADAWUL:TASI: 0 سجل جديد، 1000 سجل محدث
2025-08-01 04:26:46,336 - INFO - 📊 تم تحديث بيانات TADAWUL:TASI: 1000 صف
2025-08-01 04:26:46,336 - INFO - ✅ TADAWUL:TASI: 1000 صف - MongoDB ✅ CSV ✅
2025-08-01 04:26:46,337 - INFO - 🔄 معالجة الرمز: NASDAQ:TSLA
2025-08-01 04:26:48,773 - INFO - ✅ NASDAQ:MSFT: 0 سجل جديد، 1000 سجل محدث
2025-08-01 04:26:48,846 - INFO - 📊 تم تحديث بيانات NASDAQ:MSFT: 1000 صف
2025-08-01 04:26:48,862 - INFO - ✅ NASDAQ:MSFT: 1000 صف - MongoDB ✅ CSV ✅
2025-08-01 04:26:48,878 - INFO - 🔄 معالجة الرمز: BINANCE:BTCUSDT
2025-08-01 04:26:52,342 - INFO - ✅ NASDAQ:AAPL: 0 سجل جديد، 1000 سجل محدث
2025-08-01 04:26:52,394 - INFO - 📊 تم تحديث بيانات NASDAQ:AAPL: 1000 صف
2025-08-01 04:26:52,395 - INFO - ✅ NASDAQ:AAPL: 1000 صف - MongoDB ✅ CSV ✅
2025-08-01 04:26:52,395 - INFO - 🔄 معالجة الرمز: BINANCE:ETHUSDT
2025-08-01 04:26:52,991 - INFO - ✅ BINANCE:BTCUSDT: 0 سجل جديد، 1000 سجل محدث
2025-08-01 04:26:53,034 - INFO - 📊 تم تحديث بيانات BINANCE:BTCUSDT: 1000 صف
2025-08-01 04:26:53,034 - INFO - ✅ BINANCE:BTCUSDT: 1000 صف - MongoDB ✅ CSV ✅
2025-08-01 04:26:55,686 - INFO - ✅ BINANCE:ETHUSDT: 0 سجل جديد، 1000 سجل محدث
2025-08-01 04:26:55,734 - INFO - 📊 تم تحديث بيانات BINANCE:ETHUSDT: 1000 صف
2025-08-01 04:26:55,735 - INFO - ✅ BINANCE:ETHUSDT: 1000 صف - MongoDB ✅ CSV ✅
2025-08-01 04:26:56,909 - INFO - ✅ NASDAQ:TSLA: 0 سجل جديد، 1000 سجل محدث
2025-08-01 04:26:56,952 - INFO - 📊 تم تحديث بيانات NASDAQ:TSLA: 1000 صف
2025-08-01 04:26:56,952 - INFO - ✅ NASDAQ:TSLA: 1000 صف - MongoDB ✅ CSV ✅
2025-08-01 04:26:56,955 - INFO - 
📊 ملخص جمع البيانات:
2025-08-01 04:26:56,955 - INFO - ✅ نجح: 6/6 رمز
2025-08-01 04:26:56,955 - INFO - 💾 إجمالي الصفوف: 6000
2025-08-01 04:26:56,955 - INFO - 🗄️ تم الحفظ في MongoDB: TradingViewData
2025-08-01 04:26:56,955 - INFO - 
🎉 اكتمل جمع البيانات!
2025-08-01 04:26:56,956 - INFO - ✅ تم معالجة 6 رمز بنجاح
2025-08-01 04:26:56,956 - INFO -   📈 TADAWUL:TASI: 1000 صف
2025-08-01 04:26:56,956 - INFO -   📈 NASDAQ:AAPL: 1000 صف
2025-08-01 04:26:56,957 - INFO -   📈 NASDAQ:MSFT: 1000 صف
2025-08-01 04:26:56,958 - INFO -   📈 NASDAQ:TSLA: 1000 صف
2025-08-01 04:26:56,958 - INFO -   📈 BINANCE:BTCUSDT: 1000 صف
2025-08-01 04:26:56,958 - INFO -   📈 BINANCE:ETHUSDT: 1000 صف
2025-08-01 04:26:58,047 - INFO - تم إغلاق الاتصال مع MongoDB
2025-08-01 04:26:58,048 - INFO - تم إنهاء البرنامج
2025-08-01 04:33:41,561 - WARNING - استخدام الوضع غير المسجل - قد تكون البيانات محدودة
2025-08-01 04:33:49,727 - INFO - ✅ تم الاتصال بقاعدة البيانات MongoDB بنجاح
2025-08-01 04:33:49,727 - INFO - 🚀 بدء جمع البيانات لـ 6 رمز
2025-08-01 04:33:49,727 - INFO - ⏰ الفترة الزمنية: 15m
2025-08-01 04:33:49,727 - INFO - 📊 عدد الشموع: 1000
2025-08-01 04:33:49,728 - INFO - 🔄 معالجة الرمز: TADAWUL:TASI
2025-08-01 04:33:49,729 - INFO - 🔄 معالجة الرمز: NASDAQ:AAPL
2025-08-01 04:33:49,730 - INFO - 🔄 معالجة الرمز: NASDAQ:MSFT
2025-08-01 04:33:53,983 - INFO - ✅ NASDAQ:AAPL: 0 سجل جديد، 1000 سجل محدث
2025-08-01 04:33:54,020 - INFO - 📊 تم تحديث بيانات NASDAQ:AAPL: 1000 صف
2025-08-01 04:33:54,021 - INFO - ✅ NASDAQ:AAPL: 1000 صف - MongoDB ✅ CSV ✅
2025-08-01 04:33:54,021 - INFO - 🔄 معالجة الرمز: NASDAQ:TSLA
2025-08-01 04:33:57,522 - INFO - ✅ NASDAQ:MSFT: 0 سجل جديد، 1000 سجل محدث
2025-08-01 04:33:57,550 - INFO - 📊 تم تحديث بيانات NASDAQ:MSFT: 1000 صف
2025-08-01 04:33:57,550 - INFO - ✅ NASDAQ:MSFT: 1000 صف - MongoDB ✅ CSV ✅
2025-08-01 04:33:57,550 - INFO - 🔄 معالجة الرمز: BINANCE:BTCUSDT
2025-08-01 04:33:57,564 - INFO - ✅ TADAWUL:TASI: 0 سجل جديد، 1000 سجل محدث
2025-08-01 04:33:57,587 - INFO - 📊 تم تحديث بيانات TADAWUL:TASI: 1000 صف
2025-08-01 04:33:57,587 - INFO - ✅ TADAWUL:TASI: 1000 صف - MongoDB ✅ CSV ✅
2025-08-01 04:33:57,587 - INFO - 🔄 معالجة الرمز: BINANCE:ETHUSDT
2025-08-01 04:33:58,123 - INFO - ✅ NASDAQ:TSLA: 0 سجل جديد، 1000 سجل محدث
2025-08-01 04:33:58,159 - INFO - 📊 تم تحديث بيانات NASDAQ:TSLA: 1000 صف
2025-08-01 04:33:58,160 - INFO - ✅ NASDAQ:TSLA: 1000 صف - MongoDB ✅ CSV ✅
2025-08-01 04:34:02,195 - INFO - ✅ BINANCE:BTCUSDT: 1 سجل جديد، 999 سجل محدث
2025-08-01 04:34:02,235 - INFO - 📊 تم تحديث بيانات BINANCE:BTCUSDT: 1000 صف
2025-08-01 04:34:02,235 - INFO - ✅ BINANCE:BTCUSDT: 1000 صف - MongoDB ✅ CSV ✅
2025-08-01 04:34:04,965 - INFO - ✅ BINANCE:ETHUSDT: 1 سجل جديد، 999 سجل محدث
2025-08-01 04:34:04,999 - INFO - 📊 تم تحديث بيانات BINANCE:ETHUSDT: 1000 صف
2025-08-01 04:34:04,999 - INFO - ✅ BINANCE:ETHUSDT: 1000 صف - MongoDB ✅ CSV ✅
2025-08-01 04:34:05,000 - INFO - 
📊 ملخص جمع البيانات:
2025-08-01 04:34:05,000 - INFO - ✅ نجح: 6/6 رمز
2025-08-01 04:34:05,001 - INFO - 💾 إجمالي الصفوف: 6000
2025-08-01 04:34:05,001 - INFO - 🗄️ تم الحفظ في MongoDB: TradingViewData
2025-08-01 04:34:05,001 - INFO - 
🎉 اكتمل جمع البيانات!
2025-08-01 04:34:05,001 - INFO - ✅ تم معالجة 6 رمز بنجاح
2025-08-01 04:34:05,001 - INFO -   📈 TADAWUL:TASI: 1000 صف
2025-08-01 04:34:05,001 - INFO -   📈 NASDAQ:AAPL: 1000 صف
2025-08-01 04:34:05,002 - INFO -   📈 NASDAQ:MSFT: 1000 صف
2025-08-01 04:34:05,002 - INFO -   📈 NASDAQ:TSLA: 1000 صف
2025-08-01 04:34:05,002 - INFO -   📈 BINANCE:BTCUSDT: 1000 صف
2025-08-01 04:34:05,002 - INFO -   📈 BINANCE:ETHUSDT: 1000 صف
2025-08-01 04:34:06,471 - INFO - تم إغلاق الاتصال مع MongoDB
2025-08-01 04:34:06,471 - INFO - تم إنهاء البرنامج
2025-08-01 04:44:52,622 - WARNING - استخدام الوضع غير المسجل - قد تكون البيانات محدودة
2025-08-01 04:44:58,676 - INFO - ✅ تم الاتصال بقاعدة البيانات MongoDB بنجاح
2025-08-01 04:44:58,676 - INFO - 🚀 بدء جمع البيانات لـ 6 رمز
2025-08-01 04:44:58,676 - INFO - ⏰ الفترة الزمنية: 15m
2025-08-01 04:44:58,676 - INFO - 📊 عدد الشموع: 1000
2025-08-01 04:44:58,678 - INFO - 🔄 معالجة الرمز: TADAWUL:TASI
2025-08-01 04:44:58,678 - INFO - 🔄 معالجة الرمز: NASDAQ:AAPL
2025-08-01 04:44:58,679 - INFO - 🔄 معالجة الرمز: NASDAQ:MSFT
2025-08-01 04:45:04,075 - INFO - ✅ NASDAQ:MSFT: 0 سجل جديد، 1000 سجل محدث
2025-08-01 04:45:04,129 - INFO - 📊 تم تحديث بيانات NASDAQ:MSFT: 1000 صف
2025-08-01 04:45:04,129 - INFO - ✅ NASDAQ:MSFT: 1000 صف - MongoDB ✅ CSV ✅
2025-08-01 04:45:04,129 - INFO - 🔄 معالجة الرمز: NASDAQ:TSLA
2025-08-01 04:45:07,386 - INFO - ✅ NASDAQ:TSLA: 0 سجل جديد، 1000 سجل محدث
2025-08-01 04:45:07,386 - INFO - ✅ NASDAQ:AAPL: 0 سجل جديد، 1000 سجل محدث
2025-08-01 04:45:07,459 - INFO - 📊 تم تحديث بيانات NASDAQ:TSLA: 1000 صف
2025-08-01 04:45:07,459 - INFO - 📊 تم تحديث بيانات NASDAQ:AAPL: 1000 صف
2025-08-01 04:45:07,460 - INFO - ✅ NASDAQ:TSLA: 1000 صف - MongoDB ✅ CSV ✅
2025-08-01 04:45:07,460 - INFO - ✅ NASDAQ:AAPL: 1000 صف - MongoDB ✅ CSV ✅
2025-08-01 04:45:07,460 - INFO - 🔄 معالجة الرمز: BINANCE:BTCUSDT
2025-08-01 04:45:07,461 - INFO - 🔄 معالجة الرمز: BINANCE:ETHUSDT
2025-08-01 04:45:09,074 - INFO - ✅ TADAWUL:TASI: 0 سجل جديد، 1000 سجل محدث
2025-08-01 04:45:09,115 - INFO - 📊 تم تحديث بيانات TADAWUL:TASI: 1000 صف
2025-08-01 04:45:09,116 - INFO - ✅ TADAWUL:TASI: 1000 صف - MongoDB ✅ CSV ✅
2025-08-01 04:45:10,915 - INFO - ✅ BINANCE:ETHUSDT: 1 سجل جديد، 999 سجل محدث
2025-08-01 04:45:10,959 - INFO - 📊 تم تحديث بيانات BINANCE:ETHUSDT: 1000 صف
2025-08-01 04:45:10,959 - INFO - ✅ BINANCE:ETHUSDT: 1000 صف - MongoDB ✅ CSV ✅
2025-08-01 04:45:15,105 - INFO - ✅ BINANCE:BTCUSDT: 1 سجل جديد، 999 سجل محدث
2025-08-01 04:45:15,155 - INFO - 📊 تم تحديث بيانات BINANCE:BTCUSDT: 1000 صف
2025-08-01 04:45:15,155 - INFO - ✅ BINANCE:BTCUSDT: 1000 صف - MongoDB ✅ CSV ✅
2025-08-01 04:45:15,156 - INFO - 
📊 ملخص جمع البيانات:
2025-08-01 04:45:15,157 - INFO - ✅ نجح: 6/6 رمز
2025-08-01 04:45:15,157 - INFO - 💾 إجمالي الصفوف: 6000
2025-08-01 04:45:15,157 - INFO - 🗄️ تم الحفظ في MongoDB: TradingViewData
2025-08-01 04:45:15,158 - INFO - 
🎉 اكتمل جمع البيانات!
2025-08-01 04:45:15,158 - INFO - ✅ تم معالجة 6 رمز بنجاح
2025-08-01 04:45:15,158 - INFO -   📈 TADAWUL:TASI: 1000 صف
2025-08-01 04:45:15,158 - INFO -   📈 NASDAQ:AAPL: 1000 صف
2025-08-01 04:45:15,158 - INFO -   📈 NASDAQ:MSFT: 1000 صف
2025-08-01 04:45:15,158 - INFO -   📈 NASDAQ:TSLA: 1000 صف
2025-08-01 04:45:15,158 - INFO -   📈 BINANCE:BTCUSDT: 1000 صف
2025-08-01 04:45:15,158 - INFO -   📈 BINANCE:ETHUSDT: 1000 صف
2025-08-01 04:45:16,536 - INFO - تم إغلاق الاتصال مع MongoDB
2025-08-01 04:45:16,536 - INFO - تم إنهاء البرنامج
2025-08-01 05:07:42,121 - WARNING - استخدام الوضع غير المسجل - قد تكون البيانات محدودة
2025-08-01 05:07:48,257 - INFO - ✅ تم الاتصال بقاعدة البيانات MongoDB بنجاح
2025-08-01 05:07:48,259 - INFO - 🚀 بدء جمع البيانات لـ 6 رمز
2025-08-01 05:07:48,260 - INFO - ⏰ الفترة الزمنية: 15m
2025-08-01 05:07:48,260 - INFO - 📊 عدد الشموع: 1000
2025-08-01 05:07:48,264 - INFO - 🔄 معالجة الرمز: TADAWUL:TASI
2025-08-01 05:07:48,266 - INFO - 🔄 معالجة الرمز: NASDAQ:AAPL
2025-08-01 05:07:48,267 - INFO - 🔄 معالجة الرمز: NASDAQ:MSFT
2025-08-01 05:07:53,942 - INFO - ✅ TADAWUL:TASI: 0 سجل جديد، 1000 سجل محدث
2025-08-01 05:07:53,993 - INFO - 📊 تم تحديث بيانات TADAWUL:TASI: 1000 صف
2025-08-01 05:07:53,993 - INFO - ✅ TADAWUL:TASI: 1000 صف - MongoDB ✅ CSV ✅
2025-08-01 05:07:53,994 - INFO - 🔄 معالجة الرمز: NASDAQ:TSLA
2025-08-01 05:07:56,873 - INFO - ✅ NASDAQ:MSFT: 0 سجل جديد، 1000 سجل محدث
2025-08-01 05:07:56,917 - INFO - 📊 تم تحديث بيانات NASDAQ:MSFT: 1000 صف
2025-08-01 05:07:56,917 - INFO - ✅ NASDAQ:MSFT: 1000 صف - MongoDB ✅ CSV ✅
2025-08-01 05:07:56,917 - INFO - 🔄 معالجة الرمز: BINANCE:BTCUSDT
2025-08-01 05:07:57,896 - INFO - ✅ NASDAQ:TSLA: 0 سجل جديد، 1000 سجل محدث
2025-08-01 05:07:57,947 - INFO - 📊 تم تحديث بيانات NASDAQ:TSLA: 1000 صف
2025-08-01 05:07:57,947 - INFO - ✅ NASDAQ:TSLA: 1000 صف - MongoDB ✅ CSV ✅
2025-08-01 05:07:57,947 - INFO - 🔄 معالجة الرمز: BINANCE:ETHUSDT
2025-08-01 05:08:00,040 - INFO - ✅ BINANCE:BTCUSDT: 1 سجل جديد، 999 سجل محدث
2025-08-01 05:08:00,100 - INFO - 📊 تم تحديث بيانات BINANCE:BTCUSDT: 1000 صف
2025-08-01 05:08:00,100 - INFO - ✅ BINANCE:BTCUSDT: 1000 صف - MongoDB ✅ CSV ✅
2025-08-01 05:08:03,507 - INFO - ✅ NASDAQ:AAPL: 0 سجل جديد، 1000 سجل محدث
2025-08-01 05:08:03,549 - INFO - 📊 تم تحديث بيانات NASDAQ:AAPL: 1000 صف
2025-08-01 05:08:03,549 - INFO - ✅ NASDAQ:AAPL: 1000 صف - MongoDB ✅ CSV ✅
2025-08-01 05:08:06,007 - INFO - ✅ BINANCE:ETHUSDT: 1 سجل جديد، 999 سجل محدث
2025-08-01 05:08:06,059 - INFO - 📊 تم تحديث بيانات BINANCE:ETHUSDT: 1000 صف
2025-08-01 05:08:06,059 - INFO - ✅ BINANCE:ETHUSDT: 1000 صف - MongoDB ✅ CSV ✅
2025-08-01 05:08:06,062 - INFO - 
📊 ملخص جمع البيانات:
2025-08-01 05:08:06,062 - INFO - ✅ نجح: 6/6 رمز
2025-08-01 05:08:06,062 - INFO - 💾 إجمالي الصفوف: 6000
2025-08-01 05:08:06,063 - INFO - 🗄️ تم الحفظ في MongoDB: TradingViewData
2025-08-01 05:08:06,063 - INFO - 
🎉 اكتمل جمع البيانات!
2025-08-01 05:08:06,063 - INFO - ✅ تم معالجة 6 رمز بنجاح
2025-08-01 05:08:06,063 - INFO -   📈 TADAWUL:TASI: 1000 صف
2025-08-01 05:08:06,063 - INFO -   📈 NASDAQ:AAPL: 1000 صف
2025-08-01 05:08:06,063 - INFO -   📈 NASDAQ:MSFT: 1000 صف
2025-08-01 05:08:06,064 - INFO -   📈 NASDAQ:TSLA: 1000 صف
2025-08-01 05:08:06,064 - INFO -   📈 BINANCE:BTCUSDT: 1000 صف
2025-08-01 05:08:06,064 - INFO -   📈 BINANCE:ETHUSDT: 1000 صف
2025-08-01 05:08:07,407 - INFO - تم إغلاق الاتصال مع MongoDB
2025-08-01 05:08:07,408 - INFO - تم إنهاء البرنامج
2025-08-01 13:12:38,434 - WARNING - استخدام الوضع غير المسجل - قد تكون البيانات محدودة
2025-08-01 13:12:45,094 - INFO - ✅ تم الاتصال بقاعدة البيانات MongoDB بنجاح
2025-08-01 13:12:45,094 - INFO - 🚀 بدء جمع البيانات لـ 6 رمز
2025-08-01 13:12:45,095 - INFO - ⏰ الفترة الزمنية: 15m
2025-08-01 13:12:45,095 - INFO - 📊 عدد الشموع: 1000
2025-08-01 13:12:45,098 - INFO - 🔄 معالجة الرمز: TADAWUL:TASI
2025-08-01 13:12:45,100 - INFO - 🔄 معالجة الرمز: NASDAQ:AAPL
2025-08-01 13:12:45,106 - INFO - 🔄 معالجة الرمز: NASDAQ:MSFT
2025-08-01 13:12:50,107 - INFO - ✅ TADAWUL:TASI: 0 سجل جديد، 1000 سجل محدث
2025-08-01 13:12:50,243 - INFO - 📊 تم تحديث بيانات TADAWUL:TASI: 1000 صف
2025-08-01 13:12:50,244 - INFO - ✅ TADAWUL:TASI: 1000 صف - MongoDB ✅ CSV ✅
2025-08-01 13:12:50,245 - INFO - 🔄 معالجة الرمز: NASDAQ:TSLA
2025-08-01 13:12:53,111 - INFO - ✅ NASDAQ:MSFT: 9 سجل جديد، 991 سجل محدث
2025-08-01 13:12:53,241 - INFO - 📊 تم تحديث بيانات NASDAQ:MSFT: 1000 صف
2025-08-01 13:12:53,242 - INFO - ✅ NASDAQ:MSFT: 1000 صف - MongoDB ✅ CSV ✅
2025-08-01 13:12:53,242 - INFO - 🔄 معالجة الرمز: BINANCE:BTCUSDT
2025-08-01 13:12:54,289 - INFO - ✅ NASDAQ:TSLA: 9 سجل جديد، 991 سجل محدث
2025-08-01 13:12:54,411 - INFO - 📊 تم تحديث بيانات NASDAQ:TSLA: 1000 صف
2025-08-01 13:12:54,412 - INFO - ✅ NASDAQ:TSLA: 1000 صف - MongoDB ✅ CSV ✅
2025-08-01 13:12:54,414 - INFO - 🔄 معالجة الرمز: BINANCE:ETHUSDT
2025-08-01 13:12:57,301 - INFO - ✅ BINANCE:BTCUSDT: 32 سجل جديد، 968 سجل محدث
2025-08-01 13:12:57,441 - INFO - 📊 تم تحديث بيانات BINANCE:BTCUSDT: 1000 صف
2025-08-01 13:12:57,442 - INFO - ✅ BINANCE:BTCUSDT: 1000 صف - MongoDB ✅ CSV ✅
2025-08-01 13:12:58,098 - INFO - ✅ BINANCE:ETHUSDT: 32 سجل جديد، 968 سجل محدث
2025-08-01 13:12:58,194 - INFO - 📊 تم تحديث بيانات BINANCE:ETHUSDT: 1000 صف
2025-08-01 13:12:58,195 - INFO - ✅ BINANCE:ETHUSDT: 1000 صف - MongoDB ✅ CSV ✅
2025-08-01 13:13:05,672 - INFO - ✅ NASDAQ:AAPL: 9 سجل جديد، 991 سجل محدث
2025-08-01 13:13:05,768 - INFO - 📊 تم تحديث بيانات NASDAQ:AAPL: 1000 صف
2025-08-01 13:13:05,769 - INFO - ✅ NASDAQ:AAPL: 1000 صف - MongoDB ✅ CSV ✅
2025-08-01 13:13:05,775 - INFO - 
📊 ملخص جمع البيانات:
2025-08-01 13:13:05,775 - INFO - ✅ نجح: 6/6 رمز
2025-08-01 13:13:05,776 - INFO - 💾 إجمالي الصفوف: 6000
2025-08-01 13:13:05,778 - INFO - 🗄️ تم الحفظ في MongoDB: TradingViewData
2025-08-01 13:13:05,779 - INFO - 
🎉 اكتمل جمع البيانات!
2025-08-01 13:13:05,780 - INFO - ✅ تم معالجة 6 رمز بنجاح
2025-08-01 13:13:05,780 - INFO -   📈 TADAWUL:TASI: 1000 صف
2025-08-01 13:13:05,782 - INFO -   📈 NASDAQ:AAPL: 1000 صف
2025-08-01 13:13:05,783 - INFO -   📈 NASDAQ:MSFT: 1000 صف
2025-08-01 13:13:05,784 - INFO -   📈 NASDAQ:TSLA: 1000 صف
2025-08-01 13:13:05,784 - INFO -   📈 BINANCE:BTCUSDT: 1000 صف
2025-08-01 13:13:05,784 - INFO -   📈 BINANCE:ETHUSDT: 1000 صف
2025-08-01 13:13:07,316 - INFO - تم إغلاق الاتصال مع MongoDB
2025-08-01 13:13:07,317 - INFO - تم إنهاء البرنامج
2025-08-01 13:56:17,841 - WARNING - استخدام الوضع غير المسجل - قد تكون البيانات محدودة
2025-08-01 13:56:24,532 - INFO - ✅ تم الاتصال بقاعدة البيانات MongoDB بنجاح
2025-08-01 13:56:24,533 - INFO - 🚀 بدء جمع البيانات لـ 6 رمز
2025-08-01 13:56:24,533 - INFO - ⏰ الفترة الزمنية: 15m
2025-08-01 13:56:24,534 - INFO - 📊 عدد الشموع: 1000
2025-08-01 13:56:24,537 - INFO - 🔄 معالجة الرمز: TADAWUL:TASI
2025-08-01 13:56:24,540 - INFO - 🔄 معالجة الرمز: NASDAQ:AAPL
2025-08-01 13:56:24,543 - INFO - 🔄 معالجة الرمز: NASDAQ:MSFT
2025-08-01 13:56:30,857 - INFO - ✅ TADAWUL:TASI: 0 سجل جديد، 1000 سجل محدث
2025-08-01 13:56:30,902 - INFO - 📊 تم تحديث بيانات TADAWUL:TASI: 1000 صف
2025-08-01 13:56:30,903 - INFO - ✅ TADAWUL:TASI: 1000 صف - MongoDB ✅ CSV ✅
2025-08-01 13:56:30,903 - INFO - 🔄 معالجة الرمز: NASDAQ:TSLA
2025-08-01 13:56:31,912 - INFO - ✅ NASDAQ:MSFT: 3 سجل جديد، 997 سجل محدث
2025-08-01 13:56:31,950 - INFO - 📊 تم تحديث بيانات NASDAQ:MSFT: 1000 صف
2025-08-01 13:56:31,950 - INFO - ✅ NASDAQ:MSFT: 1000 صف - MongoDB ✅ CSV ✅
2025-08-01 13:56:31,950 - INFO - 🔄 معالجة الرمز: BINANCE:BTCUSDT
2025-08-01 13:56:34,847 - INFO - ✅ NASDAQ:TSLA: 3 سجل جديد، 997 سجل محدث
2025-08-01 13:56:34,937 - INFO - 📊 تم تحديث بيانات NASDAQ:TSLA: 1000 صف
2025-08-01 13:56:34,940 - INFO - ✅ NASDAQ:TSLA: 1000 صف - MongoDB ✅ CSV ✅
2025-08-01 13:56:34,941 - INFO - 🔄 معالجة الرمز: BINANCE:ETHUSDT
2025-08-01 13:56:35,896 - INFO - ✅ BINANCE:BTCUSDT: 3 سجل جديد، 997 سجل محدث
2025-08-01 13:56:35,990 - INFO - 📊 تم تحديث بيانات BINANCE:BTCUSDT: 1000 صف
2025-08-01 13:56:35,992 - INFO - ✅ BINANCE:BTCUSDT: 1000 صف - MongoDB ✅ CSV ✅
2025-08-01 13:56:38,828 - INFO - ✅ BINANCE:ETHUSDT: 3 سجل جديد، 997 سجل محدث
2025-08-01 13:56:38,944 - INFO - 📊 تم تحديث بيانات BINANCE:ETHUSDT: 1000 صف
2025-08-01 13:56:38,949 - INFO - ✅ BINANCE:ETHUSDT: 1000 صف - MongoDB ✅ CSV ✅
2025-08-01 13:56:41,810 - INFO - ✅ NASDAQ:AAPL: 3 سجل جديد، 997 سجل محدث
2025-08-01 13:56:41,895 - INFO - 📊 تم تحديث بيانات NASDAQ:AAPL: 1000 صف
2025-08-01 13:56:41,896 - INFO - ✅ NASDAQ:AAPL: 1000 صف - MongoDB ✅ CSV ✅
2025-08-01 13:56:41,902 - INFO - 
📊 ملخص جمع البيانات:
2025-08-01 13:56:41,904 - INFO - ✅ نجح: 6/6 رمز
2025-08-01 13:56:41,904 - INFO - 💾 إجمالي الصفوف: 6000
2025-08-01 13:56:41,905 - INFO - 🗄️ تم الحفظ في MongoDB: TradingViewData
2025-08-01 13:56:41,905 - INFO - 
🎉 اكتمل جمع البيانات!
2025-08-01 13:56:41,906 - INFO - ✅ تم معالجة 6 رمز بنجاح
2025-08-01 13:56:41,906 - INFO -   📈 TADAWUL:TASI: 1000 صف
2025-08-01 13:56:41,907 - INFO -   📈 NASDAQ:AAPL: 1000 صف
2025-08-01 13:56:41,907 - INFO -   📈 NASDAQ:MSFT: 1000 صف
2025-08-01 13:56:41,907 - INFO -   📈 NASDAQ:TSLA: 1000 صف
2025-08-01 13:56:41,908 - INFO -   📈 BINANCE:BTCUSDT: 1000 صف
2025-08-01 13:56:41,909 - INFO -   📈 BINANCE:ETHUSDT: 1000 صف
2025-08-01 13:56:43,248 - INFO - تم إغلاق الاتصال مع MongoDB
2025-08-01 13:56:43,248 - INFO - تم إنهاء البرنامج
2025-08-03 13:04:45,311 - WARNING - استخدام الوضع غير المسجل - قد تكون البيانات محدودة
2025-08-03 13:04:51,729 - INFO - ✅ تم الاتصال بقاعدة البيانات MongoDB بنجاح
2025-08-03 13:04:51,730 - INFO - 🚀 بدء جمع البيانات لـ 6 رمز
2025-08-03 13:04:51,731 - INFO - ⏰ الفترة الزمنية: 15m
2025-08-03 13:04:51,731 - INFO - 📊 عدد الشموع: 1000
2025-08-03 13:04:51,734 - INFO - 🔄 معالجة الرمز: TADAWUL:TASI
2025-08-03 13:04:51,736 - INFO - 🔄 معالجة الرمز: NASDAQ:AAPL
2025-08-03 13:04:51,737 - INFO - 🔄 معالجة الرمز: NASDAQ:MSFT
2025-08-03 13:04:56,895 - INFO - ✅ TADAWUL:TASI: 12 سجل جديد، 988 سجل محدث
2025-08-03 13:04:57,311 - INFO - 📊 تم تحديث بيانات TADAWUL:TASI: 1000 صف
2025-08-03 13:04:57,312 - INFO - ✅ TADAWUL:TASI: 1000 صف - MongoDB ✅ CSV ✅
2025-08-03 13:04:57,313 - INFO - 🔄 معالجة الرمز: NASDAQ:TSLA
2025-08-03 13:04:58,818 - INFO - ✅ NASDAQ:MSFT: 0 سجل جديد، 1000 سجل محدث
2025-08-03 13:04:58,984 - INFO - 📊 تم تحديث بيانات NASDAQ:MSFT: 1000 صف
2025-08-03 13:04:58,985 - INFO - ✅ NASDAQ:MSFT: 1000 صف - MongoDB ✅ CSV ✅
2025-08-03 13:04:58,986 - INFO - 🔄 معالجة الرمز: BINANCE:BTCUSDT
2025-08-03 13:05:00,787 - INFO - ✅ NASDAQ:TSLA: 0 سجل جديد، 1000 سجل محدث
2025-08-03 13:05:00,945 - INFO - 📊 تم تحديث بيانات NASDAQ:TSLA: 1000 صف
2025-08-03 13:05:00,946 - INFO - ✅ NASDAQ:TSLA: 1000 صف - MongoDB ✅ CSV ✅
2025-08-03 13:05:00,947 - INFO - 🔄 معالجة الرمز: BINANCE:ETHUSDT
2025-08-03 13:05:02,910 - INFO - ✅ BINANCE:BTCUSDT: 182 سجل جديد، 818 سجل محدث
2025-08-03 13:05:03,490 - INFO - 📊 تم تحديث بيانات BINANCE:BTCUSDT: 1000 صف
2025-08-03 13:05:03,490 - INFO - ✅ BINANCE:BTCUSDT: 1000 صف - MongoDB ✅ CSV ✅
2025-08-03 13:05:05,247 - INFO - ✅ NASDAQ:AAPL: 0 سجل جديد، 1000 سجل محدث
2025-08-03 13:05:05,340 - INFO - ✅ BINANCE:ETHUSDT: 182 سجل جديد، 818 سجل محدث
2025-08-03 13:05:05,412 - INFO - 📊 تم تحديث بيانات NASDAQ:AAPL: 1000 صف
2025-08-03 13:05:05,414 - INFO - ✅ NASDAQ:AAPL: 1000 صف - MongoDB ✅ CSV ✅
2025-08-03 13:05:05,531 - INFO - 📊 تم تحديث بيانات BINANCE:ETHUSDT: 1000 صف
2025-08-03 13:05:05,533 - INFO - ✅ BINANCE:ETHUSDT: 1000 صف - MongoDB ✅ CSV ✅
2025-08-03 13:05:05,547 - INFO - 
📊 ملخص جمع البيانات:
2025-08-03 13:05:05,548 - INFO - ✅ نجح: 6/6 رمز
2025-08-03 13:05:05,549 - INFO - 💾 إجمالي الصفوف: 6000
2025-08-03 13:05:05,550 - INFO - 🗄️ تم الحفظ في MongoDB: TradingViewData
2025-08-03 13:05:05,551 - INFO - 
🎉 اكتمل جمع البيانات!
2025-08-03 13:05:05,551 - INFO - ✅ تم معالجة 6 رمز بنجاح
2025-08-03 13:05:05,552 - INFO -   📈 TADAWUL:TASI: 1000 صف
2025-08-03 13:05:05,552 - INFO -   📈 NASDAQ:AAPL: 1000 صف
2025-08-03 13:05:05,553 - INFO -   📈 NASDAQ:MSFT: 1000 صف
2025-08-03 13:05:05,553 - INFO -   📈 NASDAQ:TSLA: 1000 صف
2025-08-03 13:05:05,554 - INFO -   📈 BINANCE:BTCUSDT: 1000 صف
2025-08-03 13:05:05,554 - INFO -   📈 BINANCE:ETHUSDT: 1000 صف
2025-08-03 13:05:06,272 - INFO - تم إغلاق الاتصال مع MongoDB
2025-08-03 13:05:06,273 - INFO - تم إنهاء البرنامج
