2025-08-01 04:22:23,568 - WARNING - استخدام الوضع غير المسجل - قد تكون البيانات محدودة
2025-08-01 04:22:29,372 - INFO - ✅ تم الاتصال بقاعدة البيانات MongoDB بنجاح
2025-08-01 04:22:29,372 - INFO - 🚀 بدء جمع البيانات لـ 257 رمز
2025-08-01 04:22:29,372 - INFO - ⏰ الفترة الزمنية: 15
2025-08-01 04:22:29,373 - INFO - 📊 عدد الشموع: 1000
2025-08-01 04:22:29,374 - INFO - 🔄 معالجة الرمز: NASDAQ:ATYR
2025-08-01 04:22:29,374 - INFO - 🔄 معالجة الرمز: NASDAQ:AAPL
2025-08-01 04:22:29,375 - INFO - 🔄 معالجة الرمز: NASDAQ:GOOGL
2025-08-01 04:22:30,776 - ERROR - Connection to remote host was lost.
2025-08-01 04:22:30,777 - ERROR - لا توجد بيانات، يرجى التحقق من البورصة والرمز
2025-08-01 04:22:30,777 - WARNING - ⚠️ لم يتم جلب بيانات للرمز NASDAQ:AAPL
2025-08-01 04:22:30,777 - INFO - 🔄 معالجة الرمز: NASDAQ:MSFT
2025-08-01 04:22:34,159 - INFO - ✅ NASDAQ:ATYR: 1000 سجل جديد، 0 سجل محدث
2025-08-01 04:22:34,182 - INFO - 📊 تم حفظ بيانات جديدة لـ NASDAQ:ATYR: 1000 صف
2025-08-01 04:22:34,182 - INFO - ✅ NASDAQ:ATYR: 1000 صف - MongoDB ✅ CSV ✅
2025-08-01 04:22:34,183 - INFO - 🔄 معالجة الرمز: NASDAQ:TSLA
2025-08-01 04:22:36,049 - INFO - ✅ NASDAQ:GOOGL: 0 سجل جديد، 1000 سجل محدث
2025-08-01 04:22:36,072 - INFO - 📊 تم حفظ بيانات جديدة لـ NASDAQ:GOOGL: 1000 صف
2025-08-01 04:22:36,073 - INFO - ✅ NASDAQ:GOOGL: 1000 صف - MongoDB ✅ CSV ✅
2025-08-01 04:22:36,073 - INFO - 🔄 معالجة الرمز: NASDAQ:AMZN
2025-08-01 04:22:37,083 - INFO - ✅ NASDAQ:TSLA: 0 سجل جديد، 1000 سجل محدث
2025-08-01 04:22:37,111 - INFO - 📊 تم حفظ بيانات جديدة لـ NASDAQ:TSLA: 1000 صف
2025-08-01 04:22:37,111 - INFO - ✅ NASDAQ:TSLA: 1000 صف - MongoDB ✅ CSV ✅
2025-08-01 04:22:37,112 - INFO - 🔄 معالجة الرمز: NASDAQ:META
2025-08-01 04:22:38,972 - INFO - ✅ NASDAQ:MSFT: 0 سجل جديد، 1000 سجل محدث
2025-08-01 04:22:38,989 - INFO - 📊 تم حفظ بيانات جديدة لـ NASDAQ:MSFT: 1000 صف
2025-08-01 04:22:38,989 - INFO - ✅ NASDAQ:MSFT: 1000 صف - MongoDB ✅ CSV ✅
2025-08-01 04:22:38,990 - INFO - 🔄 معالجة الرمز: NASDAQ:NVDA
2025-08-01 04:22:40,506 - INFO - ✅ NASDAQ:META: 1000 سجل جديد، 0 سجل محدث
2025-08-01 04:22:40,584 - INFO - 📊 تم حفظ بيانات جديدة لـ NASDAQ:META: 1000 صف
2025-08-01 04:22:40,584 - INFO - ✅ NASDAQ:META: 1000 صف - MongoDB ✅ CSV ✅
2025-08-01 04:22:40,584 - INFO - 🔄 معالجة الرمز: NASDAQ:AMD
2025-08-01 04:22:42,127 - INFO - ✅ NASDAQ:AMZN: 1000 سجل جديد، 0 سجل محدث
2025-08-01 04:22:42,142 - INFO - 📊 تم حفظ بيانات جديدة لـ NASDAQ:AMZN: 1000 صف
2025-08-01 04:22:42,142 - INFO - ✅ NASDAQ:AMZN: 1000 صف - MongoDB ✅ CSV ✅
2025-08-01 04:22:42,142 - INFO - 🔄 معالجة الرمز: NASDAQ:INTC
2025-08-01 04:22:44,019 - INFO - ✅ NASDAQ:NVDA: 0 سجل جديد، 1000 سجل محدث
2025-08-01 04:22:44,046 - INFO - 📊 تم حفظ بيانات جديدة لـ NASDAQ:NVDA: 1000 صف
2025-08-01 04:22:44,047 - INFO - ✅ NASDAQ:NVDA: 1000 صف - MongoDB ✅ CSV ✅
2025-08-01 04:22:44,047 - INFO - 🔄 معالجة الرمز: NASDAQ:NFLX
2025-08-01 04:22:45,075 - INFO - ✅ NASDAQ:AMD: 1000 سجل جديد، 0 سجل محدث
2025-08-01 04:22:45,090 - INFO - 📊 تم حفظ بيانات جديدة لـ NASDAQ:AMD: 1000 صف
2025-08-01 04:22:45,090 - INFO - ✅ NASDAQ:AMD: 1000 صف - MongoDB ✅ CSV ✅
2025-08-01 04:22:45,090 - INFO - 🔄 معالجة الرمز: NASDAQ:ADBE
2025-08-01 04:22:47,309 - INFO - ✅ NASDAQ:INTC: 1000 سجل جديد، 0 سجل محدث
2025-08-01 04:22:47,323 - INFO - 📊 تم حفظ بيانات جديدة لـ NASDAQ:INTC: 1000 صف
2025-08-01 04:22:47,324 - INFO - ✅ NASDAQ:INTC: 1000 صف - MongoDB ✅ CSV ✅
2025-08-01 04:22:47,325 - INFO - 🔄 معالجة الرمز: NASDAQ:CRM
2025-08-01 04:22:49,102 - INFO - ✅ NASDAQ:NFLX: 1000 سجل جديد، 0 سجل محدث
2025-08-01 04:22:49,115 - INFO - 📊 تم حفظ بيانات جديدة لـ NASDAQ:NFLX: 1000 صف
2025-08-01 04:22:49,116 - INFO - ✅ NASDAQ:NFLX: 1000 صف - MongoDB ✅ CSV ✅
2025-08-01 04:22:49,116 - INFO - 🔄 معالجة الرمز: NASDAQ:COIN
2025-08-01 04:22:51,198 - INFO - ✅ NASDAQ:ADBE: 1000 سجل جديد، 0 سجل محدث
2025-08-01 04:22:51,211 - INFO - 📊 تم حفظ بيانات جديدة لـ NASDAQ:ADBE: 1000 صف
2025-08-01 04:22:51,212 - INFO - ✅ NASDAQ:ADBE: 1000 صف - MongoDB ✅ CSV ✅
2025-08-01 04:22:51,213 - INFO - 🔄 معالجة الرمز: NASDAQ:MSTR
2025-08-01 04:22:53,477 - ERROR - Connection timed out
2025-08-01 04:22:53,477 - ERROR - لا توجد بيانات، يرجى التحقق من البورصة والرمز
2025-08-01 04:22:53,477 - WARNING - ⚠️ لم يتم جلب بيانات للرمز NASDAQ:CRM
2025-08-01 04:22:53,477 - INFO - 🔄 معالجة الرمز: NASDAQ:EBAY
2025-08-01 04:22:54,155 - INFO - ✅ NASDAQ:COIN: 1000 سجل جديد، 0 سجل محدث
2025-08-01 04:22:54,174 - INFO - 📊 تم حفظ بيانات جديدة لـ NASDAQ:COIN: 1000 صف
2025-08-01 04:22:54,174 - INFO - ✅ NASDAQ:COIN: 1000 صف - MongoDB ✅ CSV ✅
2025-08-01 04:22:54,175 - INFO - 🔄 معالجة الرمز: NASDAQ:PYPL
2025-08-01 04:22:57,267 - INFO - ✅ NASDAQ:EBAY: 1000 سجل جديد، 0 سجل محدث
2025-08-01 04:22:57,284 - INFO - 📊 تم حفظ بيانات جديدة لـ NASDAQ:EBAY: 1000 صف
2025-08-01 04:22:57,286 - INFO - ✅ NASDAQ:EBAY: 1000 صف - MongoDB ✅ CSV ✅
2025-08-01 04:22:57,286 - INFO - 🔄 معالجة الرمز: NASDAQ:ZM
2025-08-01 04:22:58,218 - INFO - ✅ NASDAQ:MSTR: 1000 سجل جديد، 0 سجل محدث
2025-08-01 04:22:58,235 - INFO - 📊 تم حفظ بيانات جديدة لـ NASDAQ:MSTR: 1000 صف
2025-08-01 04:22:58,235 - INFO - ✅ NASDAQ:MSTR: 1000 صف - MongoDB ✅ CSV ✅
2025-08-01 04:22:58,235 - INFO - 🔄 معالجة الرمز: NASDAQ:LULU
2025-08-01 04:23:00,465 - INFO - ✅ NASDAQ:ZM: 1000 سجل جديد، 0 سجل محدث
2025-08-01 04:23:00,523 - INFO - ✅ NASDAQ:PYPL: 1000 سجل جديد، 0 سجل محدث
2025-08-01 04:23:00,559 - INFO - 📊 تم حفظ بيانات جديدة لـ NASDAQ:ZM: 1000 صف
2025-08-01 04:23:00,560 - INFO - ✅ NASDAQ:ZM: 1000 صف - MongoDB ✅ CSV ✅
2025-08-01 04:23:00,560 - INFO - 📊 تم حفظ بيانات جديدة لـ NASDAQ:PYPL: 1000 صف
2025-08-01 04:23:00,561 - INFO - 🔄 معالجة الرمز: NASDAQ:ROKU
2025-08-01 04:23:00,561 - INFO - ✅ NASDAQ:PYPL: 1000 صف - MongoDB ✅ CSV ✅
2025-08-01 04:23:00,562 - INFO - 🔄 معالجة الرمز: NASDAQ:MRNA
2025-08-01 04:23:02,271 - INFO - ✅ NASDAQ:LULU: 1000 سجل جديد، 0 سجل محدث
2025-08-01 04:23:02,345 - INFO - 📊 تم حفظ بيانات جديدة لـ NASDAQ:LULU: 1000 صف
2025-08-01 04:23:02,345 - INFO - ✅ NASDAQ:LULU: 1000 صف - MongoDB ✅ CSV ✅
2025-08-01 04:23:02,345 - INFO - 🔄 معالجة الرمز: NASDAQ:BNTX
2025-08-01 04:23:04,667 - INFO - ✅ NASDAQ:ROKU: 1000 سجل جديد، 0 سجل محدث
2025-08-01 04:23:04,684 - INFO - 📊 تم حفظ بيانات جديدة لـ NASDAQ:ROKU: 1000 صف
2025-08-01 04:23:04,684 - INFO - ✅ NASDAQ:ROKU: 1000 صف - MongoDB ✅ CSV ✅
2025-08-01 04:23:04,685 - INFO - 🔄 معالجة الرمز: NASDAQ:ENPH
2025-08-01 04:23:04,960 - INFO - ✅ NASDAQ:MRNA: 1000 سجل جديد، 0 سجل محدث
2025-08-01 04:23:04,974 - INFO - 📊 تم حفظ بيانات جديدة لـ NASDAQ:MRNA: 1000 صف
2025-08-01 04:23:04,974 - INFO - ✅ NASDAQ:MRNA: 1000 صف - MongoDB ✅ CSV ✅
2025-08-01 04:23:04,974 - INFO - 🔄 معالجة الرمز: NASDAQ:LCID
2025-08-01 04:23:07,405 - INFO - ✅ NASDAQ:ENPH: 1000 سجل جديد، 0 سجل محدث
2025-08-01 04:23:07,420 - INFO - 📊 تم حفظ بيانات جديدة لـ NASDAQ:ENPH: 1000 صف
2025-08-01 04:23:07,420 - INFO - ✅ NASDAQ:ENPH: 1000 صف - MongoDB ✅ CSV ✅
2025-08-01 04:23:07,420 - INFO - 🔄 معالجة الرمز: NASDAQ:RIVN
2025-08-01 04:23:08,143 - INFO - ✅ NASDAQ:BNTX: 1000 سجل جديد، 0 سجل محدث
2025-08-01 04:23:08,156 - INFO - 📊 تم حفظ بيانات جديدة لـ NASDAQ:BNTX: 1000 صف
2025-08-01 04:23:08,156 - INFO - ✅ NASDAQ:BNTX: 1000 صف - MongoDB ✅ CSV ✅
2025-08-01 04:23:08,157 - INFO - 🔄 معالجة الرمز: NASDAQ:TLT
2025-08-01 04:23:09,020 - ERROR - Connection to remote host was lost.
2025-08-01 04:23:09,020 - ERROR - لا توجد بيانات، يرجى التحقق من البورصة والرمز
2025-08-01 04:23:09,021 - WARNING - ⚠️ لم يتم جلب بيانات للرمز NASDAQ:TLT
2025-08-01 04:23:09,021 - INFO - 🔄 معالجة الرمز: NASDAQ:CRWD
2025-08-01 04:23:10,120 - INFO - ✅ NASDAQ:LCID: 1000 سجل جديد، 0 سجل محدث
2025-08-01 04:23:10,138 - INFO - 📊 تم حفظ بيانات جديدة لـ NASDAQ:LCID: 1000 صف
2025-08-01 04:23:10,139 - INFO - ✅ NASDAQ:LCID: 1000 صف - MongoDB ✅ CSV ✅
2025-08-01 04:23:10,139 - INFO - 🔄 معالجة الرمز: NASDAQ:BIDU
2025-08-01 04:23:12,157 - INFO - ✅ NASDAQ:CRWD: 1000 سجل جديد، 0 سجل محدث
2025-08-01 04:23:12,172 - INFO - 📊 تم حفظ بيانات جديدة لـ NASDAQ:CRWD: 1000 صف
2025-08-01 04:23:12,172 - INFO - ✅ NASDAQ:CRWD: 1000 صف - MongoDB ✅ CSV ✅
2025-08-01 04:23:12,173 - INFO - 🔄 معالجة الرمز: NASDAQ:JD
2025-08-01 04:23:13,480 - INFO - ✅ NASDAQ:BIDU: 1000 سجل جديد، 0 سجل محدث
2025-08-01 04:23:13,496 - INFO - 📊 تم حفظ بيانات جديدة لـ NASDAQ:BIDU: 1000 صف
2025-08-01 04:23:13,496 - INFO - ✅ NASDAQ:BIDU: 1000 صف - MongoDB ✅ CSV ✅
2025-08-01 04:23:13,496 - INFO - 🔄 معالجة الرمز: NASDAQ:HOLO
2025-08-01 04:23:15,761 - INFO - ✅ NASDAQ:RIVN: 1000 سجل جديد، 0 سجل محدث
2025-08-01 04:23:15,781 - INFO - 📊 تم حفظ بيانات جديدة لـ NASDAQ:RIVN: 1000 صف
2025-08-01 04:23:15,782 - INFO - ✅ NASDAQ:RIVN: 1000 صف - MongoDB ✅ CSV ✅
2025-08-01 04:23:15,782 - INFO - 🔄 معالجة الرمز: NASDAQ:OKTA
2025-08-01 04:23:17,197 - INFO - ✅ NASDAQ:HOLO: 1000 سجل جديد، 0 سجل محدث
2025-08-01 04:23:17,222 - INFO - 📊 تم حفظ بيانات جديدة لـ NASDAQ:HOLO: 1000 صف
2025-08-01 04:23:17,222 - INFO - ✅ NASDAQ:HOLO: 1000 صف - MongoDB ✅ CSV ✅
2025-08-01 04:23:17,222 - INFO - 🔄 معالجة الرمز: NASDAQ:MDB
2025-08-01 04:23:19,205 - INFO - ✅ NASDAQ:OKTA: 1000 سجل جديد، 0 سجل محدث
2025-08-01 04:23:19,244 - INFO - 📊 تم حفظ بيانات جديدة لـ NASDAQ:OKTA: 1000 صف
2025-08-01 04:23:19,245 - INFO - ✅ NASDAQ:OKTA: 1000 صف - MongoDB ✅ CSV ✅
2025-08-01 04:23:19,246 - INFO - 🔄 معالجة الرمز: NASDAQ:QQQ
2025-08-01 04:23:20,186 - INFO - ✅ NASDAQ:MDB: 1000 سجل جديد، 0 سجل محدث
2025-08-01 04:23:20,204 - INFO - 📊 تم حفظ بيانات جديدة لـ NASDAQ:MDB: 1000 صف
2025-08-01 04:23:20,204 - INFO - ✅ NASDAQ:MDB: 1000 صف - MongoDB ✅ CSV ✅
2025-08-01 04:23:20,205 - INFO - 🔄 معالجة الرمز: NASDAQ:GILD
2025-08-01 04:23:22,181 - INFO - ✅ NASDAQ:QQQ: 1000 سجل جديد، 0 سجل محدث
2025-08-01 04:23:22,209 - INFO - 📊 تم حفظ بيانات جديدة لـ NASDAQ:QQQ: 1000 صف
2025-08-01 04:23:22,209 - INFO - ✅ NASDAQ:QQQ: 1000 صف - MongoDB ✅ CSV ✅
2025-08-01 04:23:22,210 - INFO - 🔄 معالجة الرمز: NASDAQ:QCOM
2025-08-01 04:23:23,132 - INFO - ✅ NASDAQ:GILD: 1000 سجل جديد، 0 سجل محدث
2025-08-01 04:23:23,148 - INFO - 📊 تم حفظ بيانات جديدة لـ NASDAQ:GILD: 1000 صف
2025-08-01 04:23:23,149 - INFO - ✅ NASDAQ:GILD: 1000 صف - MongoDB ✅ CSV ✅
2025-08-01 04:23:23,149 - INFO - 🔄 معالجة الرمز: NASDAQ:SQQQ
2025-08-01 04:23:26,514 - INFO - ✅ NASDAQ:QCOM: 1000 سجل جديد، 0 سجل محدث
2025-08-01 04:23:26,531 - INFO - 📊 تم حفظ بيانات جديدة لـ NASDAQ:QCOM: 1000 صف
2025-08-01 04:23:26,532 - INFO - ✅ NASDAQ:QCOM: 1000 صف - MongoDB ✅ CSV ✅
2025-08-01 04:23:26,533 - INFO - 🔄 معالجة الرمز: NASDAQ:SERA
2025-08-01 04:23:26,613 - INFO - ✅ NASDAQ:SQQQ: 1000 سجل جديد، 0 سجل محدث
2025-08-01 04:23:26,638 - INFO - 📊 تم حفظ بيانات جديدة لـ NASDAQ:SQQQ: 1000 صف
2025-08-01 04:23:26,639 - INFO - ✅ NASDAQ:SQQQ: 1000 صف - MongoDB ✅ CSV ✅
2025-08-01 04:23:26,640 - INFO - 🔄 معالجة الرمز: NASDAQ:SBUX
2025-08-01 04:23:29,211 - INFO - ✅ NASDAQ:SERA: 1000 سجل جديد، 0 سجل محدث
2025-08-01 04:23:29,238 - INFO - 📊 تم حفظ بيانات جديدة لـ NASDAQ:SERA: 1000 صف
2025-08-01 04:23:29,239 - INFO - ✅ NASDAQ:SERA: 1000 صف - MongoDB ✅ CSV ✅
2025-08-01 04:23:29,242 - INFO - 🔄 معالجة الرمز: NASDAQ:ABNB
2025-08-01 04:23:30,475 - INFO - ✅ NASDAQ:SBUX: 1000 سجل جديد، 0 سجل محدث
2025-08-01 04:23:30,537 - INFO - 📊 تم حفظ بيانات جديدة لـ NASDAQ:SBUX: 1000 صف
2025-08-01 04:23:30,539 - INFO - ✅ NASDAQ:SBUX: 1000 صف - MongoDB ✅ CSV ✅
2025-08-01 04:23:30,573 - INFO - 🔄 معالجة الرمز: NASDAQ:MU
2025-08-01 04:23:30,759 - INFO - ✅ NASDAQ:JD: 1000 سجل جديد، 0 سجل محدث
2025-08-01 04:23:30,795 - INFO - 📊 تم حفظ بيانات جديدة لـ NASDAQ:JD: 1000 صف
2025-08-01 04:23:30,796 - INFO - ✅ NASDAQ:JD: 1000 صف - MongoDB ✅ CSV ✅
2025-08-01 04:23:30,796 - INFO - 🔄 معالجة الرمز: NASDAQ:LMFA
2025-08-01 04:23:34,556 - INFO - ✅ NASDAQ:LMFA: 1000 سجل جديد، 0 سجل محدث
2025-08-01 04:23:34,569 - INFO - 📊 تم حفظ بيانات جديدة لـ NASDAQ:LMFA: 1000 صف
2025-08-01 04:23:34,570 - INFO - ✅ NASDAQ:LMFA: 1000 صف - MongoDB ✅ CSV ✅
2025-08-01 04:23:34,570 - INFO - 🔄 معالجة الرمز: NASDAQ:UPST
2025-08-01 04:23:34,636 - INFO - ✅ NASDAQ:MU: 1000 سجل جديد، 0 سجل محدث
2025-08-01 04:23:34,653 - INFO - 📊 تم حفظ بيانات جديدة لـ NASDAQ:MU: 1000 صف
2025-08-01 04:23:34,653 - INFO - ✅ NASDAQ:MU: 1000 صف - MongoDB ✅ CSV ✅
2025-08-01 04:23:34,654 - INFO - 🔄 معالجة الرمز: NASDAQ:INTU
2025-08-01 04:23:37,284 - INFO - ✅ NASDAQ:UPST: 1000 سجل جديد، 0 سجل محدث
2025-08-01 04:23:37,312 - INFO - 📊 تم حفظ بيانات جديدة لـ NASDAQ:UPST: 1000 صف
2025-08-01 04:23:37,312 - INFO - ✅ NASDAQ:UPST: 1000 صف - MongoDB ✅ CSV ✅
2025-08-01 04:23:37,313 - INFO - 🔄 معالجة الرمز: NASDAQ:CTSH
2025-08-01 04:23:38,136 - INFO - ✅ NASDAQ:INTU: 1000 سجل جديد، 0 سجل محدث
2025-08-01 04:23:38,152 - INFO - 📊 تم حفظ بيانات جديدة لـ NASDAQ:INTU: 1000 صف
2025-08-01 04:23:38,152 - INFO - ✅ NASDAQ:INTU: 1000 صف - MongoDB ✅ CSV ✅
2025-08-01 04:23:38,153 - INFO - 🔄 معالجة الرمز: NASDAQ:TNXP
2025-08-01 04:23:40,096 - INFO - ✅ NASDAQ:CTSH: 1000 سجل جديد، 0 سجل محدث
2025-08-01 04:23:40,123 - INFO - 📊 تم حفظ بيانات جديدة لـ NASDAQ:CTSH: 1000 صف
2025-08-01 04:23:40,123 - INFO - ✅ NASDAQ:CTSH: 1000 صف - MongoDB ✅ CSV ✅
2025-08-01 04:23:40,124 - INFO - 🔄 معالجة الرمز: NASDAQ:FCEL
2025-08-01 04:23:41,076 - ERROR - Connection to remote host was lost.
2025-08-01 04:23:41,077 - ERROR - لا توجد بيانات، يرجى التحقق من البورصة والرمز
2025-08-01 04:23:41,078 - WARNING - ⚠️ لم يتم جلب بيانات للرمز NASDAQ:FCEL
2025-08-01 04:23:41,078 - INFO - 🔄 معالجة الرمز: NASDAQ:DBGI
2025-08-01 04:23:41,445 - INFO - ✅ NASDAQ:TNXP: 1000 سجل جديد، 0 سجل محدث
2025-08-01 04:23:41,470 - INFO - 📊 تم حفظ بيانات جديدة لـ NASDAQ:TNXP: 1000 صف
2025-08-01 04:23:41,471 - INFO - ✅ NASDAQ:TNXP: 1000 صف - MongoDB ✅ CSV ✅
2025-08-01 04:23:41,471 - INFO - 🔄 معالجة الرمز: NASDAQ:LI
2025-08-01 04:23:44,455 - INFO - ✅ NASDAQ:LI: 1000 سجل جديد، 0 سجل محدث
2025-08-01 04:23:44,476 - INFO - 📊 تم حفظ بيانات جديدة لـ NASDAQ:LI: 1000 صف
2025-08-01 04:23:44,486 - INFO - ✅ NASDAQ:LI: 1000 صف - MongoDB ✅ CSV ✅
2025-08-01 04:23:44,489 - INFO - 🔄 معالجة الرمز: NASDAQ:THFF
2025-08-01 04:23:46,377 - INFO - ✅ NASDAQ:ABNB: 1000 سجل جديد، 0 سجل محدث
2025-08-01 04:23:46,414 - INFO - 📊 تم حفظ بيانات جديدة لـ NASDAQ:ABNB: 1000 صف
2025-08-01 04:23:46,415 - INFO - ✅ NASDAQ:ABNB: 1000 صف - MongoDB ✅ CSV ✅
2025-08-01 04:23:46,416 - INFO - 🔄 معالجة الرمز: NASDAQ:USEG
2025-08-01 04:23:46,718 - ERROR - Connection timed out
2025-08-01 04:23:46,719 - ERROR - لا توجد بيانات، يرجى التحقق من البورصة والرمز
2025-08-01 04:23:46,720 - WARNING - ⚠️ لم يتم جلب بيانات للرمز NASDAQ:DBGI
2025-08-01 04:23:46,721 - INFO - 🔄 معالجة الرمز: NASDAQ:ON
2025-08-01 04:23:49,307 - INFO - ✅ NASDAQ:USEG: 1000 سجل جديد، 0 سجل محدث
2025-08-01 04:23:49,339 - INFO - 📊 تم حفظ بيانات جديدة لـ NASDAQ:USEG: 1000 صف
2025-08-01 04:23:49,341 - INFO - ✅ NASDAQ:USEG: 1000 صف - MongoDB ✅ CSV ✅
2025-08-01 04:23:49,341 - INFO - 🔄 معالجة الرمز: NASDAQ:BKNG
2025-08-01 04:23:50,534 - INFO - ✅ NASDAQ:ON: 1000 سجل جديد، 0 سجل محدث
2025-08-01 04:23:50,549 - INFO - 📊 تم حفظ بيانات جديدة لـ NASDAQ:ON: 1000 صف
2025-08-01 04:23:50,549 - INFO - ✅ NASDAQ:ON: 1000 صف - MongoDB ✅ CSV ✅
2025-08-01 04:23:50,550 - INFO - 🔄 معالجة الرمز: NASDAQ:NVAX
2025-08-01 04:23:50,619 - INFO - ✅ NASDAQ:THFF: 1000 سجل جديد، 0 سجل محدث
2025-08-01 04:23:50,633 - INFO - 📊 تم حفظ بيانات جديدة لـ NASDAQ:THFF: 1000 صف
2025-08-01 04:23:50,635 - INFO - ✅ NASDAQ:THFF: 1000 صف - MongoDB ✅ CSV ✅
2025-08-01 04:23:50,635 - INFO - 🔄 معالجة الرمز: NASDAQ:CYN
2025-08-01 04:23:52,252 - INFO - ✅ NASDAQ:BKNG: 1000 سجل جديد، 0 سجل محدث
2025-08-01 04:23:52,265 - INFO - 📊 تم حفظ بيانات جديدة لـ NASDAQ:BKNG: 1000 صف
2025-08-01 04:23:52,266 - INFO - ✅ NASDAQ:BKNG: 1000 صف - MongoDB ✅ CSV ✅
2025-08-01 04:23:52,266 - INFO - 🔄 معالجة الرمز: NASDAQ:CSCO
2025-08-01 04:23:54,437 - INFO - ✅ NASDAQ:CYN: 1000 سجل جديد، 0 سجل محدث
2025-08-01 04:23:54,455 - INFO - 📊 تم حفظ بيانات جديدة لـ NASDAQ:CYN: 1000 صف
2025-08-01 04:23:54,455 - INFO - ✅ NASDAQ:CYN: 1000 صف - MongoDB ✅ CSV ✅
2025-08-01 04:23:54,456 - INFO - 🔄 معالجة الرمز: NASDAQ:DGLY
2025-08-01 04:23:55,140 - INFO - ✅ NASDAQ:NVAX: 1000 سجل جديد، 0 سجل محدث
2025-08-01 04:23:55,161 - INFO - 📊 تم حفظ بيانات جديدة لـ NASDAQ:NVAX: 1000 صف
2025-08-01 04:23:55,167 - INFO - ✅ NASDAQ:NVAX: 1000 صف - MongoDB ✅ CSV ✅
2025-08-01 04:23:55,167 - INFO - 🔄 معالجة الرمز: NASDAQ:CSIQ
2025-08-01 04:23:56,481 - INFO - ✅ NASDAQ:CSCO: 1000 سجل جديد، 0 سجل محدث
2025-08-01 04:23:56,510 - INFO - 📊 تم حفظ بيانات جديدة لـ NASDAQ:CSCO: 1000 صف
2025-08-01 04:23:56,510 - INFO - ✅ NASDAQ:CSCO: 1000 صف - MongoDB ✅ CSV ✅
2025-08-01 04:23:56,512 - INFO - 🔄 معالجة الرمز: NASDAQ:SPTN
2025-08-01 04:23:56,563 - ERROR - Connection to remote host was lost.
2025-08-01 04:23:56,567 - ERROR - لا توجد بيانات، يرجى التحقق من البورصة والرمز
2025-08-01 04:23:56,568 - WARNING - ⚠️ لم يتم جلب بيانات للرمز NASDAQ:CSIQ
2025-08-01 04:23:56,569 - INFO - 🔄 معالجة الرمز: NASDAQ:AMAT
2025-08-01 04:23:58,203 - INFO - ✅ NASDAQ:DGLY: 1000 سجل جديد، 0 سجل محدث
2025-08-01 04:23:58,240 - INFO - 📊 تم حفظ بيانات جديدة لـ NASDAQ:DGLY: 1000 صف
2025-08-01 04:23:58,241 - INFO - ✅ NASDAQ:DGLY: 1000 صف - MongoDB ✅ CSV ✅
2025-08-01 04:23:58,241 - INFO - 🔄 معالجة الرمز: NASDAQ:ROST
2025-08-01 04:23:59,810 - ERROR - Connection to remote host was lost.
2025-08-01 04:23:59,811 - ERROR - لا توجد بيانات، يرجى التحقق من البورصة والرمز
2025-08-01 04:23:59,812 - WARNING - ⚠️ لم يتم جلب بيانات للرمز NASDAQ:ROST
2025-08-01 04:23:59,812 - INFO - 🔄 معالجة الرمز: NASDAQ:MTCH
2025-08-01 04:24:01,122 - INFO - ✅ NASDAQ:AMAT: 1000 سجل جديد، 0 سجل محدث
2025-08-01 04:24:01,141 - INFO - 📊 تم حفظ بيانات جديدة لـ NASDAQ:AMAT: 1000 صف
2025-08-01 04:24:01,141 - INFO - ✅ NASDAQ:AMAT: 1000 صف - MongoDB ✅ CSV ✅
2025-08-01 04:24:01,142 - INFO - 🔄 معالجة الرمز: NASDAQ:WDAY
2025-08-01 04:24:04,232 - INFO - ✅ NASDAQ:SPTN: 1000 سجل جديد، 0 سجل محدث
2025-08-01 04:24:04,261 - INFO - 📊 تم حفظ بيانات جديدة لـ NASDAQ:SPTN: 1000 صف
2025-08-01 04:24:04,261 - INFO - ✅ NASDAQ:SPTN: 1000 صف - MongoDB ✅ CSV ✅
2025-08-01 04:24:04,261 - INFO - 🔄 معالجة الرمز: NASDAQ:BCDA
2025-08-01 04:24:05,213 - INFO - ✅ NASDAQ:WDAY: 1000 سجل جديد، 0 سجل محدث
2025-08-01 04:24:05,230 - INFO - 📊 تم حفظ بيانات جديدة لـ NASDAQ:WDAY: 1000 صف
2025-08-01 04:24:05,231 - INFO - ✅ NASDAQ:WDAY: 1000 صف - MongoDB ✅ CSV ✅
2025-08-01 04:24:05,233 - INFO - 🔄 معالجة الرمز: NASDAQ:AMWD
2025-08-01 04:24:06,193 - ERROR - Connection to remote host was lost.
2025-08-01 04:24:06,194 - ERROR - لا توجد بيانات، يرجى التحقق من البورصة والرمز
2025-08-01 04:24:06,195 - WARNING - ⚠️ لم يتم جلب بيانات للرمز NASDAQ:AMWD
2025-08-01 04:24:06,196 - INFO - 🔄 معالجة الرمز: NASDAQ:FSLR
2025-08-01 04:24:06,261 - INFO - ✅ NASDAQ:MTCH: 1000 سجل جديد، 0 سجل محدث
2025-08-01 04:24:06,278 - INFO - 📊 تم حفظ بيانات جديدة لـ NASDAQ:MTCH: 1000 صف
2025-08-01 04:24:06,279 - INFO - ✅ NASDAQ:MTCH: 1000 صف - MongoDB ✅ CSV ✅
2025-08-01 04:24:06,280 - INFO - 🔄 معالجة الرمز: NASDAQ:REGN
2025-08-01 04:24:07,206 - INFO - ✅ NASDAQ:BCDA: 1000 سجل جديد، 0 سجل محدث
2025-08-01 04:24:07,221 - INFO - 📊 تم حفظ بيانات جديدة لـ NASDAQ:BCDA: 1000 صف
2025-08-01 04:24:07,222 - INFO - ✅ NASDAQ:BCDA: 1000 صف - MongoDB ✅ CSV ✅
2025-08-01 04:24:07,222 - INFO - 🔄 معالجة الرمز: NASDAQ:WEN
2025-08-01 04:24:09,865 - INFO - ✅ NASDAQ:FSLR: 1000 سجل جديد، 0 سجل محدث
2025-08-01 04:24:09,879 - INFO - ✅ NASDAQ:REGN: 1000 سجل جديد، 0 سجل محدث
2025-08-01 04:24:09,886 - INFO - 📊 تم حفظ بيانات جديدة لـ NASDAQ:FSLR: 1000 صف
2025-08-01 04:24:09,889 - INFO - ✅ NASDAQ:FSLR: 1000 صف - MongoDB ✅ CSV ✅
2025-08-01 04:24:09,890 - INFO - 🔄 معالجة الرمز: NASDAQ:ATXG
2025-08-01 04:24:09,900 - INFO - 📊 تم حفظ بيانات جديدة لـ NASDAQ:REGN: 1000 صف
2025-08-01 04:24:09,900 - INFO - ✅ NASDAQ:REGN: 1000 صف - MongoDB ✅ CSV ✅
2025-08-01 04:24:09,900 - INFO - 🔄 معالجة الرمز: NASDAQ:MULN
2025-08-01 04:24:10,304 - INFO - ✅ NASDAQ:WEN: 1000 سجل جديد، 0 سجل محدث
2025-08-01 04:24:10,326 - INFO - 📊 تم حفظ بيانات جديدة لـ NASDAQ:WEN: 1000 صف
2025-08-01 04:24:10,327 - INFO - ✅ NASDAQ:WEN: 1000 صف - MongoDB ✅ CSV ✅
2025-08-01 04:24:10,327 - INFO - 🔄 معالجة الرمز: NASDAQ:ZS
2025-08-01 04:24:14,159 - INFO - ✅ NASDAQ:MULN: 1000 سجل جديد، 0 سجل محدث
2025-08-01 04:24:14,176 - INFO - 📊 تم حفظ بيانات جديدة لـ NASDAQ:MULN: 1000 صف
2025-08-01 04:24:14,177 - INFO - ✅ NASDAQ:MULN: 1000 صف - MongoDB ✅ CSV ✅
2025-08-01 04:24:14,177 - INFO - 🔄 معالجة الرمز: NASDAQ:GCTK
2025-08-01 04:24:17,218 - INFO - ✅ NASDAQ:ATXG: 1000 سجل جديد، 0 سجل محدث
2025-08-01 04:24:17,236 - INFO - 📊 تم حفظ بيانات جديدة لـ NASDAQ:ATXG: 1000 صف
2025-08-01 04:24:17,237 - INFO - ✅ NASDAQ:ATXG: 1000 صف - MongoDB ✅ CSV ✅
2025-08-01 04:24:17,240 - INFO - 🔄 معالجة الرمز: NASDAQ:TTWO
2025-08-01 04:24:17,611 - ERROR - Connection timed out
2025-08-01 04:24:17,612 - ERROR - لا توجد بيانات، يرجى التحقق من البورصة والرمز
2025-08-01 04:24:17,612 - WARNING - ⚠️ لم يتم جلب بيانات للرمز NASDAQ:ZS
2025-08-01 04:24:17,612 - INFO - 🔄 معالجة الرمز: NASDAQ:LAZR
2025-08-01 04:24:18,560 - ERROR - Connection to remote host was lost.
2025-08-01 04:24:18,561 - ERROR - لا توجد بيانات، يرجى التحقق من البورصة والرمز
2025-08-01 04:24:18,562 - WARNING - ⚠️ لم يتم جلب بيانات للرمز NASDAQ:TTWO
2025-08-01 04:24:18,562 - INFO - 🔄 معالجة الرمز: NASDAQ:TEAM
2025-08-01 04:24:20,479 - INFO - ✅ NASDAQ:GCTK: 1000 سجل جديد، 0 سجل محدث
2025-08-01 04:24:20,497 - INFO - 📊 تم حفظ بيانات جديدة لـ NASDAQ:GCTK: 1000 صف
2025-08-01 04:24:20,497 - INFO - ✅ NASDAQ:GCTK: 1000 صف - MongoDB ✅ CSV ✅
2025-08-01 04:24:20,498 - INFO - 🔄 معالجة الرمز: NASDAQ:PDD
2025-08-01 04:24:23,106 - INFO - ✅ NASDAQ:TEAM: 1000 سجل جديد، 0 سجل محدث
2025-08-01 04:24:23,132 - INFO - 📊 تم حفظ بيانات جديدة لـ NASDAQ:TEAM: 1000 صف
2025-08-01 04:24:23,132 - INFO - ✅ NASDAQ:TEAM: 1000 صف - MongoDB ✅ CSV ✅
2025-08-01 04:24:23,132 - INFO - 🔄 معالجة الرمز: NASDAQ:TMUS
2025-08-01 04:24:23,271 - INFO - ✅ NASDAQ:LAZR: 1000 سجل جديد، 0 سجل محدث
2025-08-01 04:24:23,296 - INFO - 📊 تم حفظ بيانات جديدة لـ NASDAQ:LAZR: 1000 صف
2025-08-01 04:24:23,296 - INFO - ✅ NASDAQ:LAZR: 1000 صف - MongoDB ✅ CSV ✅
2025-08-01 04:24:23,296 - INFO - 🔄 معالجة الرمز: NASDAQ:MRVL
2025-08-01 04:24:24,179 - INFO - ✅ NASDAQ:PDD: 1000 سجل جديد، 0 سجل محدث
2025-08-01 04:24:24,206 - INFO - 📊 تم حفظ بيانات جديدة لـ NASDAQ:PDD: 1000 صف
2025-08-01 04:24:24,207 - INFO - ✅ NASDAQ:PDD: 1000 صف - MongoDB ✅ CSV ✅
2025-08-01 04:24:24,207 - INFO - 🔄 معالجة الرمز: NASDAQ:ASML
2025-08-01 04:24:27,232 - INFO - ✅ NASDAQ:MRVL: 1000 سجل جديد، 0 سجل محدث
2025-08-01 04:24:27,274 - INFO - 📊 تم حفظ بيانات جديدة لـ NASDAQ:MRVL: 1000 صف
2025-08-01 04:24:27,275 - INFO - ✅ NASDAQ:MRVL: 1000 صف - MongoDB ✅ CSV ✅
2025-08-01 04:24:27,276 - INFO - 🔄 معالجة الرمز: NASDAQ:SNPS
2025-08-01 04:24:28,337 - INFO - ✅ NASDAQ:ASML: 1000 سجل جديد، 0 سجل محدث
2025-08-01 04:24:28,362 - INFO - 📊 تم حفظ بيانات جديدة لـ NASDAQ:ASML: 1000 صف
2025-08-01 04:24:28,362 - INFO - ✅ NASDAQ:ASML: 1000 صف - MongoDB ✅ CSV ✅
2025-08-01 04:24:28,363 - INFO - 🔄 معالجة الرمز: NASDAQ:AVGO
2025-08-01 04:24:31,486 - INFO - ✅ NASDAQ:SNPS: 1000 سجل جديد، 0 سجل محدث
2025-08-01 04:24:31,503 - INFO - 📊 تم حفظ بيانات جديدة لـ NASDAQ:SNPS: 1000 صف
2025-08-01 04:24:31,504 - INFO - ✅ NASDAQ:SNPS: 1000 صف - MongoDB ✅ CSV ✅
2025-08-01 04:24:31,505 - INFO - 🔄 معالجة الرمز: NASDAQ:MELI
2025-08-01 04:24:32,270 - INFO - ✅ NASDAQ:TMUS: 1000 سجل جديد، 0 سجل محدث
2025-08-01 04:24:32,307 - INFO - 📊 تم حفظ بيانات جديدة لـ NASDAQ:TMUS: 1000 صف
2025-08-01 04:24:32,311 - INFO - ✅ NASDAQ:TMUS: 1000 صف - MongoDB ✅ CSV ✅
2025-08-01 04:24:32,311 - INFO - 🔄 معالجة الرمز: NASDAQ:ORLY
2025-08-01 04:24:35,309 - INFO - ✅ NASDAQ:MELI: 1000 سجل جديد، 0 سجل محدث
2025-08-01 04:24:35,332 - INFO - 📊 تم حفظ بيانات جديدة لـ NASDAQ:MELI: 1000 صف
2025-08-01 04:24:35,333 - INFO - ✅ NASDAQ:MELI: 1000 صف - MongoDB ✅ CSV ✅
2025-08-01 04:24:35,334 - INFO - 🔄 معالجة الرمز: NASDAQ:ADI
2025-08-01 04:24:36,321 - INFO - ✅ NASDAQ:ORLY: 1000 سجل جديد، 0 سجل محدث
2025-08-01 04:24:36,340 - INFO - 📊 تم حفظ بيانات جديدة لـ NASDAQ:ORLY: 1000 صف
2025-08-01 04:24:36,340 - INFO - ✅ NASDAQ:ORLY: 1000 صف - MongoDB ✅ CSV ✅
2025-08-01 04:24:36,341 - INFO - 🔄 معالجة الرمز: NASDAQ:CHTR
2025-08-01 04:24:38,132 - INFO - ✅ NASDAQ:AVGO: 1000 سجل جديد، 0 سجل محدث
2025-08-01 04:24:38,162 - INFO - 📊 تم حفظ بيانات جديدة لـ NASDAQ:AVGO: 1000 صف
2025-08-01 04:24:38,162 - INFO - ✅ NASDAQ:AVGO: 1000 صف - MongoDB ✅ CSV ✅
2025-08-01 04:24:38,163 - INFO - 🔄 معالجة الرمز: NASDAQ:LRCX
2025-08-01 04:24:40,357 - INFO - ✅ NASDAQ:ADI: 1000 سجل جديد، 0 سجل محدث
2025-08-01 04:24:40,388 - INFO - 📊 تم حفظ بيانات جديدة لـ NASDAQ:ADI: 1000 صف
2025-08-01 04:24:40,388 - INFO - ✅ NASDAQ:ADI: 1000 صف - MongoDB ✅ CSV ✅
2025-08-01 04:24:40,389 - INFO - 🔄 معالجة الرمز: NASDAQ:PSNY
2025-08-01 04:24:42,576 - INFO - ✅ NASDAQ:CHTR: 1000 سجل جديد، 0 سجل محدث
2025-08-01 04:24:42,592 - INFO - 📊 تم حفظ بيانات جديدة لـ NASDAQ:CHTR: 1000 صف
2025-08-01 04:24:42,592 - INFO - ✅ NASDAQ:CHTR: 1000 صف - MongoDB ✅ CSV ✅
2025-08-01 04:24:42,593 - INFO - 🔄 معالجة الرمز: NASDAQ:TCOM
2025-08-01 04:24:42,737 - INFO - ✅ NASDAQ:LRCX: 1000 سجل جديد، 0 سجل محدث
2025-08-01 04:24:42,754 - INFO - 📊 تم حفظ بيانات جديدة لـ NASDAQ:LRCX: 1000 صف
2025-08-01 04:24:42,755 - INFO - ✅ NASDAQ:LRCX: 1000 صف - MongoDB ✅ CSV ✅
2025-08-01 04:24:42,755 - INFO - 🔄 معالجة الرمز: NASDAQ:ATLX
2025-08-01 04:24:46,348 - INFO - ✅ NASDAQ:PSNY: 1000 سجل جديد، 0 سجل محدث
2025-08-01 04:24:46,375 - INFO - 📊 تم حفظ بيانات جديدة لـ NASDAQ:PSNY: 1000 صف
2025-08-01 04:24:46,377 - INFO - ✅ NASDAQ:PSNY: 1000 صف - MongoDB ✅ CSV ✅
2025-08-01 04:24:46,379 - INFO - 🔄 معالجة الرمز: NASDAQ:VBNK
2025-08-01 04:24:47,160 - INFO - ✅ NASDAQ:TCOM: 1000 سجل جديد، 0 سجل محدث
2025-08-01 04:24:47,185 - INFO - 📊 تم حفظ بيانات جديدة لـ NASDAQ:TCOM: 1000 صف
2025-08-01 04:24:47,185 - INFO - ✅ NASDAQ:TCOM: 1000 صف - MongoDB ✅ CSV ✅
2025-08-01 04:24:47,185 - INFO - 🔄 معالجة الرمز: NASDAQ:WBA
2025-08-01 04:24:50,853 - INFO - ✅ NASDAQ:ATLX: 1000 سجل جديد، 0 سجل محدث
2025-08-01 04:24:50,871 - INFO - 📊 تم حفظ بيانات جديدة لـ NASDAQ:ATLX: 1000 صف
2025-08-01 04:24:50,871 - INFO - ✅ NASDAQ:ATLX: 1000 صف - MongoDB ✅ CSV ✅
2025-08-01 04:24:50,872 - INFO - 🔄 معالجة الرمز: NASDAQ:BILI
2025-08-01 04:24:50,977 - INFO - ✅ NASDAQ:VBNK: 1000 سجل جديد، 0 سجل محدث
2025-08-01 04:24:51,004 - INFO - 📊 تم حفظ بيانات جديدة لـ NASDAQ:VBNK: 1000 صف
2025-08-01 04:24:51,008 - INFO - ✅ NASDAQ:VBNK: 1000 صف - MongoDB ✅ CSV ✅
2025-08-01 04:24:51,008 - INFO - 🔄 معالجة الرمز: NASDAQ:WW
2025-08-01 04:24:52,502 - ERROR - Connection to remote host was lost.
2025-08-01 04:24:52,502 - ERROR - لا توجد بيانات، يرجى التحقق من البورصة والرمز
2025-08-01 04:24:52,502 - WARNING - ⚠️ لم يتم جلب بيانات للرمز NASDAQ:BILI
2025-08-01 04:24:52,503 - INFO - 🔄 معالجة الرمز: NASDAQ:PENN
2025-08-01 04:24:53,154 - INFO - ✅ NASDAQ:WBA: 1000 سجل جديد، 0 سجل محدث
2025-08-01 04:24:53,174 - INFO - 📊 تم حفظ بيانات جديدة لـ NASDAQ:WBA: 1000 صف
2025-08-01 04:24:53,174 - INFO - ✅ NASDAQ:WBA: 1000 صف - MongoDB ✅ CSV ✅
2025-08-01 04:24:53,175 - INFO - 🔄 معالجة الرمز: NASDAQ:CROX
2025-08-01 04:24:56,447 - INFO - ✅ NASDAQ:WW: 1000 سجل جديد، 0 سجل محدث
2025-08-01 04:24:56,480 - INFO - 📊 تم حفظ بيانات جديدة لـ NASDAQ:WW: 1000 صف
2025-08-01 04:24:56,481 - INFO - ✅ NASDAQ:WW: 1000 صف - MongoDB ✅ CSV ✅
2025-08-01 04:24:56,481 - INFO - 🔄 معالجة الرمز: NASDAQ:JBHT
2025-08-01 04:24:57,705 - INFO - ✅ NASDAQ:PENN: 1000 سجل جديد، 0 سجل محدث
2025-08-01 04:24:57,735 - INFO - 📊 تم حفظ بيانات جديدة لـ NASDAQ:PENN: 1000 صف
2025-08-01 04:24:57,736 - INFO - ✅ NASDAQ:PENN: 1000 صف - MongoDB ✅ CSV ✅
2025-08-01 04:24:57,737 - INFO - 🔄 معالجة الرمز: NASDAQ:SMCI
2025-08-01 04:25:00,802 - INFO - ✅ NASDAQ:CROX: 1000 سجل جديد، 0 سجل محدث
2025-08-01 04:25:00,833 - INFO - 📊 تم حفظ بيانات جديدة لـ NASDAQ:CROX: 1000 صف
2025-08-01 04:25:00,833 - INFO - ✅ NASDAQ:CROX: 1000 صف - MongoDB ✅ CSV ✅
2025-08-01 04:25:00,833 - INFO - 🔄 معالجة الرمز: NASDAQ:CRSP
2025-08-01 04:25:01,053 - INFO - ✅ NASDAQ:JBHT: 1000 سجل جديد، 0 سجل محدث
2025-08-01 04:25:01,141 - INFO - 📊 تم حفظ بيانات جديدة لـ NASDAQ:JBHT: 1000 صف
2025-08-01 04:25:01,172 - INFO - ✅ NASDAQ:JBHT: 1000 صف - MongoDB ✅ CSV ✅
2025-08-01 04:25:01,188 - INFO - 🔄 معالجة الرمز: NASDAQ:MARA
2025-08-01 04:25:04,523 - INFO - ✅ NASDAQ:SMCI: 1000 سجل جديد، 0 سجل محدث
2025-08-01 04:25:04,549 - INFO - 📊 تم حفظ بيانات جديدة لـ NASDAQ:SMCI: 1000 صف
2025-08-01 04:25:04,549 - INFO - ✅ NASDAQ:SMCI: 1000 صف - MongoDB ✅ CSV ✅
2025-08-01 04:25:04,549 - INFO - 🔄 معالجة الرمز: NASDAQ:CAR
2025-08-01 04:25:05,753 - INFO - ✅ NASDAQ:CRSP: 1000 سجل جديد، 0 سجل محدث
2025-08-01 04:25:05,761 - INFO - ✅ NASDAQ:MARA: 1000 سجل جديد، 0 سجل محدث
2025-08-01 04:25:05,801 - INFO - 📊 تم حفظ بيانات جديدة لـ NASDAQ:MARA: 1000 صف
2025-08-01 04:25:05,803 - INFO - ✅ NASDAQ:MARA: 1000 صف - MongoDB ✅ CSV ✅
2025-08-01 04:25:05,807 - INFO - 🔄 معالجة الرمز: NASDAQ:MNMD
2025-08-01 04:25:05,809 - INFO - 📊 تم حفظ بيانات جديدة لـ NASDAQ:CRSP: 1000 صف
2025-08-01 04:25:05,815 - INFO - ✅ NASDAQ:CRSP: 1000 صف - MongoDB ✅ CSV ✅
2025-08-01 04:25:05,818 - INFO - 🔄 معالجة الرمز: NASDAQ:SWKS
2025-08-01 04:25:08,320 - INFO - ✅ NASDAQ:CAR: 1000 سجل جديد، 0 سجل محدث
2025-08-01 04:25:08,356 - INFO - 📊 تم حفظ بيانات جديدة لـ NASDAQ:CAR: 1000 صف
2025-08-01 04:25:08,357 - INFO - ✅ NASDAQ:CAR: 1000 صف - MongoDB ✅ CSV ✅
2025-08-01 04:25:08,359 - INFO - 🔄 معالجة الرمز: NASDAQ:INVZ
2025-08-01 04:25:12,311 - INFO - ✅ NASDAQ:SWKS: 1000 سجل جديد، 0 سجل محدث
2025-08-01 04:25:12,363 - INFO - 📊 تم حفظ بيانات جديدة لـ NASDAQ:SWKS: 1000 صف
2025-08-01 04:25:12,364 - INFO - ✅ NASDAQ:SWKS: 1000 صف - MongoDB ✅ CSV ✅
2025-08-01 04:25:12,364 - INFO - 🔄 معالجة الرمز: NASDAQ:VGLT
2025-08-01 04:25:14,038 - ERROR - Connection timed out
2025-08-01 04:25:14,038 - ERROR - لا توجد بيانات، يرجى التحقق من البورصة والرمز
2025-08-01 04:25:14,039 - WARNING - ⚠️ لم يتم جلب بيانات للرمز NASDAQ:MNMD
2025-08-01 04:25:14,039 - INFO - 🔄 معالجة الرمز: NASDAQ:LNTH
2025-08-01 04:25:15,601 - ERROR - Connection to remote host was lost.
2025-08-01 04:25:15,602 - ERROR - لا توجد بيانات، يرجى التحقق من البورصة والرمز
2025-08-01 04:25:15,603 - WARNING - ⚠️ لم يتم جلب بيانات للرمز NASDAQ:LNTH
2025-08-01 04:25:15,603 - INFO - 🔄 معالجة الرمز: NASDAQ:ARM
2025-08-01 04:25:17,411 - INFO - ✅ NASDAQ:VGLT: 1000 سجل جديد، 0 سجل محدث
2025-08-01 04:25:17,438 - INFO - 📊 تم حفظ بيانات جديدة لـ NASDAQ:VGLT: 1000 صف
2025-08-01 04:25:17,438 - INFO - ✅ NASDAQ:VGLT: 1000 صف - MongoDB ✅ CSV ✅
2025-08-01 04:25:17,439 - INFO - 🔄 معالجة الرمز: NYSE:MMM
2025-08-01 04:25:19,028 - INFO - ✅ NASDAQ:INVZ: 1000 سجل جديد، 0 سجل محدث
2025-08-01 04:25:19,058 - INFO - 📊 تم حفظ بيانات جديدة لـ NASDAQ:INVZ: 1000 صف
2025-08-01 04:25:19,059 - INFO - ✅ NASDAQ:INVZ: 1000 صف - MongoDB ✅ CSV ✅
2025-08-01 04:25:19,059 - INFO - 🔄 معالجة الرمز: NYSE:BA
2025-08-01 04:25:20,211 - INFO - ✅ NASDAQ:ARM: 1000 سجل جديد، 0 سجل محدث
2025-08-01 04:25:20,244 - INFO - 📊 تم حفظ بيانات جديدة لـ NASDAQ:ARM: 1000 صف
2025-08-01 04:25:20,245 - INFO - ✅ NASDAQ:ARM: 1000 صف - MongoDB ✅ CSV ✅
2025-08-01 04:25:20,246 - INFO - 🔄 معالجة الرمز: NYSE:SHAK
2025-08-01 04:25:20,492 - ERROR - Connection to remote host was lost.
2025-08-01 04:25:20,492 - ERROR - لا توجد بيانات، يرجى التحقق من البورصة والرمز
2025-08-01 04:25:20,493 - WARNING - ⚠️ لم يتم جلب بيانات للرمز NYSE:BA
2025-08-01 04:25:20,493 - INFO - 🔄 معالجة الرمز: NYSE:RBLX
2025-08-01 04:25:23,420 - INFO - ✅ NYSE:MMM: 1000 سجل جديد، 0 سجل محدث
2025-08-01 04:25:23,479 - INFO - 📊 تم حفظ بيانات جديدة لـ NYSE:MMM: 1000 صف
2025-08-01 04:25:23,480 - INFO - ✅ NYSE:MMM: 1000 صف - MongoDB ✅ CSV ✅
2025-08-01 04:25:23,481 - INFO - 🔄 معالجة الرمز: NYSE:WELL
2025-08-01 04:25:25,201 - INFO - ✅ NYSE:SHAK: 1000 سجل جديد، 0 سجل محدث
2025-08-01 04:25:25,224 - INFO - 📊 تم حفظ بيانات جديدة لـ NYSE:SHAK: 1000 صف
2025-08-01 04:25:25,225 - INFO - ✅ NYSE:SHAK: 1000 صف - MongoDB ✅ CSV ✅
2025-08-01 04:25:25,225 - INFO - 🔄 معالجة الرمز: NYSE:SPCE
2025-08-01 04:25:26,285 - INFO - ✅ NYSE:RBLX: 1000 سجل جديد، 0 سجل محدث
2025-08-01 04:25:26,312 - INFO - 📊 تم حفظ بيانات جديدة لـ NYSE:RBLX: 1000 صف
2025-08-01 04:25:26,313 - INFO - ✅ NYSE:RBLX: 1000 صف - MongoDB ✅ CSV ✅
2025-08-01 04:25:26,314 - INFO - 🔄 معالجة الرمز: NYSE:GS
2025-08-01 04:25:28,241 - INFO - ✅ NYSE:WELL: 1000 سجل جديد، 0 سجل محدث
2025-08-01 04:25:28,271 - INFO - 📊 تم حفظ بيانات جديدة لـ NYSE:WELL: 1000 صف
2025-08-01 04:25:28,271 - INFO - ✅ NYSE:WELL: 1000 صف - MongoDB ✅ CSV ✅
2025-08-01 04:25:28,272 - INFO - 🔄 معالجة الرمز: NYSE:AMC
2025-08-01 04:25:31,463 - INFO - ✅ NYSE:SPCE: 1000 سجل جديد، 0 سجل محدث
2025-08-01 04:25:31,493 - INFO - 📊 تم حفظ بيانات جديدة لـ NYSE:SPCE: 1000 صف
2025-08-01 04:25:31,500 - INFO - ✅ NYSE:SPCE: 1000 صف - MongoDB ✅ CSV ✅
2025-08-01 04:25:31,503 - INFO - 🔄 معالجة الرمز: NYSE:GE
2025-08-01 04:25:32,998 - INFO - ✅ NYSE:AMC: 1000 سجل جديد، 0 سجل محدث
2025-08-01 04:25:33,037 - INFO - 📊 تم حفظ بيانات جديدة لـ NYSE:AMC: 1000 صف
2025-08-01 04:25:33,038 - INFO - ✅ NYSE:AMC: 1000 صف - MongoDB ✅ CSV ✅
2025-08-01 04:25:33,039 - INFO - 🔄 معالجة الرمز: NYSE:FDX
2025-08-01 04:25:35,324 - INFO - ✅ NYSE:GS: 1000 سجل جديد، 0 سجل محدث
2025-08-01 04:25:35,349 - INFO - 📊 تم حفظ بيانات جديدة لـ NYSE:GS: 1000 صف
2025-08-01 04:25:35,350 - INFO - ✅ NYSE:GS: 1000 صف - MongoDB ✅ CSV ✅
2025-08-01 04:25:35,352 - INFO - 🔄 معالجة الرمز: NYSE:LUV
2025-08-01 04:25:36,917 - INFO - ✅ NYSE:GE: 1000 سجل جديد، 0 سجل محدث
2025-08-01 04:25:36,949 - INFO - 📊 تم حفظ بيانات جديدة لـ NYSE:GE: 1000 صف
2025-08-01 04:25:36,950 - INFO - ✅ NYSE:GE: 1000 صف - MongoDB ✅ CSV ✅
2025-08-01 04:25:36,950 - INFO - 🔄 معالجة الرمز: NYSE:NKE
2025-08-01 04:25:37,221 - ERROR - Connection to remote host was lost.
2025-08-01 04:25:37,221 - ERROR - لا توجد بيانات، يرجى التحقق من البورصة والرمز
2025-08-01 04:25:37,222 - WARNING - ⚠️ لم يتم جلب بيانات للرمز NYSE:LUV
2025-08-01 04:25:37,222 - INFO - 🔄 معالجة الرمز: NYSE:BAC
2025-08-01 04:25:39,667 - INFO - ✅ NYSE:FDX: 1000 سجل جديد، 0 سجل محدث
2025-08-01 04:25:39,701 - INFO - 📊 تم حفظ بيانات جديدة لـ NYSE:FDX: 1000 صف
2025-08-01 04:25:39,702 - INFO - ✅ NYSE:FDX: 1000 صف - MongoDB ✅ CSV ✅
2025-08-01 04:25:39,703 - INFO - 🔄 معالجة الرمز: NYSE:U
2025-08-01 04:25:42,137 - INFO - ✅ NYSE:NKE: 1000 سجل جديد، 0 سجل محدث
2025-08-01 04:25:42,161 - INFO - 📊 تم حفظ بيانات جديدة لـ NYSE:NKE: 1000 صف
2025-08-01 04:25:42,163 - INFO - ✅ NYSE:NKE: 1000 صف - MongoDB ✅ CSV ✅
2025-08-01 04:25:42,165 - INFO - 🔄 معالجة الرمز: NYSE:HSY
2025-08-01 04:25:43,049 - INFO - ✅ NYSE:U: 1000 سجل جديد، 0 سجل محدث
2025-08-01 04:25:43,072 - INFO - 📊 تم حفظ بيانات جديدة لـ NYSE:U: 1000 صف
2025-08-01 04:25:43,073 - INFO - ✅ NYSE:U: 1000 صف - MongoDB ✅ CSV ✅
2025-08-01 04:25:43,074 - INFO - 🔄 معالجة الرمز: NYSE:SQ
2025-08-01 04:25:44,942 - INFO - ✅ NYSE:HSY: 1000 سجل جديد، 0 سجل محدث
2025-08-01 04:25:44,967 - INFO - 📊 تم حفظ بيانات جديدة لـ NYSE:HSY: 1000 صف
2025-08-01 04:25:44,967 - INFO - ✅ NYSE:HSY: 1000 صف - MongoDB ✅ CSV ✅
2025-08-01 04:25:44,968 - INFO - 🔄 معالجة الرمز: NYSE:PFE
2025-08-01 04:25:45,819 - INFO - ✅ NYSE:SQ: 1000 سجل جديد، 0 سجل محدث
2025-08-01 04:25:45,850 - INFO - 📊 تم حفظ بيانات جديدة لـ NYSE:SQ: 1000 صف
2025-08-01 04:25:45,850 - INFO - ✅ NYSE:SQ: 1000 صف - MongoDB ✅ CSV ✅
2025-08-01 04:25:45,851 - INFO - 🔄 معالجة الرمز: NYSE:SHOP
2025-08-01 04:25:46,850 - INFO - ✅ NYSE:BAC: 1000 سجل جديد، 0 سجل محدث
2025-08-01 04:25:46,885 - INFO - 📊 تم حفظ بيانات جديدة لـ NYSE:BAC: 1000 صف
2025-08-01 04:25:46,885 - INFO - ✅ NYSE:BAC: 1000 صف - MongoDB ✅ CSV ✅
2025-08-01 04:25:46,886 - INFO - 🔄 معالجة الرمز: NYSE:SNOW
2025-08-01 04:25:47,828 - INFO - ✅ NYSE:PFE: 1000 سجل جديد، 0 سجل محدث
2025-08-01 04:25:47,856 - INFO - 📊 تم حفظ بيانات جديدة لـ NYSE:PFE: 1000 صف
2025-08-01 04:25:47,859 - INFO - ✅ NYSE:PFE: 1000 صف - MongoDB ✅ CSV ✅
2025-08-01 04:25:47,861 - INFO - 🔄 معالجة الرمز: NYSE:SNAP
2025-08-01 04:25:51,048 - INFO - ✅ NYSE:SNAP: 1000 سجل جديد، 0 سجل محدث
2025-08-01 04:25:51,076 - INFO - 📊 تم حفظ بيانات جديدة لـ NYSE:SNAP: 1000 صف
2025-08-01 04:25:51,077 - INFO - ✅ NYSE:SNAP: 1000 صف - MongoDB ✅ CSV ✅
2025-08-01 04:25:51,078 - INFO - 🔄 معالجة الرمز: NYSE:DIS
2025-08-01 04:25:51,752 - ERROR - Connection timed out
2025-08-01 04:25:51,752 - ERROR - لا توجد بيانات، يرجى التحقق من البورصة والرمز
2025-08-01 04:25:51,752 - WARNING - ⚠️ لم يتم جلب بيانات للرمز NYSE:SHOP
2025-08-01 04:25:51,753 - INFO - 🔄 معالجة الرمز: NYSE:HD
2025-08-01 04:25:52,837 - INFO - ✅ NYSE:SNOW: 1000 سجل جديد، 0 سجل محدث
2025-08-01 04:25:52,865 - INFO - 📊 تم حفظ بيانات جديدة لـ NYSE:SNOW: 1000 صف
2025-08-01 04:25:52,866 - INFO - ✅ NYSE:SNOW: 1000 صف - MongoDB ✅ CSV ✅
2025-08-01 04:25:52,867 - INFO - 🔄 معالجة الرمز: NYSE:BABA
2025-08-01 04:25:53,820 - INFO - ✅ NYSE:DIS: 1000 سجل جديد، 0 سجل محدث
2025-08-01 04:25:53,843 - ERROR - Connection to remote host was lost.
2025-08-01 04:25:53,844 - ERROR - لا توجد بيانات، يرجى التحقق من البورصة والرمز
2025-08-01 04:25:53,847 - WARNING - ⚠️ لم يتم جلب بيانات للرمز NYSE:BABA
2025-08-01 04:25:53,849 - INFO - 🔄 معالجة الرمز: NYSE:CAT
2025-08-01 04:25:53,850 - INFO - 📊 تم حفظ بيانات جديدة لـ NYSE:DIS: 1000 صف
2025-08-01 04:25:53,853 - INFO - ✅ NYSE:DIS: 1000 صف - MongoDB ✅ CSV ✅
2025-08-01 04:25:53,854 - INFO - 🔄 معالجة الرمز: NYSE:JNJ
2025-08-01 04:25:54,824 - ERROR - Connection to remote host was lost.
2025-08-01 04:25:54,825 - ERROR - لا توجد بيانات، يرجى التحقق من البورصة والرمز
2025-08-01 04:25:54,826 - WARNING - ⚠️ لم يتم جلب بيانات للرمز NYSE:CAT
2025-08-01 04:25:54,826 - INFO - 🔄 معالجة الرمز: NYSE:WFC
2025-08-01 04:25:58,147 - INFO - ✅ NYSE:JNJ: 1000 سجل جديد، 0 سجل محدث
2025-08-01 04:25:58,181 - INFO - 📊 تم حفظ بيانات جديدة لـ NYSE:JNJ: 1000 صف
2025-08-01 04:25:58,182 - INFO - ✅ NYSE:JNJ: 1000 صف - MongoDB ✅ CSV ✅
2025-08-01 04:25:58,183 - INFO - 🔄 معالجة الرمز: NYSE:PG
2025-08-01 04:25:58,254 - INFO - ✅ NYSE:HD: 1000 سجل جديد، 0 سجل محدث
2025-08-01 04:25:58,300 - INFO - 📊 تم حفظ بيانات جديدة لـ NYSE:HD: 1000 صف
2025-08-01 04:25:58,300 - INFO - ✅ NYSE:HD: 1000 صف - MongoDB ✅ CSV ✅
2025-08-01 04:25:58,301 - INFO - 🔄 معالجة الرمز: NYSE:MCD
2025-08-01 04:26:00,883 - INFO - ✅ NYSE:PG: 1000 سجل جديد، 0 سجل محدث
2025-08-01 04:26:00,916 - INFO - 📊 تم حفظ بيانات جديدة لـ NYSE:PG: 1000 صف
2025-08-01 04:26:00,916 - INFO - ✅ NYSE:PG: 1000 صف - MongoDB ✅ CSV ✅
2025-08-01 04:26:00,916 - INFO - 🔄 معالجة الرمز: NYSE:X
2025-08-01 04:26:02,230 - INFO - ✅ NYSE:MCD: 1000 سجل جديد، 0 سجل محدث
2025-08-01 04:26:02,258 - INFO - 📊 تم حفظ بيانات جديدة لـ NYSE:MCD: 1000 صف
2025-08-01 04:26:02,258 - INFO - ✅ NYSE:MCD: 1000 صف - MongoDB ✅ CSV ✅
2025-08-01 04:26:02,259 - INFO - 🔄 معالجة الرمز: NYSE:ABBV
2025-08-01 04:26:03,639 - ERROR - Connection to remote host was lost.
2025-08-01 04:26:03,640 - ERROR - لا توجد بيانات، يرجى التحقق من البورصة والرمز
2025-08-01 04:26:03,640 - WARNING - ⚠️ لم يتم جلب بيانات للرمز NYSE:ABBV
2025-08-01 04:26:03,641 - INFO - 🔄 معالجة الرمز: NYSE:LMT
2025-08-01 04:26:04,799 - INFO - ✅ NYSE:X: 1000 سجل جديد، 0 سجل محدث
2025-08-01 04:26:04,824 - INFO - 📊 تم حفظ بيانات جديدة لـ NYSE:X: 1000 صف
2025-08-01 04:26:04,825 - INFO - ✅ NYSE:X: 1000 صف - MongoDB ✅ CSV ✅
2025-08-01 04:26:04,826 - INFO - 🔄 معالجة الرمز: NYSE:SWK
2025-08-01 04:26:06,929 - INFO - ✅ NYSE:LMT: 1000 سجل جديد، 0 سجل محدث
2025-08-01 04:26:06,952 - INFO - 📊 تم حفظ بيانات جديدة لـ NYSE:LMT: 1000 صف
2025-08-01 04:26:06,954 - INFO - ✅ NYSE:LMT: 1000 صف - MongoDB ✅ CSV ✅
2025-08-01 04:26:06,955 - INFO - 🔄 معالجة الرمز: NYSE:SYK
2025-08-01 04:26:08,731 - INFO - ✅ NYSE:SWK: 1000 سجل جديد، 0 سجل محدث
2025-08-01 04:26:08,756 - INFO - 📊 تم حفظ بيانات جديدة لـ NYSE:SWK: 1000 صف
2025-08-01 04:26:08,756 - INFO - ✅ NYSE:SWK: 1000 صف - MongoDB ✅ CSV ✅
2025-08-01 04:26:08,757 - INFO - 🔄 معالجة الرمز: NYSE:IBM
2025-08-01 04:26:08,855 - INFO - ✅ NYSE:WFC: 1000 سجل جديد، 0 سجل محدث
2025-08-01 04:26:08,895 - INFO - 📊 تم حفظ بيانات جديدة لـ NYSE:WFC: 1000 صف
2025-08-01 04:26:08,896 - INFO - ✅ NYSE:WFC: 1000 صف - MongoDB ✅ CSV ✅
2025-08-01 04:26:08,897 - INFO - 🔄 معالجة الرمز: NYSE:CF
2025-08-01 04:26:10,927 - INFO - ✅ NYSE:SYK: 1000 سجل جديد، 0 سجل محدث
2025-08-01 04:26:10,959 - INFO - 📊 تم حفظ بيانات جديدة لـ NYSE:SYK: 1000 صف
2025-08-01 04:26:10,961 - INFO - ✅ NYSE:SYK: 1000 صف - MongoDB ✅ CSV ✅
2025-08-01 04:26:10,963 - INFO - 🔄 معالجة الرمز: NYSE:BBWI
2025-08-01 04:26:11,827 - INFO - ✅ NYSE:IBM: 1000 سجل جديد، 0 سجل محدث
2025-08-01 04:26:11,854 - INFO - 📊 تم حفظ بيانات جديدة لـ NYSE:IBM: 1000 صف
2025-08-01 04:26:11,855 - INFO - ✅ NYSE:IBM: 1000 صف - MongoDB ✅ CSV ✅
2025-08-01 04:26:11,855 - INFO - 🔄 معالجة الرمز: NYSE:NIO
2025-08-01 04:26:13,032 - INFO - ✅ NYSE:CF: 1000 سجل جديد، 0 سجل محدث
2025-08-01 04:26:13,068 - INFO - 📊 تم حفظ بيانات جديدة لـ NYSE:CF: 1000 صف
2025-08-01 04:26:13,070 - INFO - ✅ NYSE:CF: 1000 صف - MongoDB ✅ CSV ✅
2025-08-01 04:26:13,072 - INFO - 🔄 معالجة الرمز: NYSE:GME
2025-08-01 04:26:15,320 - INFO - ✅ NYSE:BBWI: 1000 سجل جديد، 0 سجل محدث
2025-08-01 04:26:15,373 - INFO - 📊 تم حفظ بيانات جديدة لـ NYSE:BBWI: 1000 صف
2025-08-01 04:26:15,374 - INFO - ✅ NYSE:BBWI: 1000 صف - MongoDB ✅ CSV ✅
2025-08-01 04:26:15,374 - INFO - 🔄 معالجة الرمز: NYSE:AA
2025-08-01 04:26:15,401 - INFO - ✅ NYSE:NIO: 1000 سجل جديد، 0 سجل محدث
2025-08-01 04:26:15,428 - INFO - 📊 تم حفظ بيانات جديدة لـ NYSE:NIO: 1000 صف
2025-08-01 04:26:15,430 - INFO - ✅ NYSE:NIO: 1000 صف - MongoDB ✅ CSV ✅
2025-08-01 04:26:15,432 - INFO - 🔄 معالجة الرمز: NYSE:BBY
2025-08-01 04:26:16,130 - INFO - ✅ NYSE:GME: 1000 سجل جديد، 0 سجل محدث
2025-08-01 04:26:16,156 - INFO - 📊 تم حفظ بيانات جديدة لـ NYSE:GME: 1000 صف
2025-08-01 04:26:16,157 - INFO - ✅ NYSE:GME: 1000 صف - MongoDB ✅ CSV ✅
2025-08-01 04:26:16,158 - INFO - 🔄 معالجة الرمز: NYSE:EOG
2025-08-01 04:26:19,052 - INFO - ✅ NYSE:AA: 1000 سجل جديد، 0 سجل محدث
2025-08-01 04:26:19,084 - INFO - 📊 تم حفظ بيانات جديدة لـ NYSE:AA: 1000 صف
2025-08-01 04:26:19,086 - INFO - ✅ NYSE:AA: 1000 صف - MongoDB ✅ CSV ✅
2025-08-01 04:26:19,088 - INFO - 🔄 معالجة الرمز: NYSE:MA
2025-08-01 04:26:20,202 - INFO - ✅ NYSE:BBY: 1000 سجل جديد، 0 سجل محدث
2025-08-01 04:26:20,231 - INFO - 📊 تم حفظ بيانات جديدة لـ NYSE:BBY: 1000 صف
2025-08-01 04:26:20,233 - INFO - ✅ NYSE:BBY: 1000 صف - MongoDB ✅ CSV ✅
2025-08-01 04:26:20,234 - INFO - 🔄 معالجة الرمز: NYSE:V
2025-08-01 04:26:20,378 - INFO - ✅ NYSE:EOG: 1000 سجل جديد، 0 سجل محدث
2025-08-01 04:26:20,407 - INFO - 📊 تم حفظ بيانات جديدة لـ NYSE:EOG: 1000 صف
2025-08-01 04:26:20,408 - INFO - ✅ NYSE:EOG: 1000 صف - MongoDB ✅ CSV ✅
2025-08-01 04:26:20,439 - INFO - 🔄 معالجة الرمز: NYSE:NTR
2025-08-01 04:26:22,048 - INFO - ✅ NYSE:MA: 1000 سجل جديد، 0 سجل محدث
2025-08-01 04:26:22,084 - INFO - 📊 تم حفظ بيانات جديدة لـ NYSE:MA: 1000 صف
2025-08-01 04:26:22,085 - INFO - ✅ NYSE:MA: 1000 صف - MongoDB ✅ CSV ✅
2025-08-01 04:26:22,085 - INFO - 🔄 معالجة الرمز: NYSE:GRMN
2025-08-01 04:26:24,376 - INFO - ✅ NYSE:V: 1000 سجل جديد، 0 سجل محدث
2025-08-01 04:26:24,402 - INFO - 📊 تم حفظ بيانات جديدة لـ NYSE:V: 1000 صف
2025-08-01 04:26:24,402 - INFO - ✅ NYSE:V: 1000 صف - MongoDB ✅ CSV ✅
2025-08-01 04:26:24,403 - INFO - 🔄 معالجة الرمز: NYSE:WMT
2025-08-01 04:26:24,914 - INFO - ✅ NYSE:NTR: 1000 سجل جديد، 0 سجل محدث
2025-08-01 04:26:24,949 - INFO - 📊 تم حفظ بيانات جديدة لـ NYSE:NTR: 1000 صف
2025-08-01 04:26:24,950 - INFO - ✅ NYSE:NTR: 1000 صف - MongoDB ✅ CSV ✅
2025-08-01 04:26:24,950 - INFO - 🔄 معالجة الرمز: NYSE:TSN
2025-08-01 04:26:27,069 - INFO - ✅ NYSE:GRMN: 1000 سجل جديد، 0 سجل محدث
2025-08-01 04:26:27,100 - INFO - 📊 تم حفظ بيانات جديدة لـ NYSE:GRMN: 1000 صف
2025-08-01 04:26:27,100 - INFO - ✅ NYSE:GRMN: 1000 صف - MongoDB ✅ CSV ✅
2025-08-01 04:26:27,101 - INFO - 🔄 معالجة الرمز: NYSE:D
2025-08-01 04:26:28,514 - INFO - ✅ NYSE:TSN: 1000 سجل جديد، 0 سجل محدث
2025-08-01 04:26:28,516 - INFO - ✅ NYSE:WMT: 1000 سجل جديد، 0 سجل محدث
2025-08-01 04:26:28,551 - INFO - 📊 تم حفظ بيانات جديدة لـ NYSE:TSN: 1000 صف
2025-08-01 04:26:28,552 - INFO - ✅ NYSE:TSN: 1000 صف - MongoDB ✅ CSV ✅
2025-08-01 04:26:28,554 - INFO - 🔄 معالجة الرمز: NYSE:RL
2025-08-01 04:26:28,555 - INFO - 📊 تم حفظ بيانات جديدة لـ NYSE:WMT: 1000 صف
2025-08-01 04:26:28,555 - INFO - ✅ NYSE:WMT: 1000 صف - MongoDB ✅ CSV ✅
2025-08-01 04:26:28,555 - INFO - 🔄 معالجة الرمز: NYSE:MRO
2025-08-01 04:26:30,698 - INFO - ✅ NYSE:D: 1000 سجل جديد، 0 سجل محدث
2025-08-01 04:26:30,720 - INFO - 📊 تم حفظ بيانات جديدة لـ NYSE:D: 1000 صف
2025-08-01 04:26:30,721 - INFO - ✅ NYSE:D: 1000 صف - MongoDB ✅ CSV ✅
2025-08-01 04:26:30,721 - INFO - 🔄 معالجة الرمز: NYSE:KOS
2025-08-01 04:26:32,918 - INFO - ✅ NYSE:RL: 1000 سجل جديد، 0 سجل محدث
2025-08-01 04:26:32,949 - INFO - 📊 تم حفظ بيانات جديدة لـ NYSE:RL: 1000 صف
2025-08-01 04:26:32,949 - INFO - ✅ NYSE:RL: 1000 صف - MongoDB ✅ CSV ✅
2025-08-01 04:26:32,949 - INFO - 🔄 معالجة الرمز: NYSE:DINO
2025-08-01 04:26:34,512 - INFO - ✅ NYSE:KOS: 1000 سجل جديد، 0 سجل محدث
2025-08-01 04:26:34,517 - ERROR - Connection timed out
2025-08-01 04:26:34,518 - ERROR - لا توجد بيانات، يرجى التحقق من البورصة والرمز
2025-08-01 04:26:34,518 - WARNING - ⚠️ لم يتم جلب بيانات للرمز NYSE:MRO
2025-08-01 04:26:34,518 - INFO - 🔄 معالجة الرمز: NYSE:LOW
2025-08-01 04:26:34,539 - INFO - 📊 تم حفظ بيانات جديدة لـ NYSE:KOS: 1000 صف
2025-08-01 04:26:34,540 - INFO - ✅ NYSE:KOS: 1000 صف - MongoDB ✅ CSV ✅
2025-08-01 04:26:34,540 - INFO - 🔄 معالجة الرمز: NYSE:TGT
2025-08-01 04:26:37,084 - INFO - ✅ NYSE:DINO: 1000 سجل جديد، 0 سجل محدث
2025-08-01 04:26:37,146 - INFO - 📊 تم حفظ بيانات جديدة لـ NYSE:DINO: 1000 صف
2025-08-01 04:26:37,148 - INFO - ✅ NYSE:DINO: 1000 صف - MongoDB ✅ CSV ✅
2025-08-01 04:26:37,148 - INFO - 🔄 معالجة الرمز: NYSE:TJX
2025-08-01 04:26:39,045 - INFO - ✅ NYSE:LOW: 1000 سجل جديد، 0 سجل محدث
2025-08-01 04:26:39,075 - INFO - 📊 تم حفظ بيانات جديدة لـ NYSE:LOW: 1000 صف
2025-08-01 04:26:39,076 - INFO - ✅ NYSE:LOW: 1000 صف - MongoDB ✅ CSV ✅
2025-08-01 04:26:39,079 - INFO - 🔄 معالجة الرمز: NYSE:KSS
2025-08-01 04:26:40,163 - INFO - ✅ NYSE:TGT: 1000 سجل جديد، 0 سجل محدث
2025-08-01 04:26:40,199 - INFO - 📊 تم حفظ بيانات جديدة لـ NYSE:TGT: 1000 صف
2025-08-01 04:26:40,200 - INFO - ✅ NYSE:TGT: 1000 صف - MongoDB ✅ CSV ✅
2025-08-01 04:26:40,201 - INFO - 🔄 معالجة الرمز: NYSE:BJ
2025-08-01 04:26:42,329 - INFO - ✅ NYSE:TJX: 1000 سجل جديد، 0 سجل محدث
2025-08-01 04:26:42,363 - INFO - 📊 تم حفظ بيانات جديدة لـ NYSE:TJX: 1000 صف
2025-08-01 04:26:42,367 - INFO - ✅ NYSE:TJX: 1000 صف - MongoDB ✅ CSV ✅
2025-08-01 04:26:42,370 - INFO - 🔄 معالجة الرمز: NYSE:TPR
2025-08-01 04:26:43,937 - INFO - ✅ NYSE:KSS: 1000 سجل جديد، 0 سجل محدث
2025-08-01 04:26:43,979 - INFO - 📊 تم حفظ بيانات جديدة لـ NYSE:KSS: 1000 صف
2025-08-01 04:26:43,980 - INFO - ✅ NYSE:KSS: 1000 صف - MongoDB ✅ CSV ✅
2025-08-01 04:26:43,980 - INFO - 🔄 معالجة الرمز: NYSE:SQM
2025-08-01 04:26:46,845 - INFO - ✅ NYSE:BJ: 1000 سجل جديد، 0 سجل محدث
2025-08-01 04:26:46,881 - INFO - 📊 تم حفظ بيانات جديدة لـ NYSE:BJ: 1000 صف
2025-08-01 04:26:46,882 - INFO - ✅ NYSE:BJ: 1000 صف - MongoDB ✅ CSV ✅
2025-08-01 04:26:46,882 - INFO - 🔄 معالجة الرمز: NYSE:SPOT
2025-08-01 04:26:47,248 - INFO - ✅ NYSE:TPR: 1000 سجل جديد، 0 سجل محدث
2025-08-01 04:26:47,280 - INFO - 📊 تم حفظ بيانات جديدة لـ NYSE:TPR: 1000 صف
2025-08-01 04:26:47,282 - INFO - ✅ NYSE:TPR: 1000 صف - MongoDB ✅ CSV ✅
2025-08-01 04:26:47,282 - INFO - 🔄 معالجة الرمز: NYSE:DE
2025-08-01 04:26:47,860 - INFO - ✅ NYSE:SQM: 1000 سجل جديد، 0 سجل محدث
2025-08-01 04:26:47,924 - INFO - 📊 تم حفظ بيانات جديدة لـ NYSE:SQM: 1000 صف
2025-08-01 04:26:47,926 - INFO - ✅ NYSE:SQM: 1000 صف - MongoDB ✅ CSV ✅
2025-08-01 04:26:47,926 - INFO - 🔄 معالجة الرمز: NYSE:FL
2025-08-01 04:26:52,596 - INFO - ✅ NYSE:SPOT: 1000 سجل جديد، 0 سجل محدث
2025-08-01 04:26:52,623 - INFO - 📊 تم حفظ بيانات جديدة لـ NYSE:SPOT: 1000 صف
2025-08-01 04:26:52,624 - INFO - ✅ NYSE:SPOT: 1000 صف - MongoDB ✅ CSV ✅
2025-08-01 04:26:52,625 - INFO - 🔄 معالجة الرمز: NYSE:VIPS
2025-08-01 04:26:52,664 - INFO - ✅ NYSE:FL: 1000 سجل جديد، 0 سجل محدث
2025-08-01 04:26:52,692 - INFO - 📊 تم حفظ بيانات جديدة لـ NYSE:FL: 1000 صف
2025-08-01 04:26:52,694 - INFO - ✅ NYSE:FL: 1000 صف - MongoDB ✅ CSV ✅
2025-08-01 04:26:52,695 - INFO - 🔄 معالجة الرمز: NYSE:BLND
2025-08-01 04:26:54,828 - ERROR - Connection timed out
2025-08-01 04:26:54,828 - ERROR - لا توجد بيانات، يرجى التحقق من البورصة والرمز
2025-08-01 04:26:54,828 - WARNING - ⚠️ لم يتم جلب بيانات للرمز NYSE:DE
2025-08-01 04:26:54,828 - INFO - 🔄 معالجة الرمز: NYSE:ZIM
2025-08-01 04:26:57,522 - INFO - ✅ NYSE:VIPS: 1000 سجل جديد، 0 سجل محدث
2025-08-01 04:26:57,557 - INFO - 📊 تم حفظ بيانات جديدة لـ NYSE:VIPS: 1000 صف
2025-08-01 04:26:57,559 - INFO - ✅ NYSE:VIPS: 1000 صف - MongoDB ✅ CSV ✅
2025-08-01 04:26:57,562 - INFO - 🔄 معالجة الرمز: NYSE:VZ
2025-08-01 04:26:58,731 - INFO - ✅ NYSE:ZIM: 1000 سجل جديد، 0 سجل محدث
2025-08-01 04:26:58,764 - INFO - 📊 تم حفظ بيانات جديدة لـ NYSE:ZIM: 1000 صف
2025-08-01 04:26:58,765 - INFO - ✅ NYSE:ZIM: 1000 صف - MongoDB ✅ CSV ✅
2025-08-01 04:26:58,766 - INFO - 🔄 معالجة الرمز: NYSE:HKD
2025-08-01 04:27:00,659 - ERROR - Connection timed out
2025-08-01 04:27:00,660 - ERROR - لا توجد بيانات، يرجى التحقق من البورصة والرمز
2025-08-01 04:27:00,661 - WARNING - ⚠️ لم يتم جلب بيانات للرمز NYSE:BLND
2025-08-01 04:27:00,661 - INFO - 🔄 معالجة الرمز: NYSE:RRC
2025-08-01 04:27:03,439 - INFO - ✅ NYSE:HKD: 1000 سجل جديد، 0 سجل محدث
2025-08-01 04:27:03,441 - INFO - ✅ NYSE:VZ: 1000 سجل جديد، 0 سجل محدث
2025-08-01 04:27:03,482 - INFO - 📊 تم حفظ بيانات جديدة لـ NYSE:HKD: 1000 صف
2025-08-01 04:27:03,494 - INFO - ✅ NYSE:HKD: 1000 صف - MongoDB ✅ CSV ✅
2025-08-01 04:27:03,511 - INFO - 🔄 معالجة الرمز: NYSE:NOW
2025-08-01 04:27:03,514 - INFO - 📊 تم حفظ بيانات جديدة لـ NYSE:VZ: 1000 صف
2025-08-01 04:27:03,529 - INFO - ✅ NYSE:VZ: 1000 صف - MongoDB ✅ CSV ✅
2025-08-01 04:27:03,535 - INFO - 🔄 معالجة الرمز: NYSE:PAYC
2025-08-01 04:27:06,951 - INFO - ✅ NYSE:RRC: 1000 سجل جديد، 0 سجل محدث
2025-08-01 04:27:06,980 - INFO - 📊 تم حفظ بيانات جديدة لـ NYSE:RRC: 1000 صف
2025-08-01 04:27:06,980 - INFO - ✅ NYSE:RRC: 1000 صف - MongoDB ✅ CSV ✅
2025-08-01 04:27:06,982 - INFO - 🔄 معالجة الرمز: NYSE:CLX
2025-08-01 04:27:09,874 - INFO - ✅ NYSE:NOW: 1000 سجل جديد، 0 سجل محدث
2025-08-01 04:27:09,938 - INFO - 📊 تم حفظ بيانات جديدة لـ NYSE:NOW: 1000 صف
2025-08-01 04:27:09,939 - INFO - ✅ NYSE:NOW: 1000 صف - MongoDB ✅ CSV ✅
2025-08-01 04:27:09,940 - INFO - 🔄 معالجة الرمز: NYSE:WAL
2025-08-01 04:27:11,404 - ERROR - Connection to remote host was lost.
2025-08-01 04:27:11,405 - ERROR - لا توجد بيانات، يرجى التحقق من البورصة والرمز
2025-08-01 04:27:11,405 - WARNING - ⚠️ لم يتم جلب بيانات للرمز NYSE:WAL
2025-08-01 04:27:11,406 - INFO - 🔄 معالجة الرمز: NYSE:HPE
2025-08-01 04:27:11,484 - INFO - ✅ NYSE:PAYC: 1000 سجل جديد، 0 سجل محدث
2025-08-01 04:27:11,517 - INFO - 📊 تم حفظ بيانات جديدة لـ NYSE:PAYC: 1000 صف
2025-08-01 04:27:11,517 - INFO - ✅ NYSE:PAYC: 1000 صف - MongoDB ✅ CSV ✅
2025-08-01 04:27:11,518 - INFO - 🔄 معالجة الرمز: NYSE:HPQ
2025-08-01 04:27:11,894 - INFO - ✅ NYSE:CLX: 1000 سجل جديد، 0 سجل محدث
2025-08-01 04:27:11,925 - INFO - 📊 تم حفظ بيانات جديدة لـ NYSE:CLX: 1000 صف
2025-08-01 04:27:11,925 - INFO - ✅ NYSE:CLX: 1000 صف - MongoDB ✅ CSV ✅
2025-08-01 04:27:11,926 - INFO - 🔄 معالجة الرمز: NYSE:UHAL
2025-08-01 04:27:16,621 - INFO - ✅ NYSE:HPE: 1000 سجل جديد، 0 سجل محدث
2025-08-01 04:27:16,641 - INFO - ✅ NYSE:HPQ: 1000 سجل جديد، 0 سجل محدث
2025-08-01 04:27:16,654 - INFO - 📊 تم حفظ بيانات جديدة لـ NYSE:HPE: 1000 صف
2025-08-01 04:27:16,655 - INFO - ✅ NYSE:HPE: 1000 صف - MongoDB ✅ CSV ✅
2025-08-01 04:27:16,660 - INFO - 🔄 معالجة الرمز: NYSE:AI
2025-08-01 04:27:16,673 - INFO - 📊 تم حفظ بيانات جديدة لـ NYSE:HPQ: 1000 صف
2025-08-01 04:27:16,674 - INFO - ✅ NYSE:HPQ: 1000 صف - MongoDB ✅ CSV ✅
2025-08-01 04:27:16,674 - INFO - 🔄 معالجة الرمز: NYSE:CCJ
2025-08-01 04:27:17,316 - INFO - ✅ NYSE:UHAL: 1000 سجل جديد، 0 سجل محدث
2025-08-01 04:27:17,379 - INFO - 📊 تم حفظ بيانات جديدة لـ NYSE:UHAL: 1000 صف
2025-08-01 04:27:17,381 - INFO - ✅ NYSE:UHAL: 1000 صف - MongoDB ✅ CSV ✅
2025-08-01 04:27:17,382 - INFO - 🔄 معالجة الرمز: NYSE:UNFI
2025-08-01 04:27:19,970 - INFO - ✅ NYSE:CCJ: 1000 سجل جديد، 0 سجل محدث
2025-08-01 04:27:20,030 - INFO - 📊 تم حفظ بيانات جديدة لـ NYSE:CCJ: 1000 صف
2025-08-01 04:27:20,032 - INFO - ✅ NYSE:CCJ: 1000 صف - MongoDB ✅ CSV ✅
2025-08-01 04:27:20,033 - INFO - 🔄 معالجة الرمز: NYSE:CVS
2025-08-01 04:27:21,399 - INFO - ✅ NYSE:UNFI: 1000 سجل جديد، 0 سجل محدث
2025-08-01 04:27:21,423 - INFO - ✅ NYSE:AI: 1000 سجل جديد، 0 سجل محدث
2025-08-01 04:27:21,431 - INFO - 📊 تم حفظ بيانات جديدة لـ NYSE:UNFI: 1000 صف
2025-08-01 04:27:21,438 - INFO - ✅ NYSE:UNFI: 1000 صف - MongoDB ✅ CSV ✅
2025-08-01 04:27:21,439 - INFO - 🔄 معالجة الرمز: NYSE:TTC
2025-08-01 04:27:21,447 - INFO - 📊 تم حفظ بيانات جديدة لـ NYSE:AI: 1000 صف
2025-08-01 04:27:21,448 - INFO - ✅ NYSE:AI: 1000 صف - MongoDB ✅ CSV ✅
2025-08-01 04:27:21,449 - INFO - 🔄 معالجة الرمز: NYSE:CNC
2025-08-01 04:27:23,229 - INFO - ✅ NYSE:CVS: 1000 سجل جديد، 0 سجل محدث
2025-08-01 04:27:23,283 - INFO - 📊 تم حفظ بيانات جديدة لـ NYSE:CVS: 1000 صف
2025-08-01 04:27:23,284 - INFO - ✅ NYSE:CVS: 1000 صف - MongoDB ✅ CSV ✅
2025-08-01 04:27:23,286 - INFO - 🔄 معالجة الرمز: NYSE:CHWY
2025-08-01 04:27:25,355 - INFO - ✅ NYSE:CNC: 1000 سجل جديد، 0 سجل محدث
2025-08-01 04:27:25,412 - INFO - 📊 تم حفظ بيانات جديدة لـ NYSE:CNC: 1000 صف
2025-08-01 04:27:25,413 - INFO - ✅ NYSE:CNC: 1000 صف - MongoDB ✅ CSV ✅
2025-08-01 04:27:25,414 - INFO - 🔄 معالجة الرمز: NYSE:SIG
2025-08-01 04:27:26,113 - INFO - ✅ NYSE:TTC: 1000 سجل جديد، 0 سجل محدث
2025-08-01 04:27:26,144 - INFO - 📊 تم حفظ بيانات جديدة لـ NYSE:TTC: 1000 صف
2025-08-01 04:27:26,144 - INFO - ✅ NYSE:TTC: 1000 صف - MongoDB ✅ CSV ✅
2025-08-01 04:27:26,145 - INFO - 🔄 معالجة الرمز: NYSE:PNC
2025-08-01 04:27:26,930 - INFO - ✅ NYSE:CHWY: 1000 سجل جديد، 0 سجل محدث
2025-08-01 04:27:26,972 - INFO - 📊 تم حفظ بيانات جديدة لـ NYSE:CHWY: 1000 صف
2025-08-01 04:27:26,972 - INFO - ✅ NYSE:CHWY: 1000 صف - MongoDB ✅ CSV ✅
2025-08-01 04:27:26,973 - INFO - 🔄 معالجة الرمز: NYSE:UNH
2025-08-01 04:27:28,876 - INFO - ✅ NYSE:SIG: 1000 سجل جديد، 0 سجل محدث
2025-08-01 04:27:29,101 - INFO - 📊 تم حفظ بيانات جديدة لـ NYSE:SIG: 1000 صف
2025-08-01 04:27:29,132 - INFO - ✅ NYSE:SIG: 1000 صف - MongoDB ✅ CSV ✅
2025-08-01 04:27:29,145 - INFO - 🔄 معالجة الرمز: NYSE:GWW
2025-08-01 04:27:30,872 - INFO - ✅ NYSE:PNC: 1000 سجل جديد، 0 سجل محدث
2025-08-01 04:27:30,905 - INFO - 📊 تم حفظ بيانات جديدة لـ NYSE:PNC: 1000 صف
2025-08-01 04:27:30,905 - INFO - ✅ NYSE:PNC: 1000 صف - MongoDB ✅ CSV ✅
2025-08-01 04:27:30,905 - INFO - 🔄 معالجة الرمز: NYSE:BMY
2025-08-01 04:27:32,981 - INFO - ✅ NYSE:UNH: 1000 سجل جديد، 0 سجل محدث
2025-08-01 04:27:33,004 - INFO - 📊 تم حفظ بيانات جديدة لـ NYSE:UNH: 1000 صف
2025-08-01 04:27:33,004 - INFO - ✅ NYSE:UNH: 1000 صف - MongoDB ✅ CSV ✅
2025-08-01 04:27:33,005 - INFO - 🔄 معالجة الرمز: NYSE:XPEV
2025-08-01 04:27:34,248 - INFO - ✅ NYSE:BMY: 1000 سجل جديد، 0 سجل محدث
2025-08-01 04:27:34,277 - INFO - 📊 تم حفظ بيانات جديدة لـ NYSE:BMY: 1000 صف
2025-08-01 04:27:34,278 - INFO - ✅ NYSE:BMY: 1000 صف - MongoDB ✅ CSV ✅
2025-08-01 04:27:34,278 - INFO - 🔄 معالجة الرمز: NYSE:ELF
2025-08-01 04:27:34,456 - INFO - ✅ NYSE:GWW: 1000 سجل جديد، 0 سجل محدث
2025-08-01 04:27:34,558 - INFO - 📊 تم حفظ بيانات جديدة لـ NYSE:GWW: 1000 صف
2025-08-01 04:27:34,558 - INFO - ✅ NYSE:GWW: 1000 صف - MongoDB ✅ CSV ✅
2025-08-01 04:27:34,558 - INFO - 🔄 معالجة الرمز: NYSE:MDT
2025-08-01 04:27:35,764 - ERROR - Connection to remote host was lost.
2025-08-01 04:27:35,765 - ERROR - لا توجد بيانات، يرجى التحقق من البورصة والرمز
2025-08-01 04:27:35,765 - WARNING - ⚠️ لم يتم جلب بيانات للرمز NYSE:MDT
2025-08-01 04:27:35,765 - INFO - 🔄 معالجة الرمز: NYSE:A
2025-08-01 04:27:35,940 - INFO - ✅ NYSE:XPEV: 1000 سجل جديد، 0 سجل محدث
2025-08-01 04:27:35,956 - INFO - 📊 تم حفظ بيانات جديدة لـ NYSE:XPEV: 1000 صف
2025-08-01 04:27:35,958 - INFO - ✅ NYSE:XPEV: 1000 صف - MongoDB ✅ CSV ✅
2025-08-01 04:27:35,958 - INFO - 🔄 معالجة الرمز: NYSE:ORCL
2025-08-01 04:27:37,077 - INFO - ✅ NYSE:ELF: 1000 سجل جديد، 0 سجل محدث
2025-08-01 04:27:37,096 - INFO - 📊 تم حفظ بيانات جديدة لـ NYSE:ELF: 1000 صف
2025-08-01 04:27:37,097 - INFO - ✅ NYSE:ELF: 1000 صف - MongoDB ✅ CSV ✅
2025-08-01 04:27:37,097 - INFO - 🔄 معالجة الرمز: NYSE:MP
2025-08-01 04:27:40,179 - INFO - ✅ NYSE:ORCL: 1000 سجل جديد، 0 سجل محدث
2025-08-01 04:27:40,199 - INFO - 📊 تم حفظ بيانات جديدة لـ NYSE:ORCL: 1000 صف
2025-08-01 04:27:40,199 - INFO - ✅ NYSE:ORCL: 1000 صف - MongoDB ✅ CSV ✅
2025-08-01 04:27:40,199 - INFO - 🔄 معالجة الرمز: NYSE:TWLO
2025-08-01 04:27:40,258 - INFO - ✅ NYSE:A: 1000 سجل جديد، 0 سجل محدث
2025-08-01 04:27:40,273 - INFO - 📊 تم حفظ بيانات جديدة لـ NYSE:A: 1000 صف
2025-08-01 04:27:40,274 - INFO - ✅ NYSE:A: 1000 صف - MongoDB ✅ CSV ✅
2025-08-01 04:27:40,276 - INFO - 🔄 معالجة الرمز: NYSE:CMG
2025-08-01 04:27:43,132 - INFO - ✅ NYSE:MP: 1000 سجل جديد، 0 سجل محدث
2025-08-01 04:27:43,161 - INFO - 📊 تم حفظ بيانات جديدة لـ NYSE:MP: 1000 صف
2025-08-01 04:27:43,164 - INFO - ✅ NYSE:MP: 1000 صف - MongoDB ✅ CSV ✅
2025-08-01 04:27:43,165 - INFO - 🔄 معالجة الرمز: NYSE:SAVE
2025-08-01 04:27:47,061 - INFO - ✅ NYSE:TWLO: 1000 سجل جديد، 0 سجل محدث
2025-08-01 04:27:47,084 - INFO - 📊 تم حفظ بيانات جديدة لـ NYSE:TWLO: 1000 صف
2025-08-01 04:27:47,085 - INFO - ✅ NYSE:TWLO: 1000 صف - MongoDB ✅ CSV ✅
2025-08-01 04:27:47,085 - INFO - 🔄 معالجة الرمز: NYSE:UAL
2025-08-01 04:27:49,431 - ERROR - Connection timed out
2025-08-01 04:27:49,431 - ERROR - لا توجد بيانات، يرجى التحقق من البورصة والرمز
2025-08-01 04:27:49,432 - WARNING - ⚠️ لم يتم جلب بيانات للرمز NYSE:SAVE
2025-08-01 04:27:49,432 - INFO - 🔄 معالجة الرمز: AMEX:EEM
2025-08-01 04:27:49,617 - ERROR - Connection timed out
2025-08-01 04:27:49,617 - ERROR - لا توجد بيانات، يرجى التحقق من البورصة والرمز
2025-08-01 04:27:49,618 - WARNING - ⚠️ لم يتم جلب بيانات للرمز NYSE:CMG
2025-08-01 04:27:49,618 - INFO - 🔄 معالجة الرمز: AMEX:SPY
2025-08-01 04:27:53,593 - ERROR - Connection timed out
2025-08-01 04:27:53,594 - ERROR - لا توجد بيانات، يرجى التحقق من البورصة والرمز
2025-08-01 04:27:53,594 - WARNING - ⚠️ لم يتم جلب بيانات للرمز NYSE:UAL
2025-08-01 04:27:53,595 - INFO - 🔄 معالجة الرمز: AMEX:VIXY
2025-08-01 04:27:54,310 - INFO - ✅ AMEX:EEM: 1000 سجل جديد، 0 سجل محدث
2025-08-01 04:27:54,339 - INFO - 📊 تم حفظ بيانات جديدة لـ AMEX:EEM: 1000 صف
2025-08-01 04:27:54,340 - INFO - ✅ AMEX:EEM: 1000 صف - MongoDB ✅ CSV ✅
2025-08-01 04:27:54,341 - INFO - 🔄 معالجة الرمز: AMEX:UVXY
2025-08-01 04:27:57,231 - INFO - ✅ AMEX:SPY: 1000 سجل جديد، 0 سجل محدث
2025-08-01 04:27:57,252 - INFO - 📊 تم حفظ بيانات جديدة لـ AMEX:SPY: 1000 صف
2025-08-01 04:27:57,254 - INFO - ✅ AMEX:SPY: 1000 صف - MongoDB ✅ CSV ✅
2025-08-01 04:27:57,256 - INFO - 🔄 معالجة الرمز: AMEX:FRD
2025-08-01 04:27:58,301 - INFO - ✅ AMEX:VIXY: 1000 سجل جديد، 0 سجل محدث
2025-08-01 04:27:58,339 - INFO - 📊 تم حفظ بيانات جديدة لـ AMEX:VIXY: 1000 صف
2025-08-01 04:27:58,339 - INFO - ✅ AMEX:VIXY: 1000 صف - MongoDB ✅ CSV ✅
2025-08-01 04:27:58,340 - INFO - 🔄 معالجة الرمز: AMEX:LABU
2025-08-01 04:28:00,235 - INFO - ✅ AMEX:UVXY: 1000 سجل جديد، 0 سجل محدث
2025-08-01 04:28:00,268 - INFO - 📊 تم حفظ بيانات جديدة لـ AMEX:UVXY: 1000 صف
2025-08-01 04:28:00,269 - INFO - ✅ AMEX:UVXY: 1000 صف - MongoDB ✅ CSV ✅
2025-08-01 04:28:00,270 - INFO - 🔄 معالجة الرمز: AMEX:HYG
2025-08-01 04:28:03,551 - ERROR - Connection timed out
2025-08-01 04:28:03,552 - ERROR - لا توجد بيانات، يرجى التحقق من البورصة والرمز
2025-08-01 04:28:03,552 - WARNING - ⚠️ لم يتم جلب بيانات للرمز AMEX:FRD
2025-08-01 04:28:03,552 - INFO - 🔄 معالجة الرمز: AMEX:USO
2025-08-01 04:28:04,545 - INFO - ✅ AMEX:HYG: 1000 سجل جديد، 0 سجل محدث
2025-08-01 04:28:04,565 - INFO - 📊 تم حفظ بيانات جديدة لـ AMEX:HYG: 1000 صف
2025-08-01 04:28:04,566 - INFO - ✅ AMEX:HYG: 1000 صف - MongoDB ✅ CSV ✅
2025-08-01 04:28:04,566 - INFO - 🔄 معالجة الرمز: AMEX:ARKK
2025-08-01 04:28:06,100 - INFO - ✅ AMEX:LABU: 1000 سجل جديد، 0 سجل محدث
2025-08-01 04:28:06,120 - INFO - 📊 تم حفظ بيانات جديدة لـ AMEX:LABU: 1000 صف
2025-08-01 04:28:06,122 - INFO - ✅ AMEX:LABU: 1000 صف - MongoDB ✅ CSV ✅
2025-08-01 04:28:06,122 - INFO - 🔄 معالجة الرمز: AMEX:XLF
2025-08-01 04:28:08,156 - INFO - ✅ AMEX:USO: 1000 سجل جديد، 0 سجل محدث
2025-08-01 04:28:08,259 - INFO - 📊 تم حفظ بيانات جديدة لـ AMEX:USO: 1000 صف
2025-08-01 04:28:08,275 - INFO - ✅ AMEX:USO: 1000 صف - MongoDB ✅ CSV ✅
2025-08-01 04:28:08,275 - INFO - 🔄 معالجة الرمز: AMEX:XLE
2025-08-01 04:28:10,534 - INFO - ✅ AMEX:ARKK: 1000 سجل جديد، 0 سجل محدث
2025-08-01 04:28:10,538 - INFO - ✅ AMEX:XLF: 1000 سجل جديد، 0 سجل محدث
2025-08-01 04:28:10,561 - INFO - 📊 تم حفظ بيانات جديدة لـ AMEX:ARKK: 1000 صف
2025-08-01 04:28:10,562 - INFO - ✅ AMEX:ARKK: 1000 صف - MongoDB ✅ CSV ✅
2025-08-01 04:28:10,563 - INFO - 🔄 معالجة الرمز: AMEX:XLU
2025-08-01 04:28:10,563 - INFO - 📊 تم حفظ بيانات جديدة لـ AMEX:XLF: 1000 صف
2025-08-01 04:28:10,564 - INFO - ✅ AMEX:XLF: 1000 صف - MongoDB ✅ CSV ✅
2025-08-01 04:28:10,564 - INFO - 🔄 معالجة الرمز: AMEX:XLV
2025-08-01 04:28:15,503 - INFO - ✅ AMEX:XLU: 1000 سجل جديد، 0 سجل محدث
2025-08-01 04:28:15,520 - INFO - 📊 تم حفظ بيانات جديدة لـ AMEX:XLU: 1000 صف
2025-08-01 04:28:15,521 - INFO - ✅ AMEX:XLU: 1000 صف - MongoDB ✅ CSV ✅
2025-08-01 04:28:15,521 - INFO - 🔄 معالجة الرمز: AMEX:XLK
2025-08-01 04:28:15,636 - INFO - ✅ AMEX:XLV: 1000 سجل جديد، 0 سجل محدث
2025-08-01 04:28:15,660 - INFO - 📊 تم حفظ بيانات جديدة لـ AMEX:XLV: 1000 صف
2025-08-01 04:28:15,661 - INFO - ✅ AMEX:XLV: 1000 صف - MongoDB ✅ CSV ✅
2025-08-01 04:28:15,661 - INFO - 🔄 معالجة الرمز: AMEX:XLP
2025-08-01 04:28:16,329 - INFO - ✅ AMEX:XLE: 1000 سجل جديد، 0 سجل محدث
2025-08-01 04:28:16,353 - INFO - 📊 تم حفظ بيانات جديدة لـ AMEX:XLE: 1000 صف
2025-08-01 04:28:16,354 - INFO - ✅ AMEX:XLE: 1000 صف - MongoDB ✅ CSV ✅
2025-08-01 04:28:16,354 - INFO - 🔄 معالجة الرمز: AMEX:XLY
2025-08-01 04:28:20,348 - INFO - ✅ AMEX:XLK: 1000 سجل جديد، 0 سجل محدث
2025-08-01 04:28:20,382 - INFO - 📊 تم حفظ بيانات جديدة لـ AMEX:XLK: 1000 صف
2025-08-01 04:28:20,382 - INFO - ✅ AMEX:XLK: 1000 صف - MongoDB ✅ CSV ✅
2025-08-01 04:28:20,383 - INFO - 🔄 معالجة الرمز: AMEX:XLI
2025-08-01 04:28:21,445 - INFO - ✅ AMEX:XLP: 1000 سجل جديد، 0 سجل محدث
2025-08-01 04:28:21,485 - INFO - 📊 تم حفظ بيانات جديدة لـ AMEX:XLP: 1000 صف
2025-08-01 04:28:21,485 - INFO - ✅ AMEX:XLP: 1000 صف - MongoDB ✅ CSV ✅
2025-08-01 04:28:21,485 - INFO - 🔄 معالجة الرمز: AMEX:XLC
2025-08-01 04:28:23,843 - ERROR - Connection timed out
2025-08-01 04:28:23,843 - ERROR - لا توجد بيانات، يرجى التحقق من البورصة والرمز
2025-08-01 04:28:23,843 - WARNING - ⚠️ لم يتم جلب بيانات للرمز AMEX:XLY
2025-08-01 04:28:23,844 - INFO - 🔄 معالجة الرمز: AMEX:XLB
2025-08-01 04:28:24,431 - INFO - ✅ AMEX:XLI: 1000 سجل جديد، 0 سجل محدث
2025-08-01 04:28:24,445 - INFO - 📊 تم حفظ بيانات جديدة لـ AMEX:XLI: 1000 صف
2025-08-01 04:28:24,445 - INFO - ✅ AMEX:XLI: 1000 صف - MongoDB ✅ CSV ✅
2025-08-01 04:28:24,446 - INFO - 🔄 معالجة الرمز: AMEX:XLRE
2025-08-01 04:28:27,659 - INFO - ✅ AMEX:XLRE: 1000 سجل جديد، 0 سجل محدث
2025-08-01 04:28:27,683 - INFO - 📊 تم حفظ بيانات جديدة لـ AMEX:XLRE: 1000 صف
2025-08-01 04:28:27,685 - INFO - ✅ AMEX:XLRE: 1000 صف - MongoDB ✅ CSV ✅
2025-08-01 04:28:27,685 - INFO - 🔄 معالجة الرمز: AMEX:FXI
2025-08-01 04:28:27,798 - INFO - ✅ AMEX:XLB: 1000 سجل جديد، 0 سجل محدث
2025-08-01 04:28:27,824 - INFO - 📊 تم حفظ بيانات جديدة لـ AMEX:XLB: 1000 صف
2025-08-01 04:28:27,825 - INFO - ✅ AMEX:XLB: 1000 صف - MongoDB ✅ CSV ✅
2025-08-01 04:28:27,825 - INFO - 🔄 معالجة الرمز: BINANCE:BTCUSD
2025-08-01 04:28:30,503 - INFO - ✅ AMEX:XLC: 1000 سجل جديد، 0 سجل محدث
2025-08-01 04:28:30,522 - INFO - 📊 تم حفظ بيانات جديدة لـ AMEX:XLC: 1000 صف
2025-08-01 04:28:30,525 - INFO - ✅ AMEX:XLC: 1000 صف - MongoDB ✅ CSV ✅
2025-08-01 04:28:30,525 - INFO - 🔄 معالجة الرمز: BINANCE:BTCUSDT
2025-08-01 04:28:31,621 - INFO - ✅ AMEX:FXI: 1000 سجل جديد، 0 سجل محدث
2025-08-01 04:28:31,645 - INFO - 📊 تم حفظ بيانات جديدة لـ AMEX:FXI: 1000 صف
2025-08-01 04:28:31,645 - INFO - ✅ AMEX:FXI: 1000 صف - MongoDB ✅ CSV ✅
2025-08-01 04:28:31,645 - INFO - 🔄 معالجة الرمز: BINANCE:BNBUSDT
2025-08-01 04:28:33,347 - INFO - ✅ BINANCE:BTCUSDT: 0 سجل جديد، 1000 سجل محدث
2025-08-01 04:28:33,366 - INFO - 📊 تم حفظ بيانات جديدة لـ BINANCE:BTCUSDT: 1000 صف
2025-08-01 04:28:33,367 - INFO - ✅ BINANCE:BTCUSDT: 1000 صف - MongoDB ✅ CSV ✅
2025-08-01 04:28:33,368 - INFO - 🔄 معالجة الرمز: BINANCE:XRPUSD
2025-08-01 04:28:34,857 - INFO - ✅ BINANCE:BNBUSDT: 1000 سجل جديد، 0 سجل محدث
2025-08-01 04:28:34,879 - INFO - 📊 تم حفظ بيانات جديدة لـ BINANCE:BNBUSDT: 1000 صف
2025-08-01 04:28:34,880 - INFO - ✅ BINANCE:BNBUSDT: 1000 صف - MongoDB ✅ CSV ✅
2025-08-01 04:28:34,880 - INFO - 🔄 معالجة الرمز: BINANCE:XRPUSDT
2025-08-01 04:28:36,525 - INFO - ✅ BINANCE:BTCUSD: 1000 سجل جديد، 0 سجل محدث
2025-08-01 04:28:36,543 - INFO - 📊 تم حفظ بيانات جديدة لـ BINANCE:BTCUSD: 1000 صف
2025-08-01 04:28:36,543 - INFO - ✅ BINANCE:BTCUSD: 1000 صف - MongoDB ✅ CSV ✅
2025-08-01 04:28:36,544 - INFO - 🔄 معالجة الرمز: BINANCE:DOGEUSDT
2025-08-01 04:28:37,403 - INFO - ✅ BINANCE:XRPUSDT: 1000 سجل جديد، 0 سجل محدث
2025-08-01 04:28:37,423 - INFO - 📊 تم حفظ بيانات جديدة لـ BINANCE:XRPUSDT: 1000 صف
2025-08-01 04:28:37,424 - INFO - ✅ BINANCE:XRPUSDT: 1000 صف - MongoDB ✅ CSV ✅
2025-08-01 04:28:37,425 - INFO - 🔄 معالجة الرمز: BINANCE:SOLUSDT
2025-08-01 04:28:39,469 - INFO - ✅ BINANCE:DOGEUSDT: 1000 سجل جديد، 0 سجل محدث
2025-08-01 04:28:39,510 - INFO - 📊 تم حفظ بيانات جديدة لـ BINANCE:DOGEUSDT: 1000 صف
2025-08-01 04:28:39,510 - INFO - ✅ BINANCE:DOGEUSDT: 1000 صف - MongoDB ✅ CSV ✅
2025-08-01 04:28:39,511 - INFO - 🔄 معالجة الرمز: BINANCE:ETHUSDT
2025-08-01 04:28:40,484 - INFO - ✅ BINANCE:SOLUSDT: 1000 سجل جديد، 0 سجل محدث
2025-08-01 04:28:40,506 - INFO - 📊 تم حفظ بيانات جديدة لـ BINANCE:SOLUSDT: 1000 صف
2025-08-01 04:28:40,507 - INFO - ✅ BINANCE:SOLUSDT: 1000 صف - MongoDB ✅ CSV ✅
2025-08-01 04:28:40,508 - INFO - 🔄 معالجة الرمز: BINANCE:WIFUSDT
2025-08-01 04:28:41,512 - ERROR - Connection to remote host was lost.
2025-08-01 04:28:41,513 - ERROR - لا توجد بيانات، يرجى التحقق من البورصة والرمز
2025-08-01 04:28:41,513 - WARNING - ⚠️ لم يتم جلب بيانات للرمز BINANCE:WIFUSDT
2025-08-01 04:28:41,513 - INFO - 🔄 معالجة الرمز: BINANCE:HFTUSDT
2025-08-01 04:28:42,259 - INFO - ✅ BINANCE:ETHUSDT: 0 سجل جديد، 1000 سجل محدث
2025-08-01 04:28:42,289 - INFO - 📊 تم حفظ بيانات جديدة لـ BINANCE:ETHUSDT: 1000 صف
2025-08-01 04:28:42,290 - INFO - ✅ BINANCE:ETHUSDT: 1000 صف - MongoDB ✅ CSV ✅
2025-08-01 04:28:42,291 - INFO - 🔄 معالجة الرمز: BINANCE:ENSUSDT
2025-08-01 04:28:44,540 - INFO - ✅ BINANCE:XRPUSD: 1000 سجل جديد، 0 سجل محدث
2025-08-01 04:28:44,557 - INFO - 📊 تم حفظ بيانات جديدة لـ BINANCE:XRPUSD: 1000 صف
2025-08-01 04:28:44,560 - INFO - ✅ BINANCE:XRPUSD: 1000 صف - MongoDB ✅ CSV ✅
2025-08-01 04:28:44,560 - INFO - 🔄 معالجة الرمز: BINANCE:FTMUSDT
2025-08-01 04:28:45,453 - INFO - ✅ BINANCE:ENSUSDT: 1000 سجل جديد، 0 سجل محدث
2025-08-01 04:28:45,479 - INFO - 📊 تم حفظ بيانات جديدة لـ BINANCE:ENSUSDT: 1000 صف
2025-08-01 04:28:45,480 - INFO - ✅ BINANCE:ENSUSDT: 1000 صف - MongoDB ✅ CSV ✅
2025-08-01 04:28:45,480 - INFO - 🔄 معالجة الرمز: BINANCE:AUCTIONUSDT
2025-08-01 04:28:48,562 - INFO - ✅ BINANCE:AUCTIONUSDT: 1000 سجل جديد، 0 سجل محدث
2025-08-01 04:28:48,577 - INFO - 📊 تم حفظ بيانات جديدة لـ BINANCE:AUCTIONUSDT: 1000 صف
2025-08-01 04:28:48,577 - INFO - ✅ BINANCE:AUCTIONUSDT: 1000 صف - MongoDB ✅ CSV ✅
2025-08-01 04:28:48,578 - INFO - 🔄 معالجة الرمز: BINANCE:LUNAUSDT
2025-08-01 04:28:50,408 - ERROR - Connection timed out
2025-08-01 04:28:50,409 - ERROR - لا توجد بيانات، يرجى التحقق من البورصة والرمز
2025-08-01 04:28:50,410 - WARNING - ⚠️ لم يتم جلب بيانات للرمز BINANCE:FTMUSDT
2025-08-01 04:28:50,411 - INFO - 🔄 معالجة الرمز: TVC:DJI
2025-08-01 04:28:50,540 - INFO - ✅ BINANCE:HFTUSDT: 1000 سجل جديد، 0 سجل محدث
2025-08-01 04:28:50,566 - INFO - 📊 تم حفظ بيانات جديدة لـ BINANCE:HFTUSDT: 1000 صف
2025-08-01 04:28:50,567 - INFO - ✅ BINANCE:HFTUSDT: 1000 صف - MongoDB ✅ CSV ✅
2025-08-01 04:28:50,569 - INFO - 🔄 معالجة الرمز: TVC:SPX
2025-08-01 04:28:53,795 - INFO - ✅ TVC:SPX: 1000 سجل جديد، 0 سجل محدث
2025-08-01 04:28:53,820 - INFO - 📊 تم حفظ بيانات جديدة لـ TVC:SPX: 1000 صف
2025-08-01 04:28:53,824 - INFO - ✅ TVC:SPX: 1000 صف - MongoDB ✅ CSV ✅
2025-08-01 04:28:53,825 - INFO - 🔄 معالجة الرمز: OANDA:US30USD
2025-08-01 04:28:53,901 - INFO - ✅ TVC:DJI: 1000 سجل جديد، 0 سجل محدث
2025-08-01 04:28:53,918 - INFO - 📊 تم حفظ بيانات جديدة لـ TVC:DJI: 1000 صف
2025-08-01 04:28:53,919 - INFO - ✅ TVC:DJI: 1000 صف - MongoDB ✅ CSV ✅
2025-08-01 04:28:53,919 - INFO - 🔄 معالجة الرمز: OANDA:NAS100USD
2025-08-01 04:28:56,036 - INFO - ✅ BINANCE:LUNAUSDT: 1000 سجل جديد، 0 سجل محدث
2025-08-01 04:28:56,178 - INFO - 📊 تم حفظ بيانات جديدة لـ BINANCE:LUNAUSDT: 1000 صف
2025-08-01 04:28:56,178 - INFO - ✅ BINANCE:LUNAUSDT: 1000 صف - MongoDB ✅ CSV ✅
2025-08-01 04:28:56,179 - INFO - 🔄 معالجة الرمز: TVC:VIX
2025-08-01 04:28:57,419 - INFO - ✅ OANDA:NAS100USD: 1000 سجل جديد، 0 سجل محدث
2025-08-01 04:28:57,444 - INFO - 📊 تم حفظ بيانات جديدة لـ OANDA:NAS100USD: 1000 صف
2025-08-01 04:28:57,446 - INFO - ✅ OANDA:NAS100USD: 1000 صف - MongoDB ✅ CSV ✅
2025-08-01 04:28:57,447 - INFO - 🔄 معالجة الرمز: TVC:DXY
2025-08-01 04:28:59,472 - INFO - ✅ TVC:VIX: 1000 سجل جديد، 0 سجل محدث
2025-08-01 04:28:59,495 - INFO - 📊 تم حفظ بيانات جديدة لـ TVC:VIX: 1000 صف
2025-08-01 04:28:59,499 - INFO - ✅ TVC:VIX: 1000 صف - MongoDB ✅ CSV ✅
2025-08-01 04:28:59,499 - INFO - 🔄 معالجة الرمز: TVC:NIKKEI
2025-08-01 04:29:00,491 - INFO - ✅ TVC:DXY: 1000 سجل جديد، 0 سجل محدث
2025-08-01 04:29:00,510 - INFO - 📊 تم حفظ بيانات جديدة لـ TVC:DXY: 1000 صف
2025-08-01 04:29:00,510 - INFO - ✅ TVC:DXY: 1000 صف - MongoDB ✅ CSV ✅
2025-08-01 04:29:00,511 - INFO - 🔄 معالجة الرمز: TVC:SPX500
2025-08-01 04:29:03,511 - INFO - ✅ OANDA:US30USD: 1000 سجل جديد، 0 سجل محدث
2025-08-01 04:29:03,528 - INFO - 📊 تم حفظ بيانات جديدة لـ OANDA:US30USD: 1000 صف
2025-08-01 04:29:03,530 - INFO - ✅ OANDA:US30USD: 1000 صف - MongoDB ✅ CSV ✅
2025-08-01 04:29:03,530 - INFO - 🔄 معالجة الرمز: OANDA:US500
2025-08-01 04:29:05,285 - ERROR - Connection timed out
2025-08-01 04:29:05,287 - ERROR - لا توجد بيانات، يرجى التحقق من البورصة والرمز
2025-08-01 04:29:05,288 - WARNING - ⚠️ لم يتم جلب بيانات للرمز TVC:NIKKEI
2025-08-01 04:29:05,289 - INFO - 🔄 معالجة الرمز: TVC:VVIX
2025-08-01 04:29:06,377 - ERROR - Connection timed out
2025-08-01 04:29:06,377 - ERROR - لا توجد بيانات، يرجى التحقق من البورصة والرمز
2025-08-01 04:29:06,378 - WARNING - ⚠️ لم يتم جلب بيانات للرمز TVC:SPX500
2025-08-01 04:29:06,379 - INFO - 🔄 معالجة الرمز: TVC:XSP
2025-08-01 04:29:09,319 - ERROR - Connection timed out
2025-08-01 04:29:09,320 - ERROR - لا توجد بيانات، يرجى التحقق من البورصة والرمز
2025-08-01 04:29:09,321 - WARNING - ⚠️ لم يتم جلب بيانات للرمز OANDA:US500
2025-08-01 04:29:09,322 - INFO - 🔄 معالجة الرمز: TVC:UKOIL
2025-08-01 04:29:11,084 - ERROR - Connection timed out
2025-08-01 04:29:11,085 - ERROR - لا توجد بيانات، يرجى التحقق من البورصة والرمز
2025-08-01 04:29:11,086 - WARNING - ⚠️ لم يتم جلب بيانات للرمز TVC:VVIX
2025-08-01 04:29:11,087 - INFO - 🔄 معالجة الرمز: NYMEX:CL1!
2025-08-01 04:29:12,390 - ERROR - Connection timed out
2025-08-01 04:29:12,391 - ERROR - لا توجد بيانات، يرجى التحقق من البورصة والرمز
2025-08-01 04:29:12,391 - WARNING - ⚠️ لم يتم جلب بيانات للرمز TVC:XSP
2025-08-01 04:29:12,391 - INFO - 🔄 معالجة الرمز: CME:NQ1!
2025-08-01 04:29:14,111 - INFO - ✅ TVC:UKOIL: 1000 سجل جديد، 0 سجل محدث
2025-08-01 04:29:14,142 - INFO - 📊 تم حفظ بيانات جديدة لـ TVC:UKOIL: 1000 صف
2025-08-01 04:29:14,142 - INFO - ✅ TVC:UKOIL: 1000 صف - MongoDB ✅ CSV ✅
2025-08-01 04:29:14,143 - INFO - 🔄 معالجة الرمز: CME:ES1!
2025-08-01 04:29:17,029 - INFO - ✅ NYMEX:CL1!: 1000 سجل جديد، 0 سجل محدث
2025-08-01 04:29:17,055 - INFO - 📊 تم حفظ بيانات جديدة لـ NYMEX:CL1!: 1000 صف
2025-08-01 04:29:17,058 - INFO - ✅ NYMEX:CL1!: 1000 صف - MongoDB ✅ CSV ✅
2025-08-01 04:29:17,059 - INFO - 🔄 معالجة الرمز: TADAWUL:TASI
2025-08-01 04:29:18,772 - ERROR - Connection timed out
2025-08-01 04:29:18,772 - ERROR - لا توجد بيانات، يرجى التحقق من البورصة والرمز
2025-08-01 04:29:18,773 - WARNING - ⚠️ لم يتم جلب بيانات للرمز CME:NQ1!
2025-08-01 04:29:18,773 - INFO - 🔄 معالجة الرمز: TADAWUL:MT30
2025-08-01 04:29:20,344 - ERROR - Connection timed out
2025-08-01 04:29:20,345 - ERROR - لا توجد بيانات، يرجى التحقق من البورصة والرمز
2025-08-01 04:29:20,346 - WARNING - ⚠️ لم يتم جلب بيانات للرمز CME:ES1!
2025-08-01 04:29:20,379 - INFO - 🔄 معالجة الرمز: TADAWUL:4011
2025-08-01 04:29:22,160 - INFO - ✅ TADAWUL:MT30: 1000 سجل جديد، 0 سجل محدث
2025-08-01 04:29:22,197 - INFO - 📊 تم حفظ بيانات جديدة لـ TADAWUL:MT30: 1000 صف
2025-08-01 04:29:22,197 - INFO - ✅ TADAWUL:MT30: 1000 صف - MongoDB ✅ CSV ✅
2025-08-01 04:29:22,198 - INFO - 🔄 معالجة الرمز: TADAWUL:2240
2025-08-01 04:29:24,167 - INFO - ✅ TADAWUL:4011: 1000 سجل جديد، 0 سجل محدث
2025-08-01 04:29:24,206 - INFO - 📊 تم حفظ بيانات جديدة لـ TADAWUL:4011: 1000 صف
2025-08-01 04:29:24,206 - INFO - ✅ TADAWUL:4011: 1000 صف - MongoDB ✅ CSV ✅
2025-08-01 04:29:24,207 - INFO - 🔄 معالجة الرمز: TADAWUL:2001
2025-08-01 04:29:25,070 - INFO - ✅ TADAWUL:TASI: 0 سجل جديد، 1000 سجل محدث
2025-08-01 04:29:25,086 - INFO - 📊 تم حفظ بيانات جديدة لـ TADAWUL:TASI: 1000 صف
2025-08-01 04:29:25,087 - INFO - ✅ TADAWUL:TASI: 1000 صف - MongoDB ✅ CSV ✅
2025-08-01 04:29:25,988 - INFO - ✅ TADAWUL:2240: 1000 سجل جديد، 0 سجل محدث
2025-08-01 04:29:26,002 - INFO - 📊 تم حفظ بيانات جديدة لـ TADAWUL:2240: 1000 صف
2025-08-01 04:29:26,002 - INFO - ✅ TADAWUL:2240: 1000 صف - MongoDB ✅ CSV ✅
2025-08-01 04:29:27,251 - INFO - ✅ TADAWUL:2001: 1000 سجل جديد، 0 سجل محدث
2025-08-01 04:29:27,273 - INFO - 📊 تم حفظ بيانات جديدة لـ TADAWUL:2001: 1000 صف
2025-08-01 04:29:27,274 - INFO - ✅ TADAWUL:2001: 1000 صف - MongoDB ✅ CSV ✅
2025-08-01 04:29:27,276 - INFO - 
📊 ملخص جمع البيانات:
2025-08-01 04:29:27,276 - INFO - ✅ نجح: 219/257 رمز
2025-08-01 04:29:27,276 - INFO - 💾 إجمالي الصفوف: 219000
2025-08-01 04:29:27,276 - INFO - 🗄️ تم الحفظ في MongoDB: TradingViewData
2025-08-01 04:29:27,277 - INFO - 
🎉 اكتمل جمع البيانات!
2025-08-01 04:29:27,277 - INFO - ✅ تم معالجة 219 رمز بنجاح
2025-08-01 04:29:27,277 - INFO -   📈 NASDAQ:ATYR: 1000 صف
2025-08-01 04:29:27,278 - INFO -   📈 NASDAQ:GOOGL: 1000 صف
2025-08-01 04:29:27,278 - INFO -   📈 NASDAQ:MSFT: 1000 صف
2025-08-01 04:29:27,278 - INFO -   📈 NASDAQ:TSLA: 1000 صف
2025-08-01 04:29:27,278 - INFO -   📈 NASDAQ:AMZN: 1000 صف
2025-08-01 04:29:27,279 - INFO -   📈 NASDAQ:META: 1000 صف
2025-08-01 04:29:27,279 - INFO -   📈 NASDAQ:NVDA: 1000 صف
2025-08-01 04:29:27,279 - INFO -   📈 NASDAQ:AMD: 1000 صف
2025-08-01 04:29:27,279 - INFO -   📈 NASDAQ:INTC: 1000 صف
2025-08-01 04:29:27,279 - INFO -   📈 NASDAQ:NFLX: 1000 صف
2025-08-01 04:29:27,280 - INFO -   📈 NASDAQ:ADBE: 1000 صف
2025-08-01 04:29:27,280 - INFO -   📈 NASDAQ:COIN: 1000 صف
2025-08-01 04:29:27,280 - INFO -   📈 NASDAQ:MSTR: 1000 صف
2025-08-01 04:29:27,280 - INFO -   📈 NASDAQ:EBAY: 1000 صف
2025-08-01 04:29:27,280 - INFO -   📈 NASDAQ:PYPL: 1000 صف
2025-08-01 04:29:27,281 - INFO -   📈 NASDAQ:ZM: 1000 صف
2025-08-01 04:29:27,281 - INFO -   📈 NASDAQ:LULU: 1000 صف
2025-08-01 04:29:27,281 - INFO -   📈 NASDAQ:ROKU: 1000 صف
2025-08-01 04:29:27,281 - INFO -   📈 NASDAQ:MRNA: 1000 صف
2025-08-01 04:29:27,282 - INFO -   📈 NASDAQ:BNTX: 1000 صف
2025-08-01 04:29:27,282 - INFO -   📈 NASDAQ:ENPH: 1000 صف
2025-08-01 04:29:27,282 - INFO -   📈 NASDAQ:LCID: 1000 صف
2025-08-01 04:29:27,282 - INFO -   📈 NASDAQ:RIVN: 1000 صف
2025-08-01 04:29:27,283 - INFO -   📈 NASDAQ:CRWD: 1000 صف
2025-08-01 04:29:27,283 - INFO -   📈 NASDAQ:BIDU: 1000 صف
2025-08-01 04:29:27,283 - INFO -   📈 NASDAQ:JD: 1000 صف
2025-08-01 04:29:27,284 - INFO -   📈 NASDAQ:HOLO: 1000 صف
2025-08-01 04:29:27,284 - INFO -   📈 NASDAQ:OKTA: 1000 صف
2025-08-01 04:29:27,285 - INFO -   📈 NASDAQ:MDB: 1000 صف
2025-08-01 04:29:27,285 - INFO -   📈 NASDAQ:QQQ: 1000 صف
2025-08-01 04:29:27,285 - INFO -   📈 NASDAQ:GILD: 1000 صف
2025-08-01 04:29:27,285 - INFO -   📈 NASDAQ:QCOM: 1000 صف
2025-08-01 04:29:27,285 - INFO -   📈 NASDAQ:SQQQ: 1000 صف
2025-08-01 04:29:27,286 - INFO -   📈 NASDAQ:SERA: 1000 صف
2025-08-01 04:29:27,286 - INFO -   📈 NASDAQ:SBUX: 1000 صف
2025-08-01 04:29:27,286 - INFO -   📈 NASDAQ:ABNB: 1000 صف
2025-08-01 04:29:27,286 - INFO -   📈 NASDAQ:MU: 1000 صف
2025-08-01 04:29:27,287 - INFO -   📈 NASDAQ:LMFA: 1000 صف
2025-08-01 04:29:27,287 - INFO -   📈 NASDAQ:UPST: 1000 صف
2025-08-01 04:29:27,288 - INFO -   📈 NASDAQ:INTU: 1000 صف
2025-08-01 04:29:27,288 - INFO -   📈 NASDAQ:CTSH: 1000 صف
2025-08-01 04:29:27,289 - INFO -   📈 NASDAQ:TNXP: 1000 صف
2025-08-01 04:29:27,290 - INFO -   📈 NASDAQ:LI: 1000 صف
2025-08-01 04:29:27,290 - INFO -   📈 NASDAQ:THFF: 1000 صف
2025-08-01 04:29:27,291 - INFO -   📈 NASDAQ:USEG: 1000 صف
2025-08-01 04:29:27,291 - INFO -   📈 NASDAQ:ON: 1000 صف
2025-08-01 04:29:27,291 - INFO -   📈 NASDAQ:BKNG: 1000 صف
2025-08-01 04:29:27,293 - INFO -   📈 NASDAQ:NVAX: 1000 صف
2025-08-01 04:29:27,294 - INFO -   📈 NASDAQ:CYN: 1000 صف
2025-08-01 04:29:27,294 - INFO -   📈 NASDAQ:CSCO: 1000 صف
2025-08-01 04:29:27,294 - INFO -   📈 NASDAQ:DGLY: 1000 صف
2025-08-01 04:29:27,295 - INFO -   📈 NASDAQ:SPTN: 1000 صف
2025-08-01 04:29:27,295 - INFO -   📈 NASDAQ:AMAT: 1000 صف
2025-08-01 04:29:27,295 - INFO -   📈 NASDAQ:MTCH: 1000 صف
2025-08-01 04:29:27,295 - INFO -   📈 NASDAQ:WDAY: 1000 صف
2025-08-01 04:29:27,296 - INFO -   📈 NASDAQ:BCDA: 1000 صف
2025-08-01 04:29:27,296 - INFO -   📈 NASDAQ:FSLR: 1000 صف
2025-08-01 04:29:27,296 - INFO -   📈 NASDAQ:REGN: 1000 صف
2025-08-01 04:29:27,296 - INFO -   📈 NASDAQ:WEN: 1000 صف
2025-08-01 04:29:27,297 - INFO -   📈 NASDAQ:ATXG: 1000 صف
2025-08-01 04:29:27,297 - INFO -   📈 NASDAQ:MULN: 1000 صف
2025-08-01 04:29:27,297 - INFO -   📈 NASDAQ:GCTK: 1000 صف
2025-08-01 04:29:27,297 - INFO -   📈 NASDAQ:LAZR: 1000 صف
2025-08-01 04:29:27,298 - INFO -   📈 NASDAQ:TEAM: 1000 صف
2025-08-01 04:29:27,298 - INFO -   📈 NASDAQ:PDD: 1000 صف
2025-08-01 04:29:27,298 - INFO -   📈 NASDAQ:TMUS: 1000 صف
2025-08-01 04:29:27,298 - INFO -   📈 NASDAQ:MRVL: 1000 صف
2025-08-01 04:29:27,299 - INFO -   📈 NASDAQ:ASML: 1000 صف
2025-08-01 04:29:27,299 - INFO -   📈 NASDAQ:SNPS: 1000 صف
2025-08-01 04:29:27,299 - INFO -   📈 NASDAQ:AVGO: 1000 صف
2025-08-01 04:29:27,299 - INFO -   📈 NASDAQ:MELI: 1000 صف
2025-08-01 04:29:27,300 - INFO -   📈 NASDAQ:ORLY: 1000 صف
2025-08-01 04:29:27,300 - INFO -   📈 NASDAQ:ADI: 1000 صف
2025-08-01 04:29:27,301 - INFO -   📈 NASDAQ:CHTR: 1000 صف
2025-08-01 04:29:27,301 - INFO -   📈 NASDAQ:LRCX: 1000 صف
2025-08-01 04:29:27,301 - INFO -   📈 NASDAQ:PSNY: 1000 صف
2025-08-01 04:29:27,301 - INFO -   📈 NASDAQ:TCOM: 1000 صف
2025-08-01 04:29:27,302 - INFO -   📈 NASDAQ:ATLX: 1000 صف
2025-08-01 04:29:27,302 - INFO -   📈 NASDAQ:VBNK: 1000 صف
2025-08-01 04:29:27,302 - INFO -   📈 NASDAQ:WBA: 1000 صف
2025-08-01 04:29:27,302 - INFO -   📈 NASDAQ:WW: 1000 صف
2025-08-01 04:29:27,303 - INFO -   📈 NASDAQ:PENN: 1000 صف
2025-08-01 04:29:27,303 - INFO -   📈 NASDAQ:CROX: 1000 صف
2025-08-01 04:29:27,303 - INFO -   📈 NASDAQ:JBHT: 1000 صف
2025-08-01 04:29:27,303 - INFO -   📈 NASDAQ:SMCI: 1000 صف
2025-08-01 04:29:27,304 - INFO -   📈 NASDAQ:CRSP: 1000 صف
2025-08-01 04:29:27,304 - INFO -   📈 NASDAQ:MARA: 1000 صف
2025-08-01 04:29:27,304 - INFO -   📈 NASDAQ:CAR: 1000 صف
2025-08-01 04:29:27,307 - INFO -   📈 NASDAQ:SWKS: 1000 صف
2025-08-01 04:29:27,308 - INFO -   📈 NASDAQ:INVZ: 1000 صف
2025-08-01 04:29:27,308 - INFO -   📈 NASDAQ:VGLT: 1000 صف
2025-08-01 04:29:27,309 - INFO -   📈 NASDAQ:ARM: 1000 صف
2025-08-01 04:29:27,309 - INFO -   📈 NYSE:MMM: 1000 صف
2025-08-01 04:29:27,309 - INFO -   📈 NYSE:SHAK: 1000 صف
2025-08-01 04:29:27,309 - INFO -   📈 NYSE:RBLX: 1000 صف
2025-08-01 04:29:27,310 - INFO -   📈 NYSE:WELL: 1000 صف
2025-08-01 04:29:27,310 - INFO -   📈 NYSE:SPCE: 1000 صف
2025-08-01 04:29:27,310 - INFO -   📈 NYSE:GS: 1000 صف
2025-08-01 04:29:27,310 - INFO -   📈 NYSE:AMC: 1000 صف
2025-08-01 04:29:27,310 - INFO -   📈 NYSE:GE: 1000 صف
2025-08-01 04:29:27,311 - INFO -   📈 NYSE:FDX: 1000 صف
2025-08-01 04:29:27,311 - INFO -   📈 NYSE:NKE: 1000 صف
2025-08-01 04:29:27,311 - INFO -   📈 NYSE:BAC: 1000 صف
2025-08-01 04:29:27,311 - INFO -   📈 NYSE:U: 1000 صف
2025-08-01 04:29:27,311 - INFO -   📈 NYSE:HSY: 1000 صف
2025-08-01 04:29:27,312 - INFO -   📈 NYSE:SQ: 1000 صف
2025-08-01 04:29:27,312 - INFO -   📈 NYSE:PFE: 1000 صف
2025-08-01 04:29:27,312 - INFO -   📈 NYSE:SNOW: 1000 صف
2025-08-01 04:29:27,312 - INFO -   📈 NYSE:SNAP: 1000 صف
2025-08-01 04:29:27,313 - INFO -   📈 NYSE:DIS: 1000 صف
2025-08-01 04:29:27,313 - INFO -   📈 NYSE:HD: 1000 صف
2025-08-01 04:29:27,313 - INFO -   📈 NYSE:JNJ: 1000 صف
2025-08-01 04:29:27,313 - INFO -   📈 NYSE:WFC: 1000 صف
2025-08-01 04:29:27,313 - INFO -   📈 NYSE:PG: 1000 صف
2025-08-01 04:29:27,314 - INFO -   📈 NYSE:MCD: 1000 صف
2025-08-01 04:29:27,314 - INFO -   📈 NYSE:X: 1000 صف
2025-08-01 04:29:27,314 - INFO -   📈 NYSE:LMT: 1000 صف
2025-08-01 04:29:27,315 - INFO -   📈 NYSE:SWK: 1000 صف
2025-08-01 04:29:27,315 - INFO -   📈 NYSE:SYK: 1000 صف
2025-08-01 04:29:27,315 - INFO -   📈 NYSE:IBM: 1000 صف
2025-08-01 04:29:27,316 - INFO -   📈 NYSE:CF: 1000 صف
2025-08-01 04:29:27,316 - INFO -   📈 NYSE:BBWI: 1000 صف
2025-08-01 04:29:27,316 - INFO -   📈 NYSE:NIO: 1000 صف
2025-08-01 04:29:27,316 - INFO -   📈 NYSE:GME: 1000 صف
2025-08-01 04:29:27,317 - INFO -   📈 NYSE:AA: 1000 صف
2025-08-01 04:29:27,317 - INFO -   📈 NYSE:BBY: 1000 صف
2025-08-01 04:29:27,317 - INFO -   📈 NYSE:EOG: 1000 صف
2025-08-01 04:29:27,318 - INFO -   📈 NYSE:MA: 1000 صف
2025-08-01 04:29:27,318 - INFO -   📈 NYSE:V: 1000 صف
2025-08-01 04:29:27,318 - INFO -   📈 NYSE:NTR: 1000 صف
2025-08-01 04:29:27,318 - INFO -   📈 NYSE:GRMN: 1000 صف
2025-08-01 04:29:27,318 - INFO -   📈 NYSE:WMT: 1000 صف
2025-08-01 04:29:27,319 - INFO -   📈 NYSE:TSN: 1000 صف
2025-08-01 04:29:27,319 - INFO -   📈 NYSE:D: 1000 صف
2025-08-01 04:29:27,319 - INFO -   📈 NYSE:RL: 1000 صف
2025-08-01 04:29:27,320 - INFO -   📈 NYSE:KOS: 1000 صف
2025-08-01 04:29:27,320 - INFO -   📈 NYSE:DINO: 1000 صف
2025-08-01 04:29:27,320 - INFO -   📈 NYSE:LOW: 1000 صف
2025-08-01 04:29:27,320 - INFO -   📈 NYSE:TGT: 1000 صف
2025-08-01 04:29:27,321 - INFO -   📈 NYSE:TJX: 1000 صف
2025-08-01 04:29:27,321 - INFO -   📈 NYSE:KSS: 1000 صف
2025-08-01 04:29:27,321 - INFO -   📈 NYSE:BJ: 1000 صف
2025-08-01 04:29:27,321 - INFO -   📈 NYSE:TPR: 1000 صف
2025-08-01 04:29:27,322 - INFO -   📈 NYSE:SQM: 1000 صف
2025-08-01 04:29:27,322 - INFO -   📈 NYSE:SPOT: 1000 صف
2025-08-01 04:29:27,322 - INFO -   📈 NYSE:FL: 1000 صف
2025-08-01 04:29:27,323 - INFO -   📈 NYSE:VIPS: 1000 صف
2025-08-01 04:29:27,323 - INFO -   📈 NYSE:ZIM: 1000 صف
2025-08-01 04:29:27,323 - INFO -   📈 NYSE:VZ: 1000 صف
2025-08-01 04:29:27,323 - INFO -   📈 NYSE:HKD: 1000 صف
2025-08-01 04:29:27,323 - INFO -   📈 NYSE:RRC: 1000 صف
2025-08-01 04:29:27,324 - INFO -   📈 NYSE:NOW: 1000 صف
2025-08-01 04:29:27,324 - INFO -   📈 NYSE:PAYC: 1000 صف
2025-08-01 04:29:27,324 - INFO -   📈 NYSE:CLX: 1000 صف
2025-08-01 04:29:27,325 - INFO -   📈 NYSE:HPE: 1000 صف
2025-08-01 04:29:27,325 - INFO -   📈 NYSE:HPQ: 1000 صف
2025-08-01 04:29:27,325 - INFO -   📈 NYSE:UHAL: 1000 صف
2025-08-01 04:29:27,325 - INFO -   📈 NYSE:AI: 1000 صف
2025-08-01 04:29:27,326 - INFO -   📈 NYSE:CCJ: 1000 صف
2025-08-01 04:29:27,326 - INFO -   📈 NYSE:UNFI: 1000 صف
2025-08-01 04:29:27,326 - INFO -   📈 NYSE:CVS: 1000 صف
2025-08-01 04:29:27,326 - INFO -   📈 NYSE:TTC: 1000 صف
2025-08-01 04:29:27,326 - INFO -   📈 NYSE:CNC: 1000 صف
2025-08-01 04:29:27,327 - INFO -   📈 NYSE:CHWY: 1000 صف
2025-08-01 04:29:27,327 - INFO -   📈 NYSE:SIG: 1000 صف
2025-08-01 04:29:27,327 - INFO -   📈 NYSE:PNC: 1000 صف
2025-08-01 04:29:27,327 - INFO -   📈 NYSE:UNH: 1000 صف
2025-08-01 04:29:27,328 - INFO -   📈 NYSE:GWW: 1000 صف
2025-08-01 04:29:27,328 - INFO -   📈 NYSE:BMY: 1000 صف
2025-08-01 04:29:27,328 - INFO -   📈 NYSE:XPEV: 1000 صف
2025-08-01 04:29:27,328 - INFO -   📈 NYSE:ELF: 1000 صف
2025-08-01 04:29:27,328 - INFO -   📈 NYSE:A: 1000 صف
2025-08-01 04:29:27,329 - INFO -   📈 NYSE:ORCL: 1000 صف
2025-08-01 04:29:27,329 - INFO -   📈 NYSE:MP: 1000 صف
2025-08-01 04:29:27,329 - INFO -   📈 NYSE:TWLO: 1000 صف
2025-08-01 04:29:27,329 - INFO -   📈 AMEX:EEM: 1000 صف
2025-08-01 04:29:27,330 - INFO -   📈 AMEX:SPY: 1000 صف
2025-08-01 04:29:27,330 - INFO -   📈 AMEX:VIXY: 1000 صف
2025-08-01 04:29:27,330 - INFO -   📈 AMEX:UVXY: 1000 صف
2025-08-01 04:29:27,330 - INFO -   📈 AMEX:LABU: 1000 صف
2025-08-01 04:29:27,331 - INFO -   📈 AMEX:HYG: 1000 صف
2025-08-01 04:29:27,331 - INFO -   📈 AMEX:USO: 1000 صف
2025-08-01 04:29:27,331 - INFO -   📈 AMEX:ARKK: 1000 صف
2025-08-01 04:29:27,331 - INFO -   📈 AMEX:XLF: 1000 صف
2025-08-01 04:29:27,332 - INFO -   📈 AMEX:XLE: 1000 صف
2025-08-01 04:29:27,332 - INFO -   📈 AMEX:XLU: 1000 صف
2025-08-01 04:29:27,332 - INFO -   📈 AMEX:XLV: 1000 صف
2025-08-01 04:29:27,332 - INFO -   📈 AMEX:XLK: 1000 صف
2025-08-01 04:29:27,333 - INFO -   📈 AMEX:XLP: 1000 صف
2025-08-01 04:29:27,333 - INFO -   📈 AMEX:XLI: 1000 صف
2025-08-01 04:29:27,333 - INFO -   📈 AMEX:XLC: 1000 صف
2025-08-01 04:29:27,334 - INFO -   📈 AMEX:XLB: 1000 صف
2025-08-01 04:29:27,334 - INFO -   📈 AMEX:XLRE: 1000 صف
2025-08-01 04:29:27,335 - INFO -   📈 AMEX:FXI: 1000 صف
2025-08-01 04:29:27,335 - INFO -   📈 BINANCE:BTCUSD: 1000 صف
2025-08-01 04:29:27,335 - INFO -   📈 BINANCE:BTCUSDT: 1000 صف
2025-08-01 04:29:27,337 - INFO -   📈 BINANCE:BNBUSDT: 1000 صف
2025-08-01 04:29:27,337 - INFO -   📈 BINANCE:XRPUSD: 1000 صف
2025-08-01 04:29:27,337 - INFO -   📈 BINANCE:XRPUSDT: 1000 صف
2025-08-01 04:29:27,338 - INFO -   📈 BINANCE:DOGEUSDT: 1000 صف
2025-08-01 04:29:27,338 - INFO -   📈 BINANCE:SOLUSDT: 1000 صف
2025-08-01 04:29:27,338 - INFO -   📈 BINANCE:ETHUSDT: 1000 صف
2025-08-01 04:29:27,338 - INFO -   📈 BINANCE:HFTUSDT: 1000 صف
2025-08-01 04:29:27,338 - INFO -   📈 BINANCE:ENSUSDT: 1000 صف
2025-08-01 04:29:27,339 - INFO -   📈 BINANCE:AUCTIONUSDT: 1000 صف
2025-08-01 04:29:27,340 - INFO -   📈 BINANCE:LUNAUSDT: 1000 صف
2025-08-01 04:29:27,340 - INFO -   📈 TVC:DJI: 1000 صف
2025-08-01 04:29:27,340 - INFO -   📈 TVC:SPX: 1000 صف
2025-08-01 04:29:27,340 - INFO -   📈 OANDA:US30USD: 1000 صف
2025-08-01 04:29:27,341 - INFO -   📈 OANDA:NAS100USD: 1000 صف
2025-08-01 04:29:27,341 - INFO -   📈 TVC:VIX: 1000 صف
2025-08-01 04:29:27,341 - INFO -   📈 TVC:DXY: 1000 صف
2025-08-01 04:29:27,341 - INFO -   📈 TVC:UKOIL: 1000 صف
2025-08-01 04:29:27,342 - INFO -   📈 NYMEX:CL1!: 1000 صف
2025-08-01 04:29:27,342 - INFO -   📈 TADAWUL:TASI: 1000 صف
2025-08-01 04:29:27,342 - INFO -   📈 TADAWUL:MT30: 1000 صف
2025-08-01 04:29:27,342 - INFO -   📈 TADAWUL:4011: 1000 صف
2025-08-01 04:29:27,342 - INFO -   📈 TADAWUL:2240: 1000 صف
2025-08-01 04:29:27,343 - INFO -   📈 TADAWUL:2001: 1000 صف
2025-08-01 04:29:29,210 - INFO - تم إغلاق الاتصال مع MongoDB
2025-08-01 04:29:29,211 - INFO - تم إنهاء البرنامج
